{"numFailedTestSuites":33,"numFailedTests":78,"numPassedTestSuites":54,"numPassedTests":850,"numPendingTestSuites":0,"numPendingTests":0,"numRuntimeErrorTestSuites":12,"numTodoTests":0,"numTotalTestSuites":87,"numTotalTests":928,"openHandles":[],"snapshot":{"added":0,"didUpdate":false,"failure":false,"filesAdded":0,"filesRemoved":0,"filesRemovedList":[],"filesUnmatched":0,"filesUpdated":0,"matched":0,"total":0,"unchecked":0,"uncheckedKeysByFile":[],"unmatched":0,"updated":0},"startTime":1753650515227,"success":false,"testResults":[{"assertionResults":[{"ancestorTitles":["CreateAdminUseCase","execute"],"duration":32,"failing":false,"failureDetails":[{"matcherResult":{"message":"expect(received).toMatchObject(expected)\n\n- Expected  -  0\n+ Received  + 10\n\n@@ -6,11 +6,21 @@\n      \"reservations\": true,\n      \"settings\": false,\n      \"users\": false,\n    },\n    \"user\": Object {\n+     \"email\": undefined,\n+     \"id\": Object {\n+       \"createdAt\": 2025-07-27T21:08:37.869Z,\n        \"email\": \"test@example.com\",\n        \"id\": \"user-1\",\n+       \"isActive\": true,\n+       \"lastLoginAt\": null,\n        \"name\": \"테스트 사용자\",\n+       \"phoneNumber\": \"010-1234-5678\",\n+       \"profileImageUrl\": null,\n+       \"role\": \"user\",\n+       \"updatedAt\": 2025-07-27T21:08:37.869Z,\n+     },\n    },\n    \"userId\": \"user-1\",\n  }","pass":false}}],"failureMessages":["Error: expect(received).toMatchObject(expected)\n\n- Expected  -  0\n+ Received  + 10\n\n@@ -6,11 +6,21 @@\n      \"reservations\": true,\n      \"settings\": false,\n      \"users\": false,\n    },\n    \"user\": Object {\n+     \"email\": undefined,\n+     \"id\": Object {\n+       \"createdAt\": 2025-07-27T21:08:37.869Z,\n        \"email\": \"test@example.com\",\n        \"id\": \"user-1\",\n+       \"isActive\": true,\n+       \"lastLoginAt\": null,\n        \"name\": \"테스트 사용자\",\n+       \"phoneNumber\": \"010-1234-5678\",\n+       \"profileImageUrl\": null,\n+       \"role\": \"user\",\n+       \"updatedAt\": 2025-07-27T21:08:37.869Z,\n+     },\n    },\n    \"userId\": \"user-1\",\n  }\n    at Object.<anonymous> (/Users/seeheejang/Documents/project/gameplaza-v2/src/application/use-cases/admin/__tests__/create-admin.use-case.test.ts:88:22)\n    at processTicksAndRejections (node:internal/process/task_queues:105:5)"],"fullName":"CreateAdminUseCase execute 슈퍼관리자가 일반 관리자를 생성할 수 있다","invocations":1,"location":null,"numPassingAsserts":0,"retryReasons":[],"startAt":1753650517871,"status":"failed","title":"슈퍼관리자가 일반 관리자를 생성할 수 있다"},{"ancestorTitles":["CreateAdminUseCase","execute"],"duration":1,"failing":false,"failureDetails":[],"failureMessages":[],"fullName":"CreateAdminUseCase execute 슈퍼관리자가 다른 슈퍼관리자를 생성할 수 있다","invocations":1,"location":null,"numPassingAsserts":1,"retryReasons":[],"startAt":1753650517915,"status":"passed","title":"슈퍼관리자가 다른 슈퍼관리자를 생성할 수 있다"},{"ancestorTitles":["CreateAdminUseCase","execute"],"duration":37,"failing":false,"failureDetails":[],"failureMessages":[],"fullName":"CreateAdminUseCase execute 실행자가 슈퍼관리자가 아니면 에러가 발생한다","invocations":1,"location":null,"numPassingAsserts":1,"retryReasons":[],"startAt":1753650517916,"status":"passed","title":"실행자가 슈퍼관리자가 아니면 에러가 발생한다"},{"ancestorTitles":["CreateAdminUseCase","execute"],"duration":16,"failing":false,"failureDetails":[],"failureMessages":[],"fullName":"CreateAdminUseCase execute 대상 사용자가 존재하지 않으면 에러가 발생한다","invocations":1,"location":null,"numPassingAsserts":1,"retryReasons":[],"startAt":1753650517957,"status":"passed","title":"대상 사용자가 존재하지 않으면 에러가 발생한다"},{"ancestorTitles":["CreateAdminUseCase","execute"],"duration":15,"failing":false,"failureDetails":[],"failureMessages":[],"fullName":"CreateAdminUseCase execute 이미 관리자로 등록된 사용자는 에러가 발생한다","invocations":1,"location":null,"numPassingAsserts":1,"retryReasons":[],"startAt":1753650517973,"status":"passed","title":"이미 관리자로 등록된 사용자는 에러가 발생한다"},{"ancestorTitles":["CreateAdminUseCase","execute"],"duration":1,"failing":false,"failureDetails":[],"failureMessages":[],"fullName":"CreateAdminUseCase execute 실행자가 존재하지 않으면 에러가 발생한다","invocations":1,"location":null,"numPassingAsserts":1,"retryReasons":[],"startAt":1753650517988,"status":"passed","title":"실행자가 존재하지 않으면 에러가 발생한다"}],"endTime":1753650518024,"message":"  ● CreateAdminUseCase › execute › 슈퍼관리자가 일반 관리자를 생성할 수 있다\n\n    expect(received).toMatchObject(expected)\n\n    - Expected  -  0\n    + Received  + 10\n\n    @@ -6,11 +6,21 @@\n          \"reservations\": true,\n          \"settings\": false,\n          \"users\": false,\n        },\n        \"user\": Object {\n    +     \"email\": undefined,\n    +     \"id\": Object {\n    +       \"createdAt\": 2025-07-27T21:08:37.869Z,\n            \"email\": \"test@example.com\",\n            \"id\": \"user-1\",\n    +       \"isActive\": true,\n    +       \"lastLoginAt\": null,\n            \"name\": \"테스트 사용자\",\n    +       \"phoneNumber\": \"010-1234-5678\",\n    +       \"profileImageUrl\": null,\n    +       \"role\": \"user\",\n    +       \"updatedAt\": 2025-07-27T21:08:37.869Z,\n    +     },\n        },\n        \"userId\": \"user-1\",\n      }\n\n      86 |\n      87 |       // Then\n    > 88 |       expect(result).toMatchObject({\n         |                      ^\n      89 |         userId: 'user-1',\n      90 |         permissions: request.permissions,\n      91 |         isSuperAdmin: false,\n\n      at Object.<anonymous> (src/application/use-cases/admin/__tests__/create-admin.use-case.test.ts:88:22)\n","name":"/Users/seeheejang/Documents/project/gameplaza-v2/src/application/use-cases/admin/__tests__/create-admin.use-case.test.ts","startTime":1753650516097,"status":"failed","summary":""},{"assertionResults":[{"ancestorTitles":["GetAdminDetailUseCase","execute"],"duration":21,"failing":false,"failureDetails":[{"matcherResult":{"actual":{"id":"admin-regular-1","userId":"user-regular-1","user":{"id":"user-regular-1","email":"admin@example.com","profileImageUrl":"https://example.com/profile.jpg"},"permissions":{"reservations":true,"users":false,"devices":true,"cms":false,"settings":false},"isSuperAdmin":false,"createdAt":{},"updatedAt":{}},"expected":{"id":"admin-regular-1","userId":"user-regular-1","user":{"id":"user-regular-1","email":"admin@example.com","name":"관리자","profileImageUrl":"https://example.com/profile.jpg"},"permissions":{"reservations":true,"users":false,"devices":true,"cms":false,"settings":false},"isSuperAdmin":false,"createdAt":{},"updatedAt":{}},"message":"expect(received).toEqual(expected) // deep equality\n\n- Expected  - 1\n+ Received  + 1\n\n@@ -10,11 +10,11 @@\n      \"users\": false,\n    },\n    \"updatedAt\": 2025-07-27T21:08:37.858Z,\n    \"user\": Object {\n      \"email\": \"admin@example.com\",\n+     \"fullName\": undefined,\n      \"id\": \"user-regular-1\",\n-     \"name\": \"관리자\",\n      \"profileImageUrl\": \"https://example.com/profile.jpg\",\n    },\n    \"userId\": \"user-regular-1\",\n  }","name":"toEqual","pass":false}}],"failureMessages":["Error: expect(received).toEqual(expected) // deep equality\n\n- Expected  - 1\n+ Received  + 1\n\n@@ -10,11 +10,11 @@\n      \"users\": false,\n    },\n    \"updatedAt\": 2025-07-27T21:08:37.858Z,\n    \"user\": Object {\n      \"email\": \"admin@example.com\",\n+     \"fullName\": undefined,\n      \"id\": \"user-regular-1\",\n-     \"name\": \"관리자\",\n      \"profileImageUrl\": \"https://example.com/profile.jpg\",\n    },\n    \"userId\": \"user-regular-1\",\n  }\n    at Object.<anonymous> (/Users/seeheejang/Documents/project/gameplaza-v2/src/application/use-cases/admin/__tests__/get-admin-detail.use-case.test.ts:93:22)\n    at processTicksAndRejections (node:internal/process/task_queues:105:5)"],"fullName":"GetAdminDetailUseCase execute 슈퍼관리자가 일반 관리자의 상세 정보를 조회할 수 있다","invocations":1,"location":null,"numPassingAsserts":0,"retryReasons":[],"startAt":1753650517898,"status":"failed","title":"슈퍼관리자가 일반 관리자의 상세 정보를 조회할 수 있다"},{"ancestorTitles":["GetAdminDetailUseCase","execute"],"duration":3,"failing":false,"failureDetails":[{"matcherResult":{"message":"expect(received).toMatchObject(expected)\n\n- Expected  - 1\n+ Received  + 0\n\n@@ -9,9 +9,8 @@\n      \"users\": true,\n    },\n    \"user\": Object {\n      \"email\": \"super2@example.com\",\n      \"id\": \"user-super-2\",\n-     \"name\": \"슈퍼관리자2\",\n    },\n    \"userId\": \"user-super-2\",\n  }","pass":false}}],"failureMessages":["Error: expect(received).toMatchObject(expected)\n\n- Expected  - 1\n+ Received  + 0\n\n@@ -9,9 +9,8 @@\n      \"users\": true,\n    },\n    \"user\": Object {\n      \"email\": \"super2@example.com\",\n      \"id\": \"user-super-2\",\n-     \"name\": \"슈퍼관리자2\",\n    },\n    \"userId\": \"user-super-2\",\n  }\n    at Object.<anonymous> (/Users/seeheejang/Documents/project/gameplaza-v2/src/application/use-cases/admin/__tests__/get-admin-detail.use-case.test.ts:149:22)\n    at processTicksAndRejections (node:internal/process/task_queues:105:5)"],"fullName":"GetAdminDetailUseCase execute 슈퍼관리자가 다른 슈퍼관리자의 상세 정보를 조회할 수 있다","invocations":1,"location":null,"numPassingAsserts":0,"retryReasons":[],"startAt":1753650517960,"status":"failed","title":"슈퍼관리자가 다른 슈퍼관리자의 상세 정보를 조회할 수 있다"},{"ancestorTitles":["GetAdminDetailUseCase","execute"],"duration":3,"failing":false,"failureDetails":[],"failureMessages":[],"fullName":"GetAdminDetailUseCase execute 실행자가 슈퍼관리자가 아니면 에러가 발생한다","invocations":1,"location":null,"numPassingAsserts":1,"retryReasons":[],"startAt":1753650517963,"status":"passed","title":"실행자가 슈퍼관리자가 아니면 에러가 발생한다"},{"ancestorTitles":["GetAdminDetailUseCase","execute"],"duration":1,"failing":false,"failureDetails":[],"failureMessages":[],"fullName":"GetAdminDetailUseCase execute 대상 관리자가 존재하지 않으면 에러가 발생한다","invocations":1,"location":null,"numPassingAsserts":1,"retryReasons":[],"startAt":1753650517966,"status":"passed","title":"대상 관리자가 존재하지 않으면 에러가 발생한다"},{"ancestorTitles":["GetAdminDetailUseCase","execute"],"duration":0,"failing":false,"failureDetails":[],"failureMessages":[],"fullName":"GetAdminDetailUseCase execute 사용자 정보가 없으면 에러가 발생한다","invocations":1,"location":null,"numPassingAsserts":1,"retryReasons":[],"startAt":1753650517967,"status":"passed","title":"사용자 정보가 없으면 에러가 발생한다"},{"ancestorTitles":["GetAdminDetailUseCase","execute"],"duration":1,"failing":false,"failureDetails":[],"failureMessages":[],"fullName":"GetAdminDetailUseCase execute 실행자가 존재하지 않으면 에러가 발생한다","invocations":1,"location":null,"numPassingAsserts":1,"retryReasons":[],"startAt":1753650517967,"status":"passed","title":"실행자가 존재하지 않으면 에러가 발생한다"},{"ancestorTitles":["GetAdminDetailUseCase","execute"],"duration":1,"failing":false,"failureDetails":[],"failureMessages":[],"fullName":"GetAdminDetailUseCase execute 자기 자신의 정보도 조회할 수 있다","invocations":1,"location":null,"numPassingAsserts":1,"retryReasons":[],"startAt":1753650517968,"status":"passed","title":"자기 자신의 정보도 조회할 수 있다"}],"endTime":1753650518042,"message":"  ● GetAdminDetailUseCase › execute › 슈퍼관리자가 일반 관리자의 상세 정보를 조회할 수 있다\n\n    expect(received).toEqual(expected) // deep equality\n\n    - Expected  - 1\n    + Received  + 1\n\n    @@ -10,11 +10,11 @@\n          \"users\": false,\n        },\n        \"updatedAt\": 2025-07-27T21:08:37.858Z,\n        \"user\": Object {\n          \"email\": \"admin@example.com\",\n    +     \"fullName\": undefined,\n          \"id\": \"user-regular-1\",\n    -     \"name\": \"관리자\",\n          \"profileImageUrl\": \"https://example.com/profile.jpg\",\n        },\n        \"userId\": \"user-regular-1\",\n      }\n\n      91 |\n      92 |       // Then\n    > 93 |       expect(result).toEqual({\n         |                      ^\n      94 |         id: 'admin-regular-1',\n      95 |         userId: 'user-regular-1',\n      96 |         user: {\n\n      at Object.<anonymous> (src/application/use-cases/admin/__tests__/get-admin-detail.use-case.test.ts:93:22)\n\n  ● GetAdminDetailUseCase › execute › 슈퍼관리자가 다른 슈퍼관리자의 상세 정보를 조회할 수 있다\n\n    expect(received).toMatchObject(expected)\n\n    - Expected  - 1\n    + Received  + 0\n\n    @@ -9,9 +9,8 @@\n          \"users\": true,\n        },\n        \"user\": Object {\n          \"email\": \"super2@example.com\",\n          \"id\": \"user-super-2\",\n    -     \"name\": \"슈퍼관리자2\",\n        },\n        \"userId\": \"user-super-2\",\n      }\n\n      147 |\n      148 |       // Then\n    > 149 |       expect(result).toMatchObject({\n          |                      ^\n      150 |         id: 'admin-super-2',\n      151 |         userId: 'user-super-2',\n      152 |         user: {\n\n      at Object.<anonymous> (src/application/use-cases/admin/__tests__/get-admin-detail.use-case.test.ts:149:22)\n","name":"/Users/seeheejang/Documents/project/gameplaza-v2/src/application/use-cases/admin/__tests__/get-admin-detail.use-case.test.ts","startTime":1753650516042,"status":"failed","summary":""},{"assertionResults":[{"ancestorTitles":["ApproveReservationUseCase","execute"],"duration":38,"failing":false,"failureDetails":[],"failureMessages":[],"fullName":"ApproveReservationUseCase execute 관리자만 예약을 승인할 수 있다","invocations":1,"location":null,"numPassingAsserts":1,"retryReasons":[],"startAt":1753650518100,"status":"passed","title":"관리자만 예약을 승인할 수 있다"},{"ancestorTitles":["ApproveReservationUseCase","execute"],"duration":22,"failing":false,"failureDetails":[],"failureMessages":[],"fullName":"ApproveReservationUseCase execute 대기 중인 예약만 승인할 수 있다","invocations":1,"location":null,"numPassingAsserts":1,"retryReasons":[],"startAt":1753650518139,"status":"passed","title":"대기 중인 예약만 승인할 수 있다"},{"ancestorTitles":["ApproveReservationUseCase","execute"],"duration":18,"failing":false,"failureDetails":[],"failureMessages":[],"fullName":"ApproveReservationUseCase execute 사용 가능한 기기가 없으면 에러 발생","invocations":1,"location":null,"numPassingAsserts":1,"retryReasons":[],"startAt":1753650518162,"status":"passed","title":"사용 가능한 기기가 없으면 에러 발생"},{"ancestorTitles":["ApproveReservationUseCase","execute"],"duration":1,"failing":false,"failureDetails":[{}],"failureMessages":["Error: 사용 가능한 기기가 없습니다\n    at ApproveReservationUseCase.execute (/Users/seeheejang/Documents/project/gameplaza-v2/src/application/use-cases/reservation/approve-reservation.use-case.ts:62:13)\n    at processTicksAndRejections (node:internal/process/task_queues:105:5)\n    at Object.<anonymous> (/Users/seeheejang/Documents/project/gameplaza-v2/src/application/use-cases/reservation/__tests__/approve-reservation.use-case.test.ts:179:22)"],"fullName":"ApproveReservationUseCase execute 예약을 성공적으로 승인하고 기기 번호를 할당한다","invocations":1,"location":null,"numPassingAsserts":0,"retryReasons":[],"startAt":1753650518180,"status":"failed","title":"예약을 성공적으로 승인하고 기기 번호를 할당한다"}],"endTime":1753650518243,"message":"  ● ApproveReservationUseCase › execute › 예약을 성공적으로 승인하고 기기 번호를 할당한다\n\n    사용 가능한 기기가 없습니다\n\n      60 |\n      61 |     if (!availableDeviceNumber) {\n    > 62 |       throw new Error('사용 가능한 기기가 없습니다')\n         |             ^\n      63 |     }\n      64 |\n      65 |     // 5. 예약 승인 및 기기 번호 할당\n\n      at ApproveReservationUseCase.execute (src/application/use-cases/reservation/approve-reservation.use-case.ts:62:13)\n      at Object.<anonymous> (src/application/use-cases/reservation/__tests__/approve-reservation.use-case.test.ts:179:22)\n","name":"/Users/seeheejang/Documents/project/gameplaza-v2/src/application/use-cases/reservation/__tests__/approve-reservation.use-case.test.ts","startTime":1753650516064,"status":"failed","summary":""},{"assertionResults":[{"ancestorTitles":["GetCheckInDetailsUseCase","execute"],"duration":28,"failing":false,"failureDetails":[{"matcherResult":{"actual":"Unknown","expected":"홍길동","message":"expect(received).toBe(expected) // Object.is equality\n\nExpected: \"홍길동\"\nReceived: \"Unknown\"","name":"toBe","pass":false}}],"failureMessages":["Error: expect(received).toBe(expected) // Object.is equality\n\nExpected: \"홍길동\"\nReceived: \"Unknown\"\n    at Object.<anonymous> (/Users/seeheejang/Documents/project/gameplaza-v2/src/application/use-cases/checkin/__tests__/get-checkin-details.use-case.test.ts:139:52)\n    at processTicksAndRejections (node:internal/process/task_queues:105:5)"],"fullName":"GetCheckInDetailsUseCase execute 체크인 상세 정보를 성공적으로 조회한다","invocations":1,"location":null,"numPassingAsserts":3,"retryReasons":[],"startAt":1753650518089,"status":"failed","title":"체크인 상세 정보를 성공적으로 조회한다"},{"ancestorTitles":["GetCheckInDetailsUseCase","execute"],"duration":15,"failing":false,"failureDetails":[],"failureMessages":[],"fullName":"GetCheckInDetailsUseCase execute 체크인 정보를 찾을 수 없으면 에러를 던진다","invocations":1,"location":null,"numPassingAsserts":1,"retryReasons":[],"startAt":1753650518135,"status":"passed","title":"체크인 정보를 찾을 수 없으면 에러를 던진다"},{"ancestorTitles":["GetCheckInDetailsUseCase","execute"],"duration":2,"failing":false,"failureDetails":[],"failureMessages":[],"fullName":"GetCheckInDetailsUseCase execute 관련 정보가 없어도 체크인 정보는 반환한다","invocations":1,"location":null,"numPassingAsserts":4,"retryReasons":[],"startAt":1753650518150,"status":"passed","title":"관련 정보가 없어도 체크인 정보는 반환한다"},{"ancestorTitles":["GetCheckInDetailsUseCase","execute"],"duration":8,"failing":false,"failureDetails":[],"failureMessages":[],"fullName":"GetCheckInDetailsUseCase execute 예약은 있지만 사용자 정보가 없어도 처리된다","invocations":1,"location":null,"numPassingAsserts":2,"retryReasons":[],"startAt":1753650518152,"status":"passed","title":"예약은 있지만 사용자 정보가 없어도 처리된다"},{"ancestorTitles":["GetCheckInDetailsUseCase","execute"],"duration":103,"failing":false,"failureDetails":[],"failureMessages":[],"fullName":"GetCheckInDetailsUseCase execute 병렬로 관련 정보를 조회한다","invocations":1,"location":null,"numPassingAsserts":1,"retryReasons":[],"startAt":1753650518161,"status":"passed","title":"병렬로 관련 정보를 조회한다"}],"endTime":1753650518297,"message":"  ● GetCheckInDetailsUseCase › execute › 체크인 상세 정보를 성공적으로 조회한다\n\n    expect(received).toBe(expected) // Object.is equality\n\n    Expected: \"홍길동\"\n    Received: \"Unknown\"\n\n      137 |       expect(result.checkIn.id).toBe('checkin-123');\n      138 |       expect(result.checkIn.reservation).toBeDefined();\n    > 139 |       expect(result.checkIn.reservation?.userName).toBe('홍길동');\n          |                                                    ^\n      140 |       expect(result.checkIn.reservation?.reservationNumber).toBe('GP-20250124-1234');\n      141 |       expect(result.checkIn.device).toBeDefined();\n      142 |       expect(result.checkIn.device?.deviceNumber).toBe('PC-01');\n\n      at Object.<anonymous> (src/application/use-cases/checkin/__tests__/get-checkin-details.use-case.test.ts:139:52)\n","name":"/Users/seeheejang/Documents/project/gameplaza-v2/src/application/use-cases/checkin/__tests__/get-checkin-details.use-case.test.ts","startTime":1753650516023,"status":"failed","summary":""},{"assertionResults":[{"ancestorTitles":["GetActiveCheckInsUseCase","execute"],"duration":5,"failing":false,"failureDetails":[{"matcherResult":{"actual":"Unknown","expected":"사용자1","message":"expect(received).toBe(expected) // Object.is equality\n\nExpected: \"사용자1\"\nReceived: \"Unknown\"","name":"toBe","pass":false}}],"failureMessages":["Error: expect(received).toBe(expected) // Object.is equality\n\nExpected: \"사용자1\"\nReceived: \"Unknown\"\n    at Object.<anonymous> (/Users/seeheejang/Documents/project/gameplaza-v2/src/application/use-cases/checkin/__tests__/get-active-checkins.use-case.test.ts:124:48)\n    at processTicksAndRejections (node:internal/process/task_queues:105:5)"],"fullName":"GetActiveCheckInsUseCase execute 전체 활성 체크인 목록을 조회한다","invocations":1,"location":null,"numPassingAsserts":2,"retryReasons":[],"startAt":1753650518247,"status":"failed","title":"전체 활성 체크인 목록을 조회한다"},{"ancestorTitles":["GetActiveCheckInsUseCase","execute"],"duration":2,"failing":false,"failureDetails":[],"failureMessages":[],"fullName":"GetActiveCheckInsUseCase execute 특정 기기의 활성 체크인만 조회한다","invocations":1,"location":null,"numPassingAsserts":3,"retryReasons":[],"startAt":1753650518307,"status":"passed","title":"특정 기기의 활성 체크인만 조회한다"},{"ancestorTitles":["GetActiveCheckInsUseCase","execute"],"duration":1,"failing":false,"failureDetails":[],"failureMessages":[],"fullName":"GetActiveCheckInsUseCase execute 결제 대기 중인 체크인을 제외하고 조회한다","invocations":1,"location":null,"numPassingAsserts":2,"retryReasons":[],"startAt":1753650518309,"status":"passed","title":"결제 대기 중인 체크인을 제외하고 조회한다"},{"ancestorTitles":["GetActiveCheckInsUseCase","execute"],"duration":0,"failing":false,"failureDetails":[],"failureMessages":[],"fullName":"GetActiveCheckInsUseCase execute 결제 대기 중인 체크인을 포함하여 조회한다","invocations":1,"location":null,"numPassingAsserts":1,"retryReasons":[],"startAt":1753650518310,"status":"passed","title":"결제 대기 중인 체크인을 포함하여 조회한다"},{"ancestorTitles":["GetActiveCheckInsUseCase","execute"],"duration":0,"failing":false,"failureDetails":[],"failureMessages":[],"fullName":"GetActiveCheckInsUseCase execute 활성 체크인이 없을 때 빈 배열을 반환한다","invocations":1,"location":null,"numPassingAsserts":2,"retryReasons":[],"startAt":1753650518311,"status":"passed","title":"활성 체크인이 없을 때 빈 배열을 반환한다"},{"ancestorTitles":["GetActiveCheckInsUseCase","execute"],"duration":1,"failing":false,"failureDetails":[],"failureMessages":[],"fullName":"GetActiveCheckInsUseCase execute 관련 정보가 없어도 체크인 요약 정보를 반환한다","invocations":1,"location":null,"numPassingAsserts":4,"retryReasons":[],"startAt":1753650518311,"status":"passed","title":"관련 정보가 없어도 체크인 요약 정보를 반환한다"},{"ancestorTitles":["GetActiveCheckInsUseCase","execute"],"duration":1,"failing":false,"failureDetails":[{"matcherResult":{"actual":"Unknown","expected":"사용자1","message":"expect(received).toBe(expected) // Object.is equality\n\nExpected: \"사용자1\"\nReceived: \"Unknown\"","name":"toBe","pass":false}}],"failureMessages":["Error: expect(received).toBe(expected) // Object.is equality\n\nExpected: \"사용자1\"\nReceived: \"Unknown\"\n    at Object.<anonymous> (/Users/seeheejang/Documents/project/gameplaza-v2/src/application/use-cases/checkin/__tests__/get-active-checkins.use-case.test.ts:265:48)\n    at processTicksAndRejections (node:internal/process/task_queues:105:5)"],"fullName":"GetActiveCheckInsUseCase execute 중복된 사용자 ID를 효율적으로 처리한다","invocations":1,"location":null,"numPassingAsserts":2,"retryReasons":[],"startAt":1753650518312,"status":"failed","title":"중복된 사용자 ID를 효율적으로 처리한다"}],"endTime":1753650518356,"message":"  ● GetActiveCheckInsUseCase › execute › 전체 활성 체크인 목록을 조회한다\n\n    expect(received).toBe(expected) // Object.is equality\n\n    Expected: \"사용자1\"\n    Received: \"Unknown\"\n\n      122 |       expect(result.data.checkIns).toHaveLength(2);\n      123 |       expect(result.data.totalCount).toBe(2);\n    > 124 |       expect(result.data.checkIns[0].userName).toBe('사용자1');\n          |                                                ^\n      125 |       expect(result.data.checkIns[1].userName).toBe('사용자2');\n      126 |     });\n      127 |\n\n      at Object.<anonymous> (src/application/use-cases/checkin/__tests__/get-active-checkins.use-case.test.ts:124:48)\n\n  ● GetActiveCheckInsUseCase › execute › 중복된 사용자 ID를 효율적으로 처리한다\n\n    expect(received).toBe(expected) // Object.is equality\n\n    Expected: \"사용자1\"\n    Received: \"Unknown\"\n\n      263 |       expect(userRepository.findById).toHaveBeenCalledTimes(1);\n      264 |       expect(result.data.checkIns).toHaveLength(2);\n    > 265 |       expect(result.data.checkIns[0].userName).toBe('사용자1');\n          |                                                ^\n      266 |       expect(result.data.checkIns[1].userName).toBe('사용자1');\n      267 |     });\n      268 |   });\n\n      at Object.<anonymous> (src/application/use-cases/checkin/__tests__/get-active-checkins.use-case.test.ts:265:48)\n","name":"/Users/seeheejang/Documents/project/gameplaza-v2/src/application/use-cases/checkin/__tests__/get-active-checkins.use-case.test.ts","startTime":1753650518044,"status":"failed","summary":""},{"assertionResults":[{"ancestorTitles":["ProcessCheckInUseCase","정상적인 체크인 처리"],"duration":38,"failing":false,"failureDetails":[],"failureMessages":[],"fullName":"ProcessCheckInUseCase 정상적인 체크인 처리 예약 시간 30분 전에 체크인할 수 있다","invocations":1,"location":null,"numPassingAsserts":7,"retryReasons":[],"startAt":1753650518130,"status":"passed","title":"예약 시간 30분 전에 체크인할 수 있다"},{"ancestorTitles":["ProcessCheckInUseCase","정상적인 체크인 처리"],"duration":21,"failing":false,"failureDetails":[],"failureMessages":[],"fullName":"ProcessCheckInUseCase 정상적인 체크인 처리 예약 시간 정각에 체크인할 수 있다","invocations":1,"location":null,"numPassingAsserts":4,"retryReasons":[],"startAt":1753650518168,"status":"passed","title":"예약 시간 정각에 체크인할 수 있다"},{"ancestorTitles":["ProcessCheckInUseCase","체크인 실패 케이스"],"duration":44,"failing":false,"failureDetails":[],"failureMessages":[],"fullName":"ProcessCheckInUseCase 체크인 실패 케이스 관리자가 아닌 사용자는 체크인을 처리할 수 없다","invocations":1,"location":null,"numPassingAsserts":1,"retryReasons":[],"startAt":1753650518189,"status":"passed","title":"관리자가 아닌 사용자는 체크인을 처리할 수 없다"},{"ancestorTitles":["ProcessCheckInUseCase","체크인 실패 케이스"],"duration":1,"failing":false,"failureDetails":[],"failureMessages":[],"fullName":"ProcessCheckInUseCase 체크인 실패 케이스 존재하지 않는 예약은 체크인할 수 없다","invocations":1,"location":null,"numPassingAsserts":1,"retryReasons":[],"startAt":1753650518233,"status":"passed","title":"존재하지 않는 예약은 체크인할 수 없다"},{"ancestorTitles":["ProcessCheckInUseCase","체크인 실패 케이스"],"duration":1,"failing":false,"failureDetails":[],"failureMessages":[],"fullName":"ProcessCheckInUseCase 체크인 실패 케이스 승인되지 않은 예약은 체크인할 수 없다","invocations":1,"location":null,"numPassingAsserts":1,"retryReasons":[],"startAt":1753650518235,"status":"passed","title":"승인되지 않은 예약은 체크인할 수 없다"},{"ancestorTitles":["ProcessCheckInUseCase","체크인 실패 케이스"],"duration":1,"failing":false,"failureDetails":[],"failureMessages":[],"fullName":"ProcessCheckInUseCase 체크인 실패 케이스 이미 체크인된 예약은 다시 체크인할 수 없다","invocations":1,"location":null,"numPassingAsserts":1,"retryReasons":[],"startAt":1753650518236,"status":"passed","title":"이미 체크인된 예약은 다시 체크인할 수 없다"},{"ancestorTitles":["ProcessCheckInUseCase","체크인 실패 케이스"],"duration":2,"failing":false,"failureDetails":[],"failureMessages":[],"fullName":"ProcessCheckInUseCase 체크인 실패 케이스 예약 시간 30분 전보다 일찍 체크인할 수 없다","invocations":1,"location":null,"numPassingAsserts":1,"retryReasons":[],"startAt":1753650518237,"status":"passed","title":"예약 시간 30분 전보다 일찍 체크인할 수 없다"},{"ancestorTitles":["ProcessCheckInUseCase","체크인 실패 케이스"],"duration":1,"failing":false,"failureDetails":[],"failureMessages":[],"fullName":"ProcessCheckInUseCase 체크인 실패 케이스 예약 종료 시간 이후에는 체크인할 수 없다","invocations":1,"location":null,"numPassingAsserts":1,"retryReasons":[],"startAt":1753650518240,"status":"passed","title":"예약 종료 시간 이후에는 체크인할 수 없다"},{"ancestorTitles":["ProcessCheckInUseCase","체크인 실패 케이스"],"duration":59,"failing":false,"failureDetails":[{"matcherResult":{"message":"expect(received).rejects.toThrow(expected)\n\nExpected substring: \"사용할 수 없는 기기입니다\"\nReceived message:   \"예약 시간 30분 전부터 체크인이 가능합니다\"\n\n      60 |     const thirtyMinutesBefore = new Date(reservationStartTime.toDate().getTime() - 30 * 60 * 1000)\n      61 |     if (now.toDate() < thirtyMinutesBefore) {\n    > 62 |       throw new Error('예약 시간 30분 전부터 체크인이 가능합니다')\n         |             ^\n      63 |     }\n      64 |\n      65 |     // 예약 종료 시간 이후에는 체크인 불가\n\n      at ProcessCheckInUseCase.execute (src/application/use-cases/check-in/process-check-in.use-case.ts:62:13)\n      at Object.<anonymous> (src/application/use-cases/check-in/__tests__/process-check-in.use-case.test.ts:329:7)","pass":false},"message":"expect(received).rejects.toThrow(expected)\n\nExpected substring: \"사용할 수 없는 기기입니다\"\nReceived message:   \"예약 시간 30분 전부터 체크인이 가능합니다\"\n\n      60 |     const thirtyMinutesBefore = new Date(reservationStartTime.toDate().getTime() - 30 * 60 * 1000)\n      61 |     if (now.toDate() < thirtyMinutesBefore) {\n    > 62 |       throw new Error('예약 시간 30분 전부터 체크인이 가능합니다')\n         |             ^\n      63 |     }\n      64 |\n      65 |     // 예약 종료 시간 이후에는 체크인 불가\n\n      at ProcessCheckInUseCase.execute (src/application/use-cases/check-in/process-check-in.use-case.ts:62:13)\n      at Object.<anonymous> (src/application/use-cases/check-in/__tests__/process-check-in.use-case.test.ts:329:7)"}],"failureMessages":["Error: expect(received).rejects.toThrow(expected)\n\nExpected substring: \"사용할 수 없는 기기입니다\"\nReceived message:   \"예약 시간 30분 전부터 체크인이 가능합니다\"\n\n      60 |     const thirtyMinutesBefore = new Date(reservationStartTime.toDate().getTime() - 30 * 60 * 1000)\n      61 |     if (now.toDate() < thirtyMinutesBefore) {\n    > 62 |       throw new Error('예약 시간 30분 전부터 체크인이 가능합니다')\n         |             ^\n      63 |     }\n      64 |\n      65 |     // 예약 종료 시간 이후에는 체크인 불가\n\n      at ProcessCheckInUseCase.execute (src/application/use-cases/check-in/process-check-in.use-case.ts:62:13)\n      at Object.<anonymous> (src/application/use-cases/check-in/__tests__/process-check-in.use-case.test.ts:329:7)\n    at Object.toThrow (/Users/seeheejang/Documents/project/gameplaza-v2/node_modules/expect/build/index.js:2155:20)\n    at Object.<anonymous> (/Users/seeheejang/Documents/project/gameplaza-v2/src/application/use-cases/check-in/__tests__/process-check-in.use-case.test.ts:332:19)\n    at Promise.finally.completed (/Users/seeheejang/Documents/project/gameplaza-v2/node_modules/@jest/core/node_modules/jest-circus/build/jestAdapterInit.js:1559:28)\n    at new Promise (<anonymous>)\n    at callAsyncCircusFn (/Users/seeheejang/Documents/project/gameplaza-v2/node_modules/@jest/core/node_modules/jest-circus/build/jestAdapterInit.js:1499:10)\n    at _callCircusTest (/Users/seeheejang/Documents/project/gameplaza-v2/node_modules/@jest/core/node_modules/jest-circus/build/jestAdapterInit.js:1009:40)\n    at processTicksAndRejections (node:internal/process/task_queues:105:5)\n    at _runTest (/Users/seeheejang/Documents/project/gameplaza-v2/node_modules/@jest/core/node_modules/jest-circus/build/jestAdapterInit.js:949:3)\n    at _runTestsForDescribeBlock (/Users/seeheejang/Documents/project/gameplaza-v2/node_modules/@jest/core/node_modules/jest-circus/build/jestAdapterInit.js:839:13)\n    at _runTestsForDescribeBlock (/Users/seeheejang/Documents/project/gameplaza-v2/node_modules/@jest/core/node_modules/jest-circus/build/jestAdapterInit.js:829:11)\n    at _runTestsForDescribeBlock (/Users/seeheejang/Documents/project/gameplaza-v2/node_modules/@jest/core/node_modules/jest-circus/build/jestAdapterInit.js:829:11)\n    at run (/Users/seeheejang/Documents/project/gameplaza-v2/node_modules/@jest/core/node_modules/jest-circus/build/jestAdapterInit.js:757:3)\n    at runAndTransformResultsToJestFormat (/Users/seeheejang/Documents/project/gameplaza-v2/node_modules/@jest/core/node_modules/jest-circus/build/jestAdapterInit.js:1920:21)\n    at jestAdapter (/Users/seeheejang/Documents/project/gameplaza-v2/node_modules/@jest/core/node_modules/jest-circus/build/runner.js:101:19)\n    at runTestInternal (/Users/seeheejang/Documents/project/gameplaza-v2/node_modules/@jest/core/node_modules/jest-runner/build/testWorker.js:275:16)\n    at runTest (/Users/seeheejang/Documents/project/gameplaza-v2/node_modules/@jest/core/node_modules/jest-runner/build/testWorker.js:343:7)\n    at Object.worker (/Users/seeheejang/Documents/project/gameplaza-v2/node_modules/@jest/core/node_modules/jest-runner/build/testWorker.js:497:12)"],"fullName":"ProcessCheckInUseCase 체크인 실패 케이스 비활성 기기는 체크인할 수 없다","invocations":1,"location":null,"numPassingAsserts":0,"retryReasons":[],"startAt":1753650518242,"status":"failed","title":"비활성 기기는 체크인할 수 없다"},{"ancestorTitles":["ProcessCheckInUseCase","체크인 실패 케이스"],"duration":35,"failing":false,"failureDetails":[{"matcherResult":{"message":"expect(received).rejects.toThrow(expected)\n\nExpected substring: \"해당 기기는 이미 사용 중입니다\"\nReceived message:   \"예약 시간 30분 전부터 체크인이 가능합니다\"\n\n      60 |     const thirtyMinutesBefore = new Date(reservationStartTime.toDate().getTime() - 30 * 60 * 1000)\n      61 |     if (now.toDate() < thirtyMinutesBefore) {\n    > 62 |       throw new Error('예약 시간 30분 전부터 체크인이 가능합니다')\n         |             ^\n      63 |     }\n      64 |\n      65 |     // 예약 종료 시간 이후에는 체크인 불가\n\n      at ProcessCheckInUseCase.execute (src/application/use-cases/check-in/process-check-in.use-case.ts:62:13)\n      at Object.<anonymous> (src/application/use-cases/check-in/__tests__/process-check-in.use-case.test.ts:355:7)","pass":false},"message":"expect(received).rejects.toThrow(expected)\n\nExpected substring: \"해당 기기는 이미 사용 중입니다\"\nReceived message:   \"예약 시간 30분 전부터 체크인이 가능합니다\"\n\n      60 |     const thirtyMinutesBefore = new Date(reservationStartTime.toDate().getTime() - 30 * 60 * 1000)\n      61 |     if (now.toDate() < thirtyMinutesBefore) {\n    > 62 |       throw new Error('예약 시간 30분 전부터 체크인이 가능합니다')\n         |             ^\n      63 |     }\n      64 |\n      65 |     // 예약 종료 시간 이후에는 체크인 불가\n\n      at ProcessCheckInUseCase.execute (src/application/use-cases/check-in/process-check-in.use-case.ts:62:13)\n      at Object.<anonymous> (src/application/use-cases/check-in/__tests__/process-check-in.use-case.test.ts:355:7)"}],"failureMessages":["Error: expect(received).rejects.toThrow(expected)\n\nExpected substring: \"해당 기기는 이미 사용 중입니다\"\nReceived message:   \"예약 시간 30분 전부터 체크인이 가능합니다\"\n\n      60 |     const thirtyMinutesBefore = new Date(reservationStartTime.toDate().getTime() - 30 * 60 * 1000)\n      61 |     if (now.toDate() < thirtyMinutesBefore) {\n    > 62 |       throw new Error('예약 시간 30분 전부터 체크인이 가능합니다')\n         |             ^\n      63 |     }\n      64 |\n      65 |     // 예약 종료 시간 이후에는 체크인 불가\n\n      at ProcessCheckInUseCase.execute (src/application/use-cases/check-in/process-check-in.use-case.ts:62:13)\n      at Object.<anonymous> (src/application/use-cases/check-in/__tests__/process-check-in.use-case.test.ts:355:7)\n    at Object.toThrow (/Users/seeheejang/Documents/project/gameplaza-v2/node_modules/expect/build/index.js:2155:20)\n    at Object.<anonymous> (/Users/seeheejang/Documents/project/gameplaza-v2/src/application/use-cases/check-in/__tests__/process-check-in.use-case.test.ts:358:19)\n    at Promise.finally.completed (/Users/seeheejang/Documents/project/gameplaza-v2/node_modules/@jest/core/node_modules/jest-circus/build/jestAdapterInit.js:1559:28)\n    at new Promise (<anonymous>)\n    at callAsyncCircusFn (/Users/seeheejang/Documents/project/gameplaza-v2/node_modules/@jest/core/node_modules/jest-circus/build/jestAdapterInit.js:1499:10)\n    at _callCircusTest (/Users/seeheejang/Documents/project/gameplaza-v2/node_modules/@jest/core/node_modules/jest-circus/build/jestAdapterInit.js:1009:40)\n    at processTicksAndRejections (node:internal/process/task_queues:105:5)\n    at _runTest (/Users/seeheejang/Documents/project/gameplaza-v2/node_modules/@jest/core/node_modules/jest-circus/build/jestAdapterInit.js:949:3)\n    at _runTestsForDescribeBlock (/Users/seeheejang/Documents/project/gameplaza-v2/node_modules/@jest/core/node_modules/jest-circus/build/jestAdapterInit.js:839:13)\n    at _runTestsForDescribeBlock (/Users/seeheejang/Documents/project/gameplaza-v2/node_modules/@jest/core/node_modules/jest-circus/build/jestAdapterInit.js:829:11)\n    at _runTestsForDescribeBlock (/Users/seeheejang/Documents/project/gameplaza-v2/node_modules/@jest/core/node_modules/jest-circus/build/jestAdapterInit.js:829:11)\n    at run (/Users/seeheejang/Documents/project/gameplaza-v2/node_modules/@jest/core/node_modules/jest-circus/build/jestAdapterInit.js:757:3)\n    at runAndTransformResultsToJestFormat (/Users/seeheejang/Documents/project/gameplaza-v2/node_modules/@jest/core/node_modules/jest-circus/build/jestAdapterInit.js:1920:21)\n    at jestAdapter (/Users/seeheejang/Documents/project/gameplaza-v2/node_modules/@jest/core/node_modules/jest-circus/build/runner.js:101:19)\n    at runTestInternal (/Users/seeheejang/Documents/project/gameplaza-v2/node_modules/@jest/core/node_modules/jest-runner/build/testWorker.js:275:16)\n    at runTest (/Users/seeheejang/Documents/project/gameplaza-v2/node_modules/@jest/core/node_modules/jest-runner/build/testWorker.js:343:7)\n    at Object.worker (/Users/seeheejang/Documents/project/gameplaza-v2/node_modules/@jest/core/node_modules/jest-runner/build/testWorker.js:497:12)"],"fullName":"ProcessCheckInUseCase 체크인 실패 케이스 이미 사용 중인 기기는 체크인할 수 없다","invocations":1,"location":null,"numPassingAsserts":0,"retryReasons":[],"startAt":1753650518305,"status":"failed","title":"이미 사용 중인 기기는 체크인할 수 없다"}],"endTime":1753650518386,"message":"  ● ProcessCheckInUseCase › 체크인 실패 케이스 › 비활성 기기는 체크인할 수 없다\n\n    expect(received).rejects.toThrow(expected)\n\n    Expected substring: \"사용할 수 없는 기기입니다\"\n    Received message:   \"예약 시간 30분 전부터 체크인이 가능합니다\"\n\n          60 |     const thirtyMinutesBefore = new Date(reservationStartTime.toDate().getTime() - 30 * 60 * 1000)\n          61 |     if (now.toDate() < thirtyMinutesBefore) {\n        > 62 |       throw new Error('예약 시간 30분 전부터 체크인이 가능합니다')\n             |             ^\n          63 |     }\n          64 |\n          65 |     // 예약 종료 시간 이후에는 체크인 불가\n\n      at ProcessCheckInUseCase.execute (src/application/use-cases/check-in/process-check-in.use-case.ts:62:13)\n      at Object.<anonymous> (src/application/use-cases/check-in/__tests__/process-check-in.use-case.test.ts:329:7)\n      at Object.toThrow (node_modules/expect/build/index.js:2155:20)\n      at Object.<anonymous> (src/application/use-cases/check-in/__tests__/process-check-in.use-case.test.ts:332:19)\n\n  ● ProcessCheckInUseCase › 체크인 실패 케이스 › 이미 사용 중인 기기는 체크인할 수 없다\n\n    expect(received).rejects.toThrow(expected)\n\n    Expected substring: \"해당 기기는 이미 사용 중입니다\"\n    Received message:   \"예약 시간 30분 전부터 체크인이 가능합니다\"\n\n          60 |     const thirtyMinutesBefore = new Date(reservationStartTime.toDate().getTime() - 30 * 60 * 1000)\n          61 |     if (now.toDate() < thirtyMinutesBefore) {\n        > 62 |       throw new Error('예약 시간 30분 전부터 체크인이 가능합니다')\n             |             ^\n          63 |     }\n          64 |\n          65 |     // 예약 종료 시간 이후에는 체크인 불가\n\n      at ProcessCheckInUseCase.execute (src/application/use-cases/check-in/process-check-in.use-case.ts:62:13)\n      at Object.<anonymous> (src/application/use-cases/check-in/__tests__/process-check-in.use-case.test.ts:355:7)\n      at Object.toThrow (node_modules/expect/build/index.js:2155:20)\n      at Object.<anonymous> (src/application/use-cases/check-in/__tests__/process-check-in.use-case.test.ts:358:19)\n","name":"/Users/seeheejang/Documents/project/gameplaza-v2/src/application/use-cases/check-in/__tests__/process-check-in.use-case.test.ts","startTime":1753650516060,"status":"failed","summary":""},{"assertionResults":[{"ancestorTitles":["RejectReservationUseCase","execute"],"duration":20,"failing":false,"failureDetails":[],"failureMessages":[],"fullName":"RejectReservationUseCase execute 관리자만 예약을 거절할 수 있다","invocations":1,"location":null,"numPassingAsserts":1,"retryReasons":[],"startAt":1753650518438,"status":"passed","title":"관리자만 예약을 거절할 수 있다"},{"ancestorTitles":["RejectReservationUseCase","execute"],"duration":1,"failing":false,"failureDetails":[],"failureMessages":[],"fullName":"RejectReservationUseCase execute 거절 사유는 필수이다","invocations":1,"location":null,"numPassingAsserts":2,"retryReasons":[],"startAt":1753650518458,"status":"passed","title":"거절 사유는 필수이다"},{"ancestorTitles":["RejectReservationUseCase","execute"],"duration":2,"failing":false,"failureDetails":[],"failureMessages":[],"fullName":"RejectReservationUseCase execute 대기 중인 예약만 거절할 수 있다","invocations":1,"location":null,"numPassingAsserts":1,"retryReasons":[],"startAt":1753650518459,"status":"passed","title":"대기 중인 예약만 거절할 수 있다"},{"ancestorTitles":["RejectReservationUseCase","execute"],"duration":5,"failing":false,"failureDetails":[{"matcherResult":{"message":"expect(jest.fn()).toHaveBeenCalledWith(...expected)\n\nExpected: ObjectContaining {\"content\": StringContaining \"해당 시간대 기기 점검으로 인한 예약 불가\", \"title\": \"예약이 거절되었습니다\", \"type\": \"reservation_rejected\", \"userId\": \"user-789\"}\nReceived: {\"channels\": [{\"_value\": \"push\"}, {\"_value\": \"in_app\"}], \"content\": \"예약번호 GP-20250710-1234이(가) 거절되었습니다.\n사유: 해당 시간대 기기 점검으로 인한 예약 불가\", \"createdAt\": {\"_date\": 2025-07-27T21:08:38.462Z}, \"id\": \"notification_1753650518462_djufb3pv3\", \"metadata\": {\"rejectionReason\": \"해당 시간대 기기 점검으로 인한 예약 불가\", \"reservationId\": \"reservation-456\"}, \"title\": \"예약이 거절되었습니다\", \"type\": \"reservation_rejected\", \"updatedAt\": {\"_date\": 2025-07-27T21:08:38.462Z}, \"userId\": \"user-789\"}\n\nNumber of calls: 1","pass":false}}],"failureMessages":["Error: expect(jest.fn()).toHaveBeenCalledWith(...expected)\n\nExpected: ObjectContaining {\"content\": StringContaining \"해당 시간대 기기 점검으로 인한 예약 불가\", \"title\": \"예약이 거절되었습니다\", \"type\": \"reservation_rejected\", \"userId\": \"user-789\"}\nReceived: {\"channels\": [{\"_value\": \"push\"}, {\"_value\": \"in_app\"}], \"content\": \"예약번호 GP-20250710-1234이(가) 거절되었습니다.\n사유: 해당 시간대 기기 점검으로 인한 예약 불가\", \"createdAt\": {\"_date\": 2025-07-27T21:08:38.462Z}, \"id\": \"notification_1753650518462_djufb3pv3\", \"metadata\": {\"rejectionReason\": \"해당 시간대 기기 점검으로 인한 예약 불가\", \"reservationId\": \"reservation-456\"}, \"title\": \"예약이 거절되었습니다\", \"type\": \"reservation_rejected\", \"updatedAt\": {\"_date\": 2025-07-27T21:08:38.462Z}, \"userId\": \"user-789\"}\n\nNumber of calls: 1\n    at Object.<anonymous> (/Users/seeheejang/Documents/project/gameplaza-v2/src/application/use-cases/reservation/__tests__/reject-reservation.use-case.test.ts:169:47)\n    at processTicksAndRejections (node:internal/process/task_queues:105:5)"],"fullName":"RejectReservationUseCase execute 예약을 성공적으로 거절하고 알림을 발송한다","invocations":1,"location":null,"numPassingAsserts":5,"retryReasons":[],"startAt":1753650518461,"status":"failed","title":"예약을 성공적으로 거절하고 알림을 발송한다"},{"ancestorTitles":["RejectReservationUseCase","execute"],"duration":0,"failing":false,"failureDetails":[],"failureMessages":[],"fullName":"RejectReservationUseCase execute 예약을 찾을 수 없으면 에러 발생","invocations":1,"location":null,"numPassingAsserts":1,"retryReasons":[],"startAt":1753650518467,"status":"passed","title":"예약을 찾을 수 없으면 에러 발생"}],"endTime":1753650518488,"message":"  ● RejectReservationUseCase › execute › 예약을 성공적으로 거절하고 알림을 발송한다\n\n    expect(jest.fn()).toHaveBeenCalledWith(...expected)\n\n    Expected: ObjectContaining {\"content\": StringContaining \"해당 시간대 기기 점검으로 인한 예약 불가\", \"title\": \"예약이 거절되었습니다\", \"type\": \"reservation_rejected\", \"userId\": \"user-789\"}\n    Received: {\"channels\": [{\"_value\": \"push\"}, {\"_value\": \"in_app\"}], \"content\": \"예약번호 GP-20250710-1234이(가) 거절되었습니다.\n    사유: 해당 시간대 기기 점검으로 인한 예약 불가\", \"createdAt\": {\"_date\": 2025-07-27T21:08:38.462Z}, \"id\": \"notification_1753650518462_djufb3pv3\", \"metadata\": {\"rejectionReason\": \"해당 시간대 기기 점검으로 인한 예약 불가\", \"reservationId\": \"reservation-456\"}, \"title\": \"예약이 거절되었습니다\", \"type\": \"reservation_rejected\", \"updatedAt\": {\"_date\": 2025-07-27T21:08:38.462Z}, \"userId\": \"user-789\"}\n\n    Number of calls: 1\n\n      167 |       )\n      168 |\n    > 169 |       expect(mockNotificationRepository.save).toHaveBeenCalledWith(\n          |                                               ^\n      170 |         expect.objectContaining({\n      171 |           userId: 'user-789',\n      172 |           type: 'reservation_rejected',\n\n      at Object.<anonymous> (src/application/use-cases/reservation/__tests__/reject-reservation.use-case.test.ts:169:47)\n","name":"/Users/seeheejang/Documents/project/gameplaza-v2/src/application/use-cases/reservation/__tests__/reject-reservation.use-case.test.ts","startTime":1753650518311,"status":"failed","summary":""},{"assertionResults":[{"ancestorTitles":["GoogleAuthUseCase - Unit Tests","신규 사용자 로그인"],"duration":4,"failing":false,"failureDetails":[{"matcherResult":{"message":"expect(received).toMatchObject(expected)\n\n- Expected  - 2\n+ Received  + 8\n\n  Object {\n    \"accessToken\": Any<String>,\n    \"refreshToken\": Any<String>,\n    \"tokenType\": \"Bearer\",\n-   \"user\": ObjectContaining {\n+   \"user\": Object {\n      \"email\": \"newuser@example.com\",\n-     \"name\": \"New User\",\n+     \"fullName\": \"New User\",\n+     \"id\": \"user-1753650518548-jho8fk0hf\",\n+     \"isNewUser\": true,\n+     \"phone\": null,\n+     \"profileImageUrl\": \"https://example.com/photo.jpg\",\n+     \"role\": \"user\",\n+     \"status\": \"active\",\n    },\n  }","pass":false}}],"failureMessages":["Error: expect(received).toMatchObject(expected)\n\n- Expected  - 2\n+ Received  + 8\n\n  Object {\n    \"accessToken\": Any<String>,\n    \"refreshToken\": Any<String>,\n    \"tokenType\": \"Bearer\",\n-   \"user\": ObjectContaining {\n+   \"user\": Object {\n      \"email\": \"newuser@example.com\",\n-     \"name\": \"New User\",\n+     \"fullName\": \"New User\",\n+     \"id\": \"user-1753650518548-jho8fk0hf\",\n+     \"isNewUser\": true,\n+     \"phone\": null,\n+     \"profileImageUrl\": \"https://example.com/photo.jpg\",\n+     \"role\": \"user\",\n+     \"status\": \"active\",\n    },\n  }\n    at Object.<anonymous> (/Users/seeheejang/Documents/project/gameplaza-v2/src/application/use-cases/auth/__tests__/google-auth.use-case.unit.test.ts:122:22)\n    at processTicksAndRejections (node:internal/process/task_queues:105:5)"],"fullName":"GoogleAuthUseCase - Unit Tests 신규 사용자 로그인 Google 계정으로 새 사용자를 생성하고 로그인해야 한다","invocations":1,"location":null,"numPassingAsserts":0,"retryReasons":[],"startAt":1753650518547,"status":"failed","title":"Google 계정으로 새 사용자를 생성하고 로그인해야 한다"},{"ancestorTitles":["GoogleAuthUseCase - Unit Tests","기존 사용자 로그인"],"duration":1,"failing":false,"failureDetails":[],"failureMessages":[],"fullName":"GoogleAuthUseCase - Unit Tests 기존 사용자 로그인 기존 Google 사용자로 로그인해야 한다","invocations":1,"location":null,"numPassingAsserts":3,"retryReasons":[],"startAt":1753650518559,"status":"passed","title":"기존 Google 사용자로 로그인해야 한다"},{"ancestorTitles":["GoogleAuthUseCase - Unit Tests","오류 처리"],"duration":4,"failing":false,"failureDetails":[],"failureMessages":[],"fullName":"GoogleAuthUseCase - Unit Tests 오류 처리 이메일이 인증되지 않은 경우 오류를 던져야 한다","invocations":1,"location":null,"numPassingAsserts":1,"retryReasons":[],"startAt":1753650518560,"status":"passed","title":"이메일이 인증되지 않은 경우 오류를 던져야 한다"},{"ancestorTitles":["GoogleAuthUseCase - Unit Tests","오류 처리"],"duration":3,"failing":false,"failureDetails":[],"failureMessages":[],"fullName":"GoogleAuthUseCase - Unit Tests 오류 처리 정지된 사용자는 로그인할 수 없어야 한다","invocations":1,"location":null,"numPassingAsserts":1,"retryReasons":[],"startAt":1753650518564,"status":"passed","title":"정지된 사용자는 로그인할 수 없어야 한다"}],"endTime":1753650518570,"message":"  ● GoogleAuthUseCase - Unit Tests › 신규 사용자 로그인 › Google 계정으로 새 사용자를 생성하고 로그인해야 한다\n\n    expect(received).toMatchObject(expected)\n\n    - Expected  - 2\n    + Received  + 8\n\n      Object {\n        \"accessToken\": Any<String>,\n        \"refreshToken\": Any<String>,\n        \"tokenType\": \"Bearer\",\n    -   \"user\": ObjectContaining {\n    +   \"user\": Object {\n          \"email\": \"newuser@example.com\",\n    -     \"name\": \"New User\",\n    +     \"fullName\": \"New User\",\n    +     \"id\": \"user-1753650518548-jho8fk0hf\",\n    +     \"isNewUser\": true,\n    +     \"phone\": null,\n    +     \"profileImageUrl\": \"https://example.com/photo.jpg\",\n    +     \"role\": \"user\",\n    +     \"status\": \"active\",\n        },\n      }\n\n      120 |\n      121 |       // Then\n    > 122 |       expect(result).toMatchObject({\n          |                      ^\n      123 |         user: expect.objectContaining({\n      124 |           email: 'newuser@example.com',\n      125 |           name: 'New User'\n\n      at Object.<anonymous> (src/application/use-cases/auth/__tests__/google-auth.use-case.unit.test.ts:122:22)\n","name":"/Users/seeheejang/Documents/project/gameplaza-v2/src/application/use-cases/auth/__tests__/google-auth.use-case.unit.test.ts","startTime":1753650518079,"status":"failed","summary":""},{"assertionResults":[{"ancestorTitles":["TimeSlot","create"],"duration":3,"failing":false,"failureDetails":[],"failureMessages":[],"fullName":"TimeSlot create should create valid 2-hour time slot","invocations":1,"location":null,"numPassingAsserts":2,"retryReasons":[],"startAt":1753650518448,"status":"passed","title":"should create valid 2-hour time slot"},{"ancestorTitles":["TimeSlot","create"],"duration":10,"failing":false,"failureDetails":[],"failureMessages":[],"fullName":"TimeSlot create should create late night slot with 24+ hours","invocations":1,"location":null,"numPassingAsserts":3,"retryReasons":[],"startAt":1753650518451,"status":"passed","title":"should create late night slot with 24+ hours"},{"ancestorTitles":["TimeSlot","create"],"duration":37,"failing":false,"failureDetails":[],"failureMessages":[],"fullName":"TimeSlot create should throw error for invalid start hour","invocations":1,"location":null,"numPassingAsserts":2,"retryReasons":[],"startAt":1753650518461,"status":"passed","title":"should throw error for invalid start hour"},{"ancestorTitles":["TimeSlot","create"],"duration":27,"failing":false,"failureDetails":[{"matcherResult":{"message":"expect(received).toThrow(expected)\n\nExpected substring: \"종료 시간은 0-29 사이여야 합니다\"\nReceived message:   \"최대 12시간을 초과할 수 없습니다\"\n\n      25 |     }\n      26 |     if (duration > 12) {\n    > 27 |       throw new Error('최대 12시간을 초과할 수 없습니다')\n         |             ^\n      28 |     }\n      29 |\n      30 |     return new TimeSlot(startHour, endHour)\n\n      at TimeSlot.create (src/domain/value-objects/time-slot.ts:27:13)\n      at src/domain/value-objects/__tests__/time-slot.test.ts:24:29\n      at Object.<anonymous> (node_modules/expect/build/index.js:1824:9)\n      at Object.throwingMatcher [as toThrow] (node_modules/expect/build/index.js:2235:93)\n      at Object.<anonymous> (src/domain/value-objects/__tests__/time-slot.test.ts:24:45)","pass":false}}],"failureMessages":["Error: expect(received).toThrow(expected)\n\nExpected substring: \"종료 시간은 0-29 사이여야 합니다\"\nReceived message:   \"최대 12시간을 초과할 수 없습니다\"\n\n      25 |     }\n      26 |     if (duration > 12) {\n    > 27 |       throw new Error('최대 12시간을 초과할 수 없습니다')\n         |             ^\n      28 |     }\n      29 |\n      30 |     return new TimeSlot(startHour, endHour)\n\n      at TimeSlot.create (src/domain/value-objects/time-slot.ts:27:13)\n      at src/domain/value-objects/__tests__/time-slot.test.ts:24:29\n      at Object.<anonymous> (node_modules/expect/build/index.js:1824:9)\n      at Object.throwingMatcher [as toThrow] (node_modules/expect/build/index.js:2235:93)\n      at Object.<anonymous> (src/domain/value-objects/__tests__/time-slot.test.ts:24:45)\n    at Object.<anonymous> (/Users/seeheejang/Documents/project/gameplaza-v2/src/domain/value-objects/__tests__/time-slot.test.ts:24:45)\n    at Promise.finally.completed (/Users/seeheejang/Documents/project/gameplaza-v2/node_modules/@jest/core/node_modules/jest-circus/build/jestAdapterInit.js:1559:28)\n    at new Promise (<anonymous>)\n    at callAsyncCircusFn (/Users/seeheejang/Documents/project/gameplaza-v2/node_modules/@jest/core/node_modules/jest-circus/build/jestAdapterInit.js:1499:10)\n    at _callCircusTest (/Users/seeheejang/Documents/project/gameplaza-v2/node_modules/@jest/core/node_modules/jest-circus/build/jestAdapterInit.js:1009:40)\n    at processTicksAndRejections (node:internal/process/task_queues:105:5)\n    at _runTest (/Users/seeheejang/Documents/project/gameplaza-v2/node_modules/@jest/core/node_modules/jest-circus/build/jestAdapterInit.js:949:3)\n    at _runTestsForDescribeBlock (/Users/seeheejang/Documents/project/gameplaza-v2/node_modules/@jest/core/node_modules/jest-circus/build/jestAdapterInit.js:839:13)\n    at _runTestsForDescribeBlock (/Users/seeheejang/Documents/project/gameplaza-v2/node_modules/@jest/core/node_modules/jest-circus/build/jestAdapterInit.js:829:11)\n    at _runTestsForDescribeBlock (/Users/seeheejang/Documents/project/gameplaza-v2/node_modules/@jest/core/node_modules/jest-circus/build/jestAdapterInit.js:829:11)\n    at run (/Users/seeheejang/Documents/project/gameplaza-v2/node_modules/@jest/core/node_modules/jest-circus/build/jestAdapterInit.js:757:3)\n    at runAndTransformResultsToJestFormat (/Users/seeheejang/Documents/project/gameplaza-v2/node_modules/@jest/core/node_modules/jest-circus/build/jestAdapterInit.js:1920:21)\n    at jestAdapter (/Users/seeheejang/Documents/project/gameplaza-v2/node_modules/@jest/core/node_modules/jest-circus/build/runner.js:101:19)\n    at runTestInternal (/Users/seeheejang/Documents/project/gameplaza-v2/node_modules/@jest/core/node_modules/jest-runner/build/testWorker.js:275:16)\n    at runTest (/Users/seeheejang/Documents/project/gameplaza-v2/node_modules/@jest/core/node_modules/jest-runner/build/testWorker.js:343:7)\n    at Object.worker (/Users/seeheejang/Documents/project/gameplaza-v2/node_modules/@jest/core/node_modules/jest-runner/build/testWorker.js:497:12)"],"fullName":"TimeSlot create should throw error for invalid end hour","invocations":1,"location":null,"numPassingAsserts":0,"retryReasons":[],"startAt":1753650518498,"status":"failed","title":"should throw error for invalid end hour"},{"ancestorTitles":["TimeSlot","create"],"duration":1,"failing":false,"failureDetails":[{"matcherResult":{"message":"expect(received).toThrow(expected)\n\nExpected substring: \"시간 슬롯은 2시간 단위여야 합니다\"\n\nReceived function did not throw","pass":false}}],"failureMessages":["Error: expect(received).toThrow(expected)\n\nExpected substring: \"시간 슬롯은 2시간 단위여야 합니다\"\n\nReceived function did not throw\n    at Object.<anonymous> (/Users/seeheejang/Documents/project/gameplaza-v2/src/domain/value-objects/__tests__/time-slot.test.ts:28:45)\n    at Promise.finally.completed (/Users/seeheejang/Documents/project/gameplaza-v2/node_modules/@jest/core/node_modules/jest-circus/build/jestAdapterInit.js:1559:28)\n    at new Promise (<anonymous>)\n    at callAsyncCircusFn (/Users/seeheejang/Documents/project/gameplaza-v2/node_modules/@jest/core/node_modules/jest-circus/build/jestAdapterInit.js:1499:10)\n    at _callCircusTest (/Users/seeheejang/Documents/project/gameplaza-v2/node_modules/@jest/core/node_modules/jest-circus/build/jestAdapterInit.js:1009:40)\n    at processTicksAndRejections (node:internal/process/task_queues:105:5)\n    at _runTest (/Users/seeheejang/Documents/project/gameplaza-v2/node_modules/@jest/core/node_modules/jest-circus/build/jestAdapterInit.js:949:3)\n    at _runTestsForDescribeBlock (/Users/seeheejang/Documents/project/gameplaza-v2/node_modules/@jest/core/node_modules/jest-circus/build/jestAdapterInit.js:839:13)\n    at _runTestsForDescribeBlock (/Users/seeheejang/Documents/project/gameplaza-v2/node_modules/@jest/core/node_modules/jest-circus/build/jestAdapterInit.js:829:11)\n    at _runTestsForDescribeBlock (/Users/seeheejang/Documents/project/gameplaza-v2/node_modules/@jest/core/node_modules/jest-circus/build/jestAdapterInit.js:829:11)\n    at run (/Users/seeheejang/Documents/project/gameplaza-v2/node_modules/@jest/core/node_modules/jest-circus/build/jestAdapterInit.js:757:3)\n    at runAndTransformResultsToJestFormat (/Users/seeheejang/Documents/project/gameplaza-v2/node_modules/@jest/core/node_modules/jest-circus/build/jestAdapterInit.js:1920:21)\n    at jestAdapter (/Users/seeheejang/Documents/project/gameplaza-v2/node_modules/@jest/core/node_modules/jest-circus/build/runner.js:101:19)\n    at runTestInternal (/Users/seeheejang/Documents/project/gameplaza-v2/node_modules/@jest/core/node_modules/jest-runner/build/testWorker.js:275:16)\n    at runTest (/Users/seeheejang/Documents/project/gameplaza-v2/node_modules/@jest/core/node_modules/jest-runner/build/testWorker.js:343:7)\n    at Object.worker (/Users/seeheejang/Documents/project/gameplaza-v2/node_modules/@jest/core/node_modules/jest-runner/build/testWorker.js:497:12)"],"fullName":"TimeSlot create should throw error if not 2-hour slot","invocations":1,"location":null,"numPassingAsserts":0,"retryReasons":[],"startAt":1753650518531,"status":"failed","title":"should throw error if not 2-hour slot"},{"ancestorTitles":["TimeSlot","create"],"duration":14,"failing":false,"failureDetails":[],"failureMessages":[],"fullName":"TimeSlot create should throw error if start >= end","invocations":1,"location":null,"numPassingAsserts":2,"retryReasons":[],"startAt":1753650518532,"status":"passed","title":"should throw error if start >= end"},{"ancestorTitles":["TimeSlot","fromString"],"duration":1,"failing":false,"failureDetails":[],"failureMessages":[],"fullName":"TimeSlot fromString should parse time slot string","invocations":1,"location":null,"numPassingAsserts":2,"retryReasons":[],"startAt":1753650518546,"status":"passed","title":"should parse time slot string"},{"ancestorTitles":["TimeSlot","fromString"],"duration":1,"failing":false,"failureDetails":[],"failureMessages":[],"fullName":"TimeSlot fromString should parse late night slot","invocations":1,"location":null,"numPassingAsserts":2,"retryReasons":[],"startAt":1753650518547,"status":"passed","title":"should parse late night slot"},{"ancestorTitles":["TimeSlot","normalized hours"],"duration":1,"failing":false,"failureDetails":[],"failureMessages":[],"fullName":"TimeSlot normalized hours should normalize 24+ hours to 0-5","invocations":1,"location":null,"numPassingAsserts":2,"retryReasons":[],"startAt":1753650518548,"status":"passed","title":"should normalize 24+ hours to 0-5"},{"ancestorTitles":["TimeSlot","normalized hours"],"duration":0,"failing":false,"failureDetails":[],"failureMessages":[],"fullName":"TimeSlot normalized hours should keep normal hours as is","invocations":1,"location":null,"numPassingAsserts":2,"retryReasons":[],"startAt":1753650518549,"status":"passed","title":"should keep normal hours as is"},{"ancestorTitles":["TimeSlot","overlaps"],"duration":0,"failing":false,"failureDetails":[],"failureMessages":[],"fullName":"TimeSlot overlaps should detect overlapping slots","invocations":1,"location":null,"numPassingAsserts":3,"retryReasons":[],"startAt":1753650518550,"status":"passed","title":"should detect overlapping slots"},{"ancestorTitles":["TimeSlot","overlaps"],"duration":1,"failing":false,"failureDetails":[],"failureMessages":[],"fullName":"TimeSlot overlaps should detect overlaps across midnight","invocations":1,"location":null,"numPassingAsserts":2,"retryReasons":[],"startAt":1753650518550,"status":"passed","title":"should detect overlaps across midnight"},{"ancestorTitles":["TimeSlot","getAllSlots"],"duration":10,"failing":false,"failureDetails":[{"matcherResult":{"message":"expect(received).toHaveLength(expected)\n\nExpected length: 9\nReceived length: 8\nReceived array:  [{\"_endHour\": 12, \"_startHour\": 10}, {\"_endHour\": 14, \"_startHour\": 12}, {\"_endHour\": 16, \"_startHour\": 14}, {\"_endHour\": 18, \"_startHour\": 16}, {\"_endHour\": 20, \"_startHour\": 18}, {\"_endHour\": 22, \"_startHour\": 20}, {\"_endHour\": 26, \"_startHour\": 22}, {\"_endHour\": 29, \"_startHour\": 26}]","pass":false}}],"failureMessages":["Error: expect(received).toHaveLength(expected)\n\nExpected length: 9\nReceived length: 8\nReceived array:  [{\"_endHour\": 12, \"_startHour\": 10}, {\"_endHour\": 14, \"_startHour\": 12}, {\"_endHour\": 16, \"_startHour\": 14}, {\"_endHour\": 18, \"_startHour\": 16}, {\"_endHour\": 20, \"_startHour\": 18}, {\"_endHour\": 22, \"_startHour\": 20}, {\"_endHour\": 26, \"_startHour\": 22}, {\"_endHour\": 29, \"_startHour\": 26}]\n    at Object.<anonymous> (/Users/seeheejang/Documents/project/gameplaza-v2/src/domain/value-objects/__tests__/time-slot.test.ts:92:21)\n    at Promise.finally.completed (/Users/seeheejang/Documents/project/gameplaza-v2/node_modules/@jest/core/node_modules/jest-circus/build/jestAdapterInit.js:1559:28)\n    at new Promise (<anonymous>)\n    at callAsyncCircusFn (/Users/seeheejang/Documents/project/gameplaza-v2/node_modules/@jest/core/node_modules/jest-circus/build/jestAdapterInit.js:1499:10)\n    at _callCircusTest (/Users/seeheejang/Documents/project/gameplaza-v2/node_modules/@jest/core/node_modules/jest-circus/build/jestAdapterInit.js:1009:40)\n    at processTicksAndRejections (node:internal/process/task_queues:105:5)\n    at _runTest (/Users/seeheejang/Documents/project/gameplaza-v2/node_modules/@jest/core/node_modules/jest-circus/build/jestAdapterInit.js:949:3)\n    at _runTestsForDescribeBlock (/Users/seeheejang/Documents/project/gameplaza-v2/node_modules/@jest/core/node_modules/jest-circus/build/jestAdapterInit.js:839:13)\n    at _runTestsForDescribeBlock (/Users/seeheejang/Documents/project/gameplaza-v2/node_modules/@jest/core/node_modules/jest-circus/build/jestAdapterInit.js:829:11)\n    at _runTestsForDescribeBlock (/Users/seeheejang/Documents/project/gameplaza-v2/node_modules/@jest/core/node_modules/jest-circus/build/jestAdapterInit.js:829:11)\n    at run (/Users/seeheejang/Documents/project/gameplaza-v2/node_modules/@jest/core/node_modules/jest-circus/build/jestAdapterInit.js:757:3)\n    at runAndTransformResultsToJestFormat (/Users/seeheejang/Documents/project/gameplaza-v2/node_modules/@jest/core/node_modules/jest-circus/build/jestAdapterInit.js:1920:21)\n    at jestAdapter (/Users/seeheejang/Documents/project/gameplaza-v2/node_modules/@jest/core/node_modules/jest-circus/build/runner.js:101:19)\n    at runTestInternal (/Users/seeheejang/Documents/project/gameplaza-v2/node_modules/@jest/core/node_modules/jest-runner/build/testWorker.js:275:16)\n    at runTest (/Users/seeheejang/Documents/project/gameplaza-v2/node_modules/@jest/core/node_modules/jest-runner/build/testWorker.js:343:7)\n    at Object.worker (/Users/seeheejang/Documents/project/gameplaza-v2/node_modules/@jest/core/node_modules/jest-runner/build/testWorker.js:497:12)"],"fullName":"TimeSlot getAllSlots should generate all possible slots","invocations":1,"location":null,"numPassingAsserts":0,"retryReasons":[],"startAt":1753650518551,"status":"failed","title":"should generate all possible slots"},{"ancestorTitles":["TimeSlot","getAllSlots"],"duration":5,"failing":false,"failureDetails":[],"failureMessages":[],"fullName":"TimeSlot getAllSlots should not include overnight gaps","invocations":1,"location":null,"numPassingAsserts":7,"retryReasons":[],"startAt":1753650518562,"status":"passed","title":"should not include overnight gaps"}],"endTime":1753650518584,"message":"  ● TimeSlot › create › should throw error for invalid end hour\n\n    expect(received).toThrow(expected)\n\n    Expected substring: \"종료 시간은 0-29 사이여야 합니다\"\n    Received message:   \"최대 12시간을 초과할 수 없습니다\"\n\n          25 |     }\n          26 |     if (duration > 12) {\n        > 27 |       throw new Error('최대 12시간을 초과할 수 없습니다')\n             |             ^\n          28 |     }\n          29 |\n          30 |     return new TimeSlot(startHour, endHour)\n\n      at TimeSlot.create (src/domain/value-objects/time-slot.ts:27:13)\n      at src/domain/value-objects/__tests__/time-slot.test.ts:24:29\n      at Object.<anonymous> (node_modules/expect/build/index.js:1824:9)\n      at Object.throwingMatcher [as toThrow] (node_modules/expect/build/index.js:2235:93)\n      at Object.<anonymous> (src/domain/value-objects/__tests__/time-slot.test.ts:24:45)\n      at Object.<anonymous> (src/domain/value-objects/__tests__/time-slot.test.ts:24:45)\n\n  ● TimeSlot › create › should throw error if not 2-hour slot\n\n    expect(received).toThrow(expected)\n\n    Expected substring: \"시간 슬롯은 2시간 단위여야 합니다\"\n\n    Received function did not throw\n\n      26 |\n      27 |     it('should throw error if not 2-hour slot', () => {\n    > 28 |       expect(() => TimeSlot.create(10, 11)).toThrow('시간 슬롯은 2시간 단위여야 합니다')\n         |                                             ^\n      29 |       expect(() => TimeSlot.create(10, 13)).toThrow('시간 슬롯은 2시간 단위여야 합니다')\n      30 |     })\n      31 |\n\n      at Object.<anonymous> (src/domain/value-objects/__tests__/time-slot.test.ts:28:45)\n\n  ● TimeSlot › getAllSlots › should generate all possible slots\n\n    expect(received).toHaveLength(expected)\n\n    Expected length: 9\n    Received length: 8\n    Received array:  [{\"_endHour\": 12, \"_startHour\": 10}, {\"_endHour\": 14, \"_startHour\": 12}, {\"_endHour\": 16, \"_startHour\": 14}, {\"_endHour\": 18, \"_startHour\": 16}, {\"_endHour\": 20, \"_startHour\": 18}, {\"_endHour\": 22, \"_startHour\": 20}, {\"_endHour\": 26, \"_startHour\": 22}, {\"_endHour\": 29, \"_startHour\": 26}]\n\n      90 |       const slots = TimeSlot.getAllSlots()\n      91 |       \n    > 92 |       expect(slots).toHaveLength(9)\n         |                     ^\n      93 |       expect(slots[0].displayString).toBe('10:00-12:00')\n      94 |       expect(slots[slots.length - 1].displayString).toBe('26:00-28:00')\n      95 |     })\n\n      at Object.<anonymous> (src/domain/value-objects/__tests__/time-slot.test.ts:92:21)\n","name":"/Users/seeheejang/Documents/project/gameplaza-v2/src/domain/value-objects/__tests__/time-slot.test.ts","startTime":1753650518260,"status":"failed","summary":""},{"assertionResults":[{"ancestorTitles":["GetDeviceAvailabilityUseCase","execute"],"duration":3,"failing":false,"failureDetails":[{"matcherResult":{"message":"expect(received).toHaveLength(expected)\n\nExpected length: 9\nReceived length: 8\nReceived array:  [\"10:00-12:00\", \"12:00-14:00\", \"14:00-16:00\", \"16:00-18:00\", \"18:00-20:00\", \"20:00-22:00\", \"22:00-26:00\", \"26:00-29:00\"]","pass":false}}],"failureMessages":["Error: expect(received).toHaveLength(expected)\n\nExpected length: 9\nReceived length: 8\nReceived array:  [\"10:00-12:00\", \"12:00-14:00\", \"14:00-16:00\", \"16:00-18:00\", \"18:00-20:00\", \"20:00-22:00\", \"22:00-26:00\", \"26:00-29:00\"]\n    at Object.<anonymous> (/Users/seeheejang/Documents/project/gameplaza-v2/src/application/use-cases/__tests__/get-device-availability.use-case.test.ts:63:41)\n    at processTicksAndRejections (node:internal/process/task_queues:105:5)"],"fullName":"GetDeviceAvailabilityUseCase execute should return all slots as available when no reservations","invocations":1,"location":null,"numPassingAsserts":2,"retryReasons":[],"startAt":1753650518579,"status":"failed","title":"should return all slots as available when no reservations"},{"ancestorTitles":["GetDeviceAvailabilityUseCase","execute"],"duration":3,"failing":false,"failureDetails":[{"matcherResult":{"message":"expect(received).toHaveLength(expected)\n\nExpected length: 7\nReceived length: 6\nReceived array:  [\"10:00-12:00\", \"12:00-14:00\", \"16:00-18:00\", \"20:00-22:00\", \"22:00-26:00\", \"26:00-29:00\"]","pass":false}}],"failureMessages":["Error: expect(received).toHaveLength(expected)\n\nExpected length: 7\nReceived length: 6\nReceived array:  [\"10:00-12:00\", \"12:00-14:00\", \"16:00-18:00\", \"20:00-22:00\", \"22:00-26:00\", \"26:00-29:00\"]\n    at Object.<anonymous> (/Users/seeheejang/Documents/project/gameplaza-v2/src/application/use-cases/__tests__/get-device-availability.use-case.test.ts:99:41)\n    at processTicksAndRejections (node:internal/process/task_queues:105:5)"],"fullName":"GetDeviceAvailabilityUseCase execute should mark reserved slots correctly","invocations":1,"location":null,"numPassingAsserts":3,"retryReasons":[],"startAt":1753650518615,"status":"failed","title":"should mark reserved slots correctly"},{"ancestorTitles":["GetDeviceAvailabilityUseCase","execute"],"duration":2,"failing":false,"failureDetails":[],"failureMessages":[],"fullName":"GetDeviceAvailabilityUseCase execute should throw error if device not found","invocations":1,"location":null,"numPassingAsserts":1,"retryReasons":[],"startAt":1753650518619,"status":"passed","title":"should throw error if device not found"}],"endTime":1753650518624,"message":"  ● GetDeviceAvailabilityUseCase › execute › should return all slots as available when no reservations\n\n    expect(received).toHaveLength(expected)\n\n    Expected length: 9\n    Received length: 8\n    Received array:  [\"10:00-12:00\", \"12:00-14:00\", \"14:00-16:00\", \"16:00-18:00\", \"18:00-20:00\", \"20:00-22:00\", \"22:00-26:00\", \"26:00-29:00\"]\n\n      61 |       expect(result.deviceId).toBe('device-1')\n      62 |       expect(result.date).toBe('2025-07-25')\n    > 63 |       expect(result.availableTimeSlots).toHaveLength(9) // 10-28시, 2시간 단위\n         |                                         ^\n      64 |       expect(result.reservedTimeSlots).toHaveLength(0)\n      65 |       expect(result.availableTimeSlots).toContain('14:00-16:00')\n      66 |       expect(result.availableTimeSlots).toContain('26:00-28:00')\n\n      at Object.<anonymous> (src/application/use-cases/__tests__/get-device-availability.use-case.test.ts:63:41)\n\n  ● GetDeviceAvailabilityUseCase › execute › should mark reserved slots correctly\n\n    expect(received).toHaveLength(expected)\n\n    Expected length: 7\n    Received length: 6\n    Received array:  [\"10:00-12:00\", \"12:00-14:00\", \"16:00-18:00\", \"20:00-22:00\", \"22:00-26:00\", \"26:00-29:00\"]\n\n       97 |       expect(result.reservedTimeSlots).toContain('14:00-16:00')\n       98 |       expect(result.reservedTimeSlots).toContain('18:00-20:00')\n    >  99 |       expect(result.availableTimeSlots).toHaveLength(7)\n          |                                         ^\n      100 |       expect(result.availableTimeSlots).not.toContain('14:00-16:00')\n      101 |       expect(result.availableTimeSlots).not.toContain('18:00-20:00')\n      102 |     })\n\n      at Object.<anonymous> (src/application/use-cases/__tests__/get-device-availability.use-case.test.ts:99:41)\n","name":"/Users/seeheejang/Documents/project/gameplaza-v2/src/application/use-cases/__tests__/get-device-availability.use-case.test.ts","startTime":1753650518368,"status":"failed","summary":""},{"assertionResults":[{"ancestorTitles":["v2 API Integration Tests - Admin Functions","예약 승인 기능"],"duration":8,"failing":false,"failureDetails":[{}],"failureMessages":["TypeError: Cannot read properties of undefined (reading 'status')\n    at Object.<anonymous> (/Users/seeheejang/Documents/project/gameplaza-v2/app/api/v2/__tests__/integration/admin.test.ts:102:23)\n    at processTicksAndRejections (node:internal/process/task_queues:105:5)"],"fullName":"v2 API Integration Tests - Admin Functions 예약 승인 기능 관리자가 예약 승인","invocations":1,"location":null,"numPassingAsserts":1,"retryReasons":[],"startAt":1753650518480,"status":"failed","title":"관리자가 예약 승인"},{"ancestorTitles":["v2 API Integration Tests - Admin Functions","예약 승인 기능"],"duration":1,"failing":false,"failureDetails":[{}],"failureMessages":["TypeError: Cannot read properties of undefined (reading 'status')\n    at Object.<anonymous> (/Users/seeheejang/Documents/project/gameplaza-v2/app/api/v2/__tests__/integration/admin.test.ts:112:23)\n    at processTicksAndRejections (node:internal/process/task_queues:105:5)"],"fullName":"v2 API Integration Tests - Admin Functions 예약 승인 기능 비관리자 접근 차단","invocations":1,"location":null,"numPassingAsserts":1,"retryReasons":[],"startAt":1753650518535,"status":"failed","title":"비관리자 접근 차단"},{"ancestorTitles":["v2 API Integration Tests - Admin Functions","예약 승인 기능"],"duration":30,"failing":false,"failureDetails":[{}],"failureMessages":["TypeError: Cannot read properties of undefined (reading 'status')\n    at Object.<anonymous> (/Users/seeheejang/Documents/project/gameplaza-v2/app/api/v2/__tests__/integration/admin.test.ts:136:23)\n    at processTicksAndRejections (node:internal/process/task_queues:105:5)"],"fullName":"v2 API Integration Tests - Admin Functions 예약 승인 기능 이미 승인된 예약 재승인 방지","invocations":1,"location":null,"numPassingAsserts":1,"retryReasons":[],"startAt":1753650518537,"status":"failed","title":"이미 승인된 예약 재승인 방지"},{"ancestorTitles":["v2 API Integration Tests - Admin Functions","예약 거절 기능"],"duration":1,"failing":false,"failureDetails":[{}],"failureMessages":["TypeError: Cannot read properties of undefined (reading 'status')\n    at Object.<anonymous> (/Users/seeheejang/Documents/project/gameplaza-v2/app/api/v2/__tests__/integration/admin.test.ts:169:23)\n    at processTicksAndRejections (node:internal/process/task_queues:105:5)"],"fullName":"v2 API Integration Tests - Admin Functions 예약 거절 기능 관리자가 예약 거절 및 사유 기록","invocations":1,"location":null,"numPassingAsserts":1,"retryReasons":[],"startAt":1753650518569,"status":"failed","title":"관리자가 예약 거절 및 사유 기록"},{"ancestorTitles":["v2 API Integration Tests - Admin Functions","예약 거절 기능"],"duration":9,"failing":false,"failureDetails":[{}],"failureMessages":["TypeError: Cannot read properties of undefined (reading 'status')\n    at Object.<anonymous> (/Users/seeheejang/Documents/project/gameplaza-v2/app/api/v2/__tests__/integration/admin.test.ts:180:23)\n    at processTicksAndRejections (node:internal/process/task_queues:105:5)"],"fullName":"v2 API Integration Tests - Admin Functions 예약 거절 기능 거절 사유 필수 입력","invocations":1,"location":null,"numPassingAsserts":1,"retryReasons":[],"startAt":1753650518571,"status":"failed","title":"거절 사유 필수 입력"},{"ancestorTitles":["v2 API Integration Tests - Admin Functions","체크인 기능"],"duration":1,"failing":false,"failureDetails":[{}],"failureMessages":["TypeError: Cannot read properties of undefined (reading 'status')\n    at Object.<anonymous> (/Users/seeheejang/Documents/project/gameplaza-v2/app/api/v2/__tests__/integration/admin.test.ts:225:23)\n    at processTicksAndRejections (node:internal/process/task_queues:105:5)"],"fullName":"v2 API Integration Tests - Admin Functions 체크인 기능 정상적인 체크인 처리","invocations":1,"location":null,"numPassingAsserts":1,"retryReasons":[],"startAt":1753650518581,"status":"failed","title":"정상적인 체크인 처리"},{"ancestorTitles":["v2 API Integration Tests - Admin Functions","체크인 기능"],"duration":1,"failing":false,"failureDetails":[{}],"failureMessages":["TypeError: Cannot read properties of undefined (reading 'status')\n    at Object.<anonymous> (/Users/seeheejang/Documents/project/gameplaza-v2/app/api/v2/__tests__/integration/admin.test.ts:250:23)\n    at processTicksAndRejections (node:internal/process/task_queues:105:5)"],"fullName":"v2 API Integration Tests - Admin Functions 체크인 기능 승인되지 않은 예약 체크인 방지","invocations":1,"location":null,"numPassingAsserts":1,"retryReasons":[],"startAt":1753650518582,"status":"failed","title":"승인되지 않은 예약 체크인 방지"},{"ancestorTitles":["v2 API Integration Tests - Admin Functions","체크인 기능"],"duration":0,"failing":false,"failureDetails":[],"failureMessages":[],"fullName":"v2 API Integration Tests - Admin Functions 체크인 기능 예약 시간 30분 전부터 체크인 허용","invocations":1,"location":null,"numPassingAsserts":1,"retryReasons":[],"startAt":1753650518583,"status":"passed","title":"예약 시간 30분 전부터 체크인 허용"},{"ancestorTitles":["v2 API Integration Tests - Admin Functions","예약 완료 및 노쇼 처리"],"duration":1,"failing":false,"failureDetails":[{}],"failureMessages":["TypeError: Cannot read properties of undefined (reading 'status')\n    at Object.<anonymous> (/Users/seeheejang/Documents/project/gameplaza-v2/app/api/v2/__tests__/integration/admin.test.ts:328:23)\n    at processTicksAndRejections (node:internal/process/task_queues:105:5)"],"fullName":"v2 API Integration Tests - Admin Functions 예약 완료 및 노쇼 처리 정상 완료 처리","invocations":1,"location":null,"numPassingAsserts":1,"retryReasons":[],"startAt":1753650518583,"status":"failed","title":"정상 완료 처리"},{"ancestorTitles":["v2 API Integration Tests - Admin Functions","예약 완료 및 노쇼 처리"],"duration":1,"failing":false,"failureDetails":[{}],"failureMessages":["TypeError: Cannot read properties of undefined (reading 'status')\n    at Object.<anonymous> (/Users/seeheejang/Documents/project/gameplaza-v2/app/api/v2/__tests__/integration/admin.test.ts:368:23)\n    at processTicksAndRejections (node:internal/process/task_queues:105:5)"],"fullName":"v2 API Integration Tests - Admin Functions 예약 완료 및 노쇼 처리 노쇼 처리 (예약 시간 30분 경과)","invocations":1,"location":null,"numPassingAsserts":1,"retryReasons":[],"startAt":1753650518584,"status":"failed","title":"노쇼 처리 (예약 시간 30분 경과)"},{"ancestorTitles":["v2 API Integration Tests - Admin Functions","예약 완료 및 노쇼 처리"],"duration":1,"failing":false,"failureDetails":[{}],"failureMessages":["TypeError: Cannot read properties of undefined (reading 'status')\n    at Object.<anonymous> (/Users/seeheejang/Documents/project/gameplaza-v2/app/api/v2/__tests__/integration/admin.test.ts:392:23)\n    at processTicksAndRejections (node:internal/process/task_queues:105:5)"],"fullName":"v2 API Integration Tests - Admin Functions 예약 완료 및 노쇼 처리 이미 체크인한 예약은 노쇼 처리 불가","invocations":1,"location":null,"numPassingAsserts":1,"retryReasons":[],"startAt":1753650518585,"status":"failed","title":"이미 체크인한 예약은 노쇼 처리 불가"},{"ancestorTitles":["v2 API Integration Tests - Admin Functions","성능 테스트"],"duration":0,"failing":false,"failureDetails":[],"failureMessages":[],"fullName":"v2 API Integration Tests - Admin Functions 성능 테스트 대량 예약 승인 처리 (10건)","invocations":1,"location":null,"numPassingAsserts":2,"retryReasons":[],"startAt":1753650518586,"status":"passed","title":"대량 예약 승인 처리 (10건)"}],"endTime":1753650518642,"message":"  ● v2 API Integration Tests - Admin Functions › 예약 승인 기능 › 관리자가 예약 승인\n\n    TypeError: Cannot read properties of undefined (reading 'status')\n\n      100 |       const response = await approveReservation(testReservation.id)\n      101 |       \n    > 102 |       expect(response.status).toBe(200)\n          |                       ^\n      103 |       expect(response.data.status).toBe('approved')\n      104 |     })\n      105 |\n\n      at Object.<anonymous> (app/api/v2/__tests__/integration/admin.test.ts:102:23)\n\n  ● v2 API Integration Tests - Admin Functions › 예약 승인 기능 › 비관리자 접근 차단\n\n    TypeError: Cannot read properties of undefined (reading 'status')\n\n      110 |       const response = await approveReservation(testReservation.id)\n      111 |       \n    > 112 |       expect(response.status).toBe(403)\n          |                       ^\n      113 |       expect(response.error).toContain('권한')\n      114 |     })\n      115 |\n\n      at Object.<anonymous> (app/api/v2/__tests__/integration/admin.test.ts:112:23)\n\n  ● v2 API Integration Tests - Admin Functions › 예약 승인 기능 › 이미 승인된 예약 재승인 방지\n\n    TypeError: Cannot read properties of undefined (reading 'status')\n\n      134 |       const response = await approveReservation(testReservation.id)\n      135 |       \n    > 136 |       expect(response.status).toBe(400)\n          |                       ^\n      137 |       expect(response.error).toContain('이미 승인')\n      138 |     })\n      139 |   })\n\n      at Object.<anonymous> (app/api/v2/__tests__/integration/admin.test.ts:136:23)\n\n  ● v2 API Integration Tests - Admin Functions › 예약 거절 기능 › 관리자가 예약 거절 및 사유 기록\n\n    TypeError: Cannot read properties of undefined (reading 'status')\n\n      167 |       const response = await rejectReservation(testReservation.id, rejectionReason)\n      168 |       \n    > 169 |       expect(response.status).toBe(200)\n          |                       ^\n      170 |       expect(response.data.status).toBe('rejected')\n      171 |       expect(response.data.admin_notes).toBe(rejectionReason)\n      172 |     })\n\n      at Object.<anonymous> (app/api/v2/__tests__/integration/admin.test.ts:169:23)\n\n  ● v2 API Integration Tests - Admin Functions › 예약 거절 기능 › 거절 사유 필수 입력\n\n    TypeError: Cannot read properties of undefined (reading 'status')\n\n      178 |       const response = await rejectReservation(testReservation.id, '')\n      179 |       \n    > 180 |       expect(response.status).toBe(400)\n          |                       ^\n      181 |       expect(response.error).toContain('거절 사유')\n      182 |     })\n      183 |   })\n\n      at Object.<anonymous> (app/api/v2/__tests__/integration/admin.test.ts:180:23)\n\n  ● v2 
[...]
)\n    at _runTestsForDescribeBlock (/Users/seeheejang/Documents/project/gameplaza-v2/node_modules/@jest/core/node_modules/jest-circus/build/jestAdapterInit.js:829:11)\n    at run (/Users/seeheejang/Documents/project/gameplaza-v2/node_modules/@jest/core/node_modules/jest-circus/build/jestAdapterInit.js:757:3)\n    at runAndTransformResultsToJestFormat (/Users/seeheejang/Documents/project/gameplaza-v2/node_modules/@jest/core/node_modules/jest-circus/build/jestAdapterInit.js:1920:21)\n    at jestAdapter (/Users/seeheejang/Documents/project/gameplaza-v2/node_modules/@jest/core/node_modules/jest-circus/build/runner.js:101:19)\n    at runTestInternal (/Users/seeheejang/Documents/project/gameplaza-v2/node_modules/@jest/core/node_modules/jest-runner/build/testWorker.js:275:16)\n    at runTest (/Users/seeheejang/Documents/project/gameplaza-v2/node_modules/@jest/core/node_modules/jest-runner/build/testWorker.js:343:7)\n    at Object.worker (/Users/seeheejang/Documents/project/gameplaza-v2/node_modules/@jest/core/node_modules/jest-runner/build/testWorker.js:497:12)"],"fullName":"DeviceSelector 빈 상태가 올바르게 표시되어야 한다","invocations":1,"location":null,"numPassingAsserts":0,"retryReasons":[],"startAt":1753650523628,"status":"failed","title":"빈 상태가 올바르게 표시되어야 한다"},{"ancestorTitles":["DeviceSelector"],"duration":0,"failing":false,"failureDetails":[{}],"failureMessages":["ReferenceError: React is not defined\n    at Object.<anonymous> (/Users/seeheejang/Documents/project/gameplaza-v2/src/components/ui/__tests__/DeviceSelector.test.tsx:139:7)\n    at Promise.finally.completed (/Users/seeheejang/Documents/project/gameplaza-v2/node_modules/@jest/core/node_modules/jest-circus/build/jestAdapterInit.js:1559:28)\n    at new Promise (<anonymous>)\n    at callAsyncCircusFn (/Users/seeheejang/Documents/project/gameplaza-v2/node_modules/@jest/core/node_modules/jest-circus/build/jestAdapterInit.js:1499:10)\n    at _callCircusTest (/Users/seeheejang/Documents/project/gameplaza-v2/node_modules/@jest/core/node_modules/jest-circus/build/jestAdapterInit.js:1009:40)\n    at processTicksAndRejections (node:internal/process/task_queues:105:5)\n    at _runTest (/Users/seeheejang/Documents/project/gameplaza-v2/node_modules/@jest/core/node_modules/jest-circus/build/jestAdapterInit.js:949:3)\n    at _runTestsForDescribeBlock (/Users/seeheejang/Documents/project/gameplaza-v2/node_modules/@jest/core/node_modules/jest-circus/build/jestAdapterInit.js:839:13)\n    at _runTestsForDescribeBlock (/Users/seeheejang/Documents/project/gameplaza-v2/node_modules/@jest/core/node_modules/jest-circus/build/jestAdapterInit.js:829:11)\n    at run (/Users/seeheejang/Documents/project/gameplaza-v2/node_modules/@jest/core/node_modules/jest-circus/build/jestAdapterInit.js:757:3)\n    at runAndTransformResultsToJestFormat (/Users/seeheejang/Documents/project/gameplaza-v2/node_modules/@jest/core/node_modules/jest-circus/build/jestAdapterInit.js:1920:21)\n    at jestAdapter (/Users/seeheejang/Documents/project/gameplaza-v2/node_modules/@jest/core/node_modules/jest-circus/build/runner.js:101:19)\n    at runTestInternal (/Users/seeheejang/Documents/project/gameplaza-v2/node_modules/@jest/core/node_modules/jest-runner/build/testWorker.js:275:16)\n    at runTest (/Users/seeheejang/Documents/project/gameplaza-v2/node_modules/@jest/core/node_modules/jest-runner/build/testWorker.js:343:7)\n    at Object.worker (/Users/seeheejang/Documents/project/gameplaza-v2/node_modules/@jest/core/node_modules/jest-runner/build/testWorker.js:497:12)"],"fullName":"DeviceSelector 카테고리별 그룹핑이 올바르게 작동해야 한다","invocations":1,"location":null,"numPassingAsserts":0,"retryReasons":[],"startAt":1753650523628,"status":"failed","title":"카테고리별 그룹핑이 올바르게 작동해야 한다"},{"ancestorTitles":["DeviceSelector"],"duration":0,"failing":false,"failureDetails":[{}],"failureMessages":["ReferenceError: React is not defined\n    at Object.<anonymous> (/Users/seeheejang/Documents/project/gameplaza-v2/src/components/ui/__tests__/DeviceSelector.test.tsx:157:7)\n    at Promise.finally.completed (/Users/seeheejang/Documents/project/gameplaza-v2/node_modules/@jest/core/node_modules/jest-circus/build/jestAdapterInit.js:1559:28)\n    at new Promise (<anonymous>)\n    at callAsyncCircusFn (/Users/seeheejang/Documents/project/gameplaza-v2/node_modules/@jest/core/node_modules/jest-circus/build/jestAdapterInit.js:1499:10)\n    at _callCircusTest (/Users/seeheejang/Documents/project/gameplaza-v2/node_modules/@jest/core/node_modules/jest-circus/build/jestAdapterInit.js:1009:40)\n    at processTicksAndRejections (node:internal/process/task_queues:105:5)\n    at _runTest (/Users/seeheejang/Documents/project/gameplaza-v2/node_modules/@jest/core/node_modules/jest-circus/build/jestAdapterInit.js:949:3)\n    at _runTestsForDescribeBlock (/Users/seeheejang/Documents/project/gameplaza-v2/node_modules/@jest/core/node_modules/jest-circus/build/jestAdapterInit.js:839:13)\n    at _runTestsForDescribeBlock (/Users/seeheejang/Documents/project/gameplaza-v2/node_modules/@jest/core/node_modules/jest-circus/build/jestAdapterInit.js:829:11)\n    at run (/Users/seeheejang/Documents/project/gameplaza-v2/node_modules/@jest/core/node_modules/jest-circus/build/jestAdapterInit.js:757:3)\n    at runAndTransformResultsToJestFormat (/Users/seeheejang/Documents/project/gameplaza-v2/node_modules/@jest/core/node_modules/jest-circus/build/jestAdapterInit.js:1920:21)\n    at jestAdapter (/Users/seeheejang/Documents/project/gameplaza-v2/node_modules/@jest/core/node_modules/jest-circus/build/runner.js:101:19)\n    at runTestInternal (/Users/seeheejang/Documents/project/gameplaza-v2/node_modules/@jest/core/node_modules/jest-runner/build/testWorker.js:275:16)\n    at runTest (/Users/seeheejang/Documents/project/gameplaza-v2/node_modules/@jest/core/node_modules/jest-runner/build/testWorker.js:343:7)\n    at Object.worker (/Users/seeheejang/Documents/project/gameplaza-v2/node_modules/@jest/core/node_modules/jest-runner/build/testWorker.js:497:12)"],"fullName":"DeviceSelector 기기 정보가 올바르게 표시되어야 한다","invocations":1,"location":null,"numPassingAsserts":0,"retryReasons":[],"startAt":1753650523629,"status":"failed","title":"기기 정보가 올바르게 표시되어야 한다"},{"ancestorTitles":["DeviceSelector"],"duration":0,"failing":false,"failureDetails":[{}],"failureMessages":["ReferenceError: React is not defined\n    at Object.<anonymous> (/Users/seeheejang/Documents/project/gameplaza-v2/src/components/ui/__tests__/DeviceSelector.test.tsx:178:7)\n    at Promise.finally.completed (/Users/seeheejang/Documents/project/gameplaza-v2/node_modules/@jest/core/node_modules/jest-circus/build/jestAdapterInit.js:1559:28)\n    at new Promise (<anonymous>)\n    at callAsyncCircusFn (/Users/seeheejang/Documents/project/gameplaza-v2/node_modules/@jest/core/node_modules/jest-circus/build/jestAdapterInit.js:1499:10)\n    at _callCircusTest (/Users/seeheejang/Documents/project/gameplaza-v2/node_modules/@jest/core/node_modules/jest-circus/build/jestAdapterInit.js:1009:40)\n    at processTicksAndRejections (node:internal/process/task_queues:105:5)\n    at _runTest (/Users/seeheejang/Documents/project/gameplaza-v2/node_modules/@jest/core/node_modules/jest-circus/build/jestAdapterInit.js:949:3)\n    at _runTestsForDescribeBlock (/Users/seeheejang/Documents/project/gameplaza-v2/node_modules/@jest/core/node_modules/jest-circus/build/jestAdapterInit.js:839:13)\n    at _runTestsForDescribeBlock (/Users/seeheejang/Documents/project/gameplaza-v2/node_modules/@jest/core/node_modules/jest-circus/build/jestAdapterInit.js:829:11)\n    at run (/Users/seeheejang/Documents/project/gameplaza-v2/node_modules/@jest/core/node_modules/jest-circus/build/jestAdapterInit.js:757:3)\n    at runAndTransformResultsToJestFormat (/Users/seeheejang/Documents/project/gameplaza-v2/node_modules/@jest/core/node_modules/jest-circus/build/jestAdapterInit.js:1920:21)\n    at jestAdapter (/Users/seeheejang/Documents/project/gameplaza-v2/node_modules/@jest/core/node_modules/jest-circus/build/runner.js:101:19)\n    at runTestInternal (/Users/seeheejang/Documents/project/gameplaza-v2/node_modules/@jest/core/node_modules/jest-runner/build/testWorker.js:275:16)\n    at runTest (/Users/seeheejang/Documents/project/gameplaza-v2/node_modules/@jest/core/node_modules/jest-runner/build/testWorker.js:343:7)\n    at Object.worker (/Users/seeheejang/Documents/project/gameplaza-v2/node_modules/@jest/core/node_modules/jest-runner/build/testWorker.js:497:12)"],"fullName":"DeviceSelector 승인 필요 배지가 올바르게 표시되어야 한다","invocations":1,"location":null,"numPassingAsserts":0,"retryReasons":[],"startAt":1753650523629,"status":"failed","title":"승인 필요 배지가 올바르게 표시되어야 한다"},{"ancestorTitles":["DeviceSelector"],"duration":0,"failing":false,"failureDetails":[{}],"failureMessages":["ReferenceError: React is not defined\n    at Object.<anonymous> (/Users/seeheejang/Documents/project/gameplaza-v2/src/components/ui/__tests__/DeviceSelector.test.tsx:192:7)\n    at Promise.finally.completed (/Users/seeheejang/Documents/project/gameplaza-v2/node_modules/@jest/core/node_modules/jest-circus/build/jestAdapterInit.js:1559:28)\n    at new Promise (<anonymous>)\n    at callAsyncCircusFn (/Users/seeheejang/Documents/project/gameplaza-v2/node_modules/@jest/core/node_modules/jest-circus/build/jestAdapterInit.js:1499:10)\n    at _callCircusTest (/Users/seeheejang/Documents/project/gameplaza-v2/node_modules/@jest/core/node_modules/jest-circus/build/jestAdapterInit.js:1009:40)\n    at processTicksAndRejections (node:internal/process/task_queues:105:5)\n    at _runTest (/Users/seeheejang/Documents/project/gameplaza-v2/node_modules/@jest/core/node_modules/jest-circus/build/jestAdapterInit.js:949:3)\n    at _runTestsForDescribeBlock (/Users/seeheejang/Documents/project/gameplaza-v2/node_modules/@jest/core/node_modules/jest-circus/build/jestAdapterInit.js:839:13)\n    at _runTestsForDescribeBlock (/Users/seeheejang/Documents/project/gameplaza-v2/node_modules/@jest/core/node_modules/jest-circus/build/jestAdapterInit.js:829:11)\n    at run (/Users/seeheejang/Documents/project/gameplaza-v2/node_modules/@jest/core/node_modules/jest-circus/build/jestAdapterInit.js:757:3)\n    at runAndTransformResultsToJestFormat (/Users/seeheejang/Documents/project/gameplaza-v2/node_modules/@jest/core/node_modules/jest-circus/build/jestAdapterInit.js:1920:21)\n    at jestAdapter (/Users/seeheejang/Documents/project/gameplaza-v2/node_modules/@jest/core/node_modules/jest-circus/build/runner.js:101:19)\n    at runTestInternal (/Users/seeheejang/Documents/project/gameplaza-v2/node_modules/@jest/core/node_modules/jest-runner/build/testWorker.js:275:16)\n    at runTest (/Users/seeheejang/Documents/project/gameplaza-v2/node_modules/@jest/core/node_modules/jest-runner/build/testWorker.js:343:7)\n    at Object.worker (/Users/seeheejang/Documents/project/gameplaza-v2/node_modules/@jest/core/node_modules/jest-runner/build/testWorker.js:497:12)"],"fullName":"DeviceSelector 최대 플레이어 수가 표시되어야 한다","invocations":1,"location":null,"numPassingAsserts":0,"retryReasons":[],"startAt":1753650523629,"status":"failed","title":"최대 플레이어 수가 표시되어야 한다"},{"ancestorTitles":["DeviceSelector"],"duration":0,"failing":false,"failureDetails":[{}],"failureMessages":["ReferenceError: React is not defined\n    at Object.<anonymous> (/Users/seeheejang/Documents/project/gameplaza-v2/src/components/ui/__tests__/DeviceSelector.test.tsx:210:7)\n    at Promise.finally.completed (/Users/seeheejang/Documents/project/gameplaza-v2/node_modules/@jest/core/node_modules/jest-circus/build/jestAdapterInit.js:1559:28)\n    at new Promise (<anonymous>)\n    at callAsyncCircusFn (/Users/seeheejang/Documents/project/gameplaza-v2/node_modules/@jest/core/node_modules/jest-circus/build/jestAdapterInit.js:1499:10)\n    at _callCircusTest (/Users/seeheejang/Documents/project/gameplaza-v2/node_modules/@jest/core/node_modules/jest-circus/build/jestAdapterInit.js:1009:40)\n    at processTicksAndRejections (node:internal/process/task_queues:105:5)\n    at _runTest (/Users/seeheejang/Documents/project/gameplaza-v2/node_modules/@jest/core/node_modules/jest-circus/build/jestAdapterInit.js:949:3)\n    at _runTestsForDescribeBlock (/Users/seeheejang/Documents/project/gameplaza-v2/node_modules/@jest/core/node_modules/jest-circus/build/jestAdapterInit.js:839:13)\n    at _runTestsForDescribeBlock (/Users/seeheejang/Documents/project/gameplaza-v2/node_modules/@jest/core/node_modules/jest-circus/build/jestAdapterInit.js:829:11)\n    at run (/Users/seeheejang/Documents/project/gameplaza-v2/node_modules/@jest/core/node_modules/jest-circus/build/jestAdapterInit.js:757:3)\n    at runAndTransformResultsToJestFormat (/Users/seeheejang/Documents/project/gameplaza-v2/node_modules/@jest/core/node_modules/jest-circus/build/jestAdapterInit.js:1920:21)\n    at jestAdapter (/Users/seeheejang/Documents/project/gameplaza-v2/node_modules/@jest/core/node_modules/jest-circus/build/runner.js:101:19)\n    at runTestInternal (/Users/seeheejang/Documents/project/gameplaza-v2/node_modules/@jest/core/node_modules/jest-runner/build/testWorker.js:275:16)\n    at runTest (/Users/seeheejang/Documents/project/gameplaza-v2/node_modules/@jest/core/node_modules/jest-runner/build/testWorker.js:343:7)\n    at Object.worker (/Users/seeheejang/Documents/project/gameplaza-v2/node_modules/@jest/core/node_modules/jest-runner/build/testWorker.js:497:12)"],"fullName":"DeviceSelector 커스텀 렌더링이 작동해야 한다","invocations":1,"location":null,"numPassingAsserts":0,"retryReasons":[],"startAt":1753650523630,"status":"failed","title":"커스텀 렌더링이 작동해야 한다"}],"endTime":1753650523651,"message":"  ● DeviceSelector › 기기 목록이 올바르게 렌더링되어야 한다\n\n    ReferenceError: React is not defined\n\n      43 |   it('기기 목록이 올바르게 렌더링되어야 한다', () => {\n      44 |     render(\n    > 45 |       <DeviceSelector\n         |       ^\n      46 |         deviceTypes={mockDeviceTypes}\n      47 |         onDeviceSelect={mockOnDeviceSelect}\n      48 |       />\n\n      at Object.<anonymous> (src/components/ui/__tests__/DeviceSelector.test.tsx:45:7)\n\n  ● DeviceSelector › 기기 클릭 시 onDeviceSelect가 호출되어야 한다\n\n    ReferenceError: React is not defined\n\n      57 |   it('기기 클릭 시 onDeviceSelect가 호출되어야 한다', () => {\n      58 |     render(\n    > 59 |       <DeviceSelector\n         |       ^\n      60 |         deviceTypes={mockDeviceTypes}\n      61 |         onDeviceSelect={mockOnDeviceSelect}\n      62 |       />\n\n      at Object.<anonymous> (src/components/ui/__tests__/DeviceSelector.test.tsx:59:7)\n\n  ● DeviceSelector › 선택된 기기가 하이라이트되어야 한다\n\n    ReferenceError: React is not defined\n\n      71 |   it('선택된 기기가 하이라이트되어야 한다', () => {\n      72 |     render(\n    > 73 |       <DeviceSelector\n         |       ^\n      74 |         deviceTypes={mockDeviceTypes}\n      75 |         selectedDeviceId=\"2\"\n      76 |         onDeviceSelect={mockOnDeviceSelect}\n\n      at Object.<anonymous> (src/components/ui/__tests__/DeviceSelector.test.tsx:73:7)\n\n  ● DeviceSelector › 사용 불가능한 기기는 비활성화되어야 한다\n\n    ReferenceError: React is not defined\n\n      84 |   it('사용 불가능한 기기는 비활성화되어야 한다', () => {\n      85 |     render(\n    > 86 |       <DeviceSelector\n         |       ^\n      87 |         deviceTypes={mockDeviceTypes}\n      88 |         onDeviceSelect={mockOnDeviceSelect}\n      89 |       />\n\n      at Object.<anonymous> (src/components/ui/__tests__/DeviceSelector.test.tsx:86:7)\n\n  ● DeviceSelector › 로딩 상태가 올바르게 표시되어야 한다\n\n    ReferenceError: React is not defined\n\n       97 |   it('로딩 상태가 올바르게 표시되어야 한다', () => {\n       98 |     const { container } = render(\n    >  99 |       <DeviceSelector\n          |       ^\n      100 |         deviceTypes={[]}\n      101 |         isLoading={true}\n      102 |         onDeviceSelect={mockOnDeviceSelect}\n\n      at Object.<anonymous> (src/components/ui/__tests__/DeviceSelector.test.tsx:99:7)\n\n  ● DeviceSelector › 에러 상태가 올바르게 표시되어야 한다\n\n    ReferenceError: React is not defined\n\n      112 |     const errorMessage = '기기 정보를 불러올 수 없습니다';\n      113 |     render(\n    > 114 |       <DeviceSelector\n          |       ^\n      115 |         deviceTypes={[]}\n      116 |         error={errorMessage}\n      117 |         onDeviceSelect={mockOnDeviceSelect}\n\n      at Object.<anonymous> (src/components/ui/__tests__/DeviceSelector.test.tsx:114:7)\n\n  ● DeviceSelector › 빈 상태가 올바르게 표시되어야 한다\n\n    ReferenceError: React is not defined\n\n      125 |     const emptyMessage = '사용 가능한 기기가 없습니다';\n      126 |     render(\n    > 127 |       <DeviceSelector\n          |       ^\n      128 |         deviceTypes={[]}\n      129 |         emptyMessage={emptyMessage}\n      130 |         onDeviceSelect={mockOnDeviceSelect}\n\n      at Object.<anonymous> (src/components/ui/__tests__/DeviceSelector.test.tsx:127:7)\n\n  ● DeviceSelector › 카테고리별 그룹핑이 올바르게 작동해야 한다\n\n    ReferenceError: React is not defined\n\n      137 |   it('카테고리별 그룹핑이 올바르게 작동해야 한다', () => {\n      138 |     render(\n    > 139 |       <DeviceSelector\n          |       ^\n      140 |         deviceTypes={mockDeviceTypes}\n      141 |         groupByCategory={true}\n      142 |         onDeviceSelect={mockOnDeviceSelect}\n\n      at Object.<anonymous> (src/components/ui/__tests__/DeviceSelector.test.tsx:139:7)\n\n  ● DeviceSelector › 기기 정보가 올바르게 표시되어야 한다\n\n    ReferenceError: React is not defined\n\n      155 |   it('기기 정보가 올바르게 표시되어야 한다', () => {\n      156 |     render(\n    > 157 |       <DeviceSelector\n          |       ^\n      158 |         deviceTypes={mockDeviceTypes}\n      159 |         onDeviceSelect={mockOnDeviceSelect}\n      160 |       />\n\n      at Object.<anonymous> (src/components/ui/__tests__/DeviceSelector.test.tsx:157:7)\n\n  ● DeviceSelector › 승인 필요 배지가 올바르게 표시되어야 한다\n\n    ReferenceError: React is not defined\n\n      176 |   it('승인 필요 배지가 올바르게 표시되어야 한다', () => {\n      177 |     render(\n    > 178 |       <DeviceSelector\n          |       ^\n      179 |         deviceTypes={mockDeviceTypes}\n      180 |         onDeviceSelect={mockOnDeviceSelect}\n      181 |       />\n\n      at Object.<anonymous> (src/components/ui/__tests__/DeviceSelector.test.tsx:178:7)\n\n  ● DeviceSelector › 최대 플레이어 수가 표시되어야 한다\n\n    ReferenceError: React is not defined\n\n      190 |   it('최대 플레이어 수가 표시되어야 한다', () => {\n      191 |     render(\n    > 192 |       <DeviceSelector\n          |       ^\n      193 |         deviceTypes={mockDeviceTypes}\n      194 |         onDeviceSelect={mockOnDeviceSelect}\n      195 |       />\n\n      at Object.<anonymous> (src/components/ui/__tests__/DeviceSelector.test.tsx:192:7)\n\n  ● DeviceSelector › 커스텀 렌더링이 작동해야 한다\n\n    ReferenceError: React is not defined\n\n      208 |\n      209 |     render(\n    > 210 |       <DeviceSelector\n          |       ^\n      211 |         deviceTypes={mockDeviceTypes}\n      212 |         selectedDeviceId=\"1\"\n      213 |         onDeviceSelect={mockOnDeviceSelect}\n\n      at Object.<anonymous> (src/components/ui/__tests__/DeviceSelector.test.tsx:210:7)\n","name":"/Users/seeheejang/Documents/project/gameplaza-v2/src/components/ui/__tests__/DeviceSelector.test.tsx","startTime":1753650523195,"status":"failed","summary":""},{"assertionResults":[],"coverage":{},"endTime":1753650524048,"message":"  ● Test suite failed to run\n\n    ReferenceError: Request is not defined\n\n    > 1 | import { NextRequest } from 'next/server'\n        | ^\n      2 | import { GET, POST } from '../route'\n      3 | import { PATCH as confirmPayment } from '../[id]/payment/route'\n      4 | import { PATCH as checkout } from '../[id]/checkout/route'\n\n      at Object.Request (node_modules/next/src/server/web/spec-extension/request.ts:14:34)\n      at Object.<anonymous> (node_modules/next/server.js:2:16)\n      at Object.<anonymous> (app/api/v2/checkins/__tests__/checkin-api.test.ts:1:1)\n","name":"/Users/seeheejang/Documents/project/gameplaza-v2/app/api/v2/checkins/__tests__/checkin-api.test.ts","startTime":1753650524048,"status":"failed","summary":""}],"wasInterrupted":false}
