TN:
SF:app/error.tsx
FN:7,Error
FNF:1
FNH:0
FNDA:0,Error
DA:5,0
DA:7,0
LF:2
LH:0
BRF:0
BRH:0
end_of_record
TN:
SF:app/layout.tsx
FN:64,RootLayout
FNF:1
FNH:0
FNDA:0,RootLayout
DA:2,0
DA:3,0
DA:4,0
DA:5,0
DA:6,0
DA:7,0
DA:8,0
DA:9,0
DA:10,0
DA:11,0
DA:17,0
DA:23,0
DA:57,0
DA:64,0
LF:14
LH:0
BRF:0
BRH:0
end_of_record
TN:
SF:app/loading.tsx
FN:4,Loading
FNF:1
FNH:0
FNDA:0,Loading
DA:4,0
LF:1
LH:0
BRF:0
BRH:0
end_of_record
TN:
SF:app/not-found.tsx
FN:5,NotFound
FNF:1
FNH:0
FNDA:0,NotFound
DA:3,0
DA:5,0
LF:2
LH:0
BRF:0
BRH:0
end_of_record
TN:
SF:app/page.tsx
FN:7,Home
FNF:1
FNH:0
FNDA:0,Home
DA:3,0
DA:4,0
DA:5,0
DA:7,0
LF:4
LH:0
BRF:0
BRH:0
end_of_record
TN:
SF:app/providers.tsx
FN:11,Providers
FN:12,(anonymous_2)
FN:15,(anonymous_3)
FN:18,(anonymous_4)
FN:22,(anonymous_5)
FN:25,(anonymous_6)
FN:36,(anonymous_7)
FN:44,(anonymous_8)
FN:52,(anonymous_9)
FN:55,(anonymous_10)
FNF:10
FNH:0
FNDA:0,Providers
FNDA:0,(anonymous_2)
FNDA:0,(anonymous_3)
FNDA:0,(anonymous_4)
FNDA:0,(anonymous_5)
FNDA:0,(anonymous_6)
FNDA:0,(anonymous_7)
FNDA:0,(anonymous_8)
FNDA:0,(anonymous_9)
FNDA:0,(anonymous_10)
DA:3,0
DA:4,0
DA:11,0
DA:12,0
DA:14,0
DA:15,0
DA:16,0
DA:19,0
DA:22,0
DA:23,0
DA:24,0
DA:25,0
DA:26,0
DA:28,0
DA:29,0
DA:37,0
DA:43,0
DA:44,0
DA:45,0
DA:46,0
DA:49,0
DA:50,0
DA:51,0
DA:52,0
DA:53,0
DA:54,0
DA:55,0
DA:56,0
DA:57,0
DA:59,0
LF:30
LH:0
BRDA:14,0,0,0
BRDA:14,0,1,0
BRDA:24,1,0,0
BRDA:24,1,1,0
BRDA:26,2,0,0
BRDA:26,2,1,0
BRDA:26,3,0,0
BRDA:26,3,1,0
BRDA:28,4,0,0
BRDA:28,4,1,0
BRDA:50,5,0,0
BRDA:50,5,1,0
BRDA:53,6,0,0
BRDA:53,6,1,0
BRDA:56,7,0,0
BRDA:56,7,1,0
BRF:16
BRH:0
end_of_record
TN:
SF:app/admin/layout.tsx
FN:30,AdminLayout
FN:42,(anonymous_3)
FN:43,(anonymous_4)
FN:102,(anonymous_5)
FN:132,(anonymous_6)
FN:142,(anonymous_7)
FN:153,(anonymous_8)
FN:209,(anonymous_9)
FNF:8
FNH:0
FNDA:0,AdminLayout
FNDA:0,(anonymous_3)
FNDA:0,(anonymous_4)
FNDA:0,(anonymous_5)
FNDA:0,(anonymous_6)
FNDA:0,(anonymous_7)
FNDA:0,(anonymous_8)
FNDA:0,(anonymous_9)
DA:5,0
DA:6,0
DA:7,0
DA:8,0
DA:9,0
DA:28,0
DA:30,0
DA:35,0
DA:36,0
DA:37,0
DA:38,0
DA:39,0
DA:42,0
DA:43,0
DA:44,0
DA:46,0
DA:47,0
DA:48,0
DA:51,0
DA:52,0
DA:53,0
DA:55,0
DA:56,0
DA:57,0
DA:60,0
DA:62,0
DA:63,0
DA:67,0
DA:70,0
DA:87,0
DA:102,0
DA:132,0
DA:143,0
DA:145,0
DA:149,0
DA:153,0
DA:209,0
LF:37
LH:0
BRDA:44,0,0,0
BRDA:44,0,1,0
BRDA:46,1,0,0
BRDA:46,1,1,0
BRDA:55,2,0,0
BRDA:55,2,1,0
BRDA:55,3,0,0
BRDA:55,3,1,0
BRDA:87,4,0,0
BRDA:87,4,1,0
BRDA:87,5,0,0
BRDA:87,5,1,0
BRDA:124,6,0,0
BRDA:124,6,1,0
BRDA:145,7,0,0
BRDA:145,7,1,0
BRDA:155,8,0,0
BRDA:155,8,1,0
BRDA:172,9,0,0
BRDA:174,10,0,0
BRDA:174,10,1,0
BRDA:181,11,0,0
BRDA:181,11,1,0
BRDA:187,12,0,0
BRDA:187,12,1,0
BRDA:206,13,0,0
BRF:26
BRH:0
end_of_record
TN:
SF:app/admin/page.tsx
FN:61,AdminDashboard
FN:65,(anonymous_3)
FN:71,(anonymous_4)
FN:74,(anonymous_5)
FN:181,(anonymous_6)
FN:201,(anonymous_7)
FN:204,(anonymous_8)
FN:216,(anonymous_9)
FN:321,(anonymous_10)
FN:539,(anonymous_11)
FNF:10
FNH:0
FNDA:0,AdminDashboard
FNDA:0,(anonymous_3)
FNDA:0,(anonymous_4)
FNDA:0,(anonymous_5)
FNDA:0,(anonymous_6)
FNDA:0,(anonymous_7)
FNDA:0,(anonymous_8)
FNDA:0,(anonymous_9)
FNDA:0,(anonymous_10)
FNDA:0,(anonymous_11)
DA:5,0
DA:23,0
DA:24,0
DA:25,0
DA:61,0
DA:62,0
DA:63,0
DA:65,0
DA:66,0
DA:69,0
DA:71,0
DA:74,0
DA:75,0
DA:76,0
DA:77,0
DA:79,0
DA:80,0
DA:82,0
DA:84,0
DA:88,0
DA:96,0
DA:105,0
DA:155,0
DA:158,0
DA:181,0
DA:201,0
DA:204,0
DA:216,0
DA:322,0
DA:323,0
DA:329,0
DA:331,0
DA:540,0
DA:549,0
DA:551,0
LF:35
LH:0
BRDA:77,0,0,0
BRDA:77,0,1,0
BRDA:88,1,0,0
BRDA:88,1,1,0
BRDA:96,2,0,0
BRDA:96,2,1,0
BRDA:111,3,0,0
BRDA:111,3,1,0
BRDA:121,4,0,0
BRDA:121,4,1,0
BRDA:125,5,0,0
BRDA:125,5,1,0
BRDA:135,6,0,0
BRDA:135,6,1,0
BRDA:145,7,0,0
BRDA:145,7,1,0
BRDA:181,8,0,0
BRDA:181,8,1,0
BRDA:201,9,0,0
BRDA:207,10,0,0
BRDA:216,11,0,0
BRDA:225,12,0,0
BRDA:261,13,0,0
BRDA:278,14,0,0
BRDA:341,15,0,0
BRDA:341,15,1,0
BRDA:351,16,0,0
BRDA:357,17,0,0
BRDA:357,17,1,0
BRDA:362,18,0,0
BRDA:373,19,0,0
BRDA:412,20,0,0
BRDA:412,20,1,0
BRDA:420,21,0,0
BRDA:436,22,0,0
BRDA:518,23,0,0
BRF:36
BRH:0
end_of_record
TN:
SF:app/admin/admins/page.tsx
FN:29,AdminManagementPage
FN:40,(anonymous_2)
FN:45,(anonymous_3)
FN:51,(anonymous_4)
FN:78,(anonymous_5)
FN:96,(anonymous_6)
FN:130,(anonymous_7)
FN:220,(anonymous_8)
FN:224,(anonymous_9)
FN:248,(anonymous_10)
FN:284,(anonymous_11)
FNF:11
FNH:0
FNDA:0,AdminManagementPage
FNDA:0,(anonymous_2)
FNDA:0,(anonymous_3)
FNDA:0,(anonymous_4)
FNDA:0,(anonymous_5)
FNDA:0,(anonymous_6)
FNDA:0,(anonymous_7)
FNDA:0,(anonymous_8)
FNDA:0,(anonymous_9)
FNDA:0,(anonymous_10)
FNDA:0,(anonymous_11)
DA:5,0
DA:6,0
DA:18,0
DA:19,0
DA:29,0
DA:30,0
DA:31,0
DA:32,0
DA:33,0
DA:34,0
DA:35,0
DA:36,0
DA:37,0
DA:40,0
DA:41,0
DA:45,0
DA:46,0
DA:47,0
DA:51,0
DA:52,0
DA:53,0
DA:54,0
DA:56,0
DA:57,0
DA:58,0
DA:59,0
DA:60,0
DA:63,0
DA:64,0
DA:65,0
DA:66,0
DA:67,0
DA:70,0
DA:72,0
DA:73,0
DA:74,0
DA:78,0
DA:79,0
DA:80,0
DA:81,0
DA:83,0
DA:84,0
DA:87,0
DA:89,0
DA:90,0
DA:92,0
DA:96,0
DA:97,0
DA:98,0
DA:99,0
DA:102,0
DA:103,0
DA:104,0
DA:106,0
DA:107,0
DA:113,0
DA:115,0
DA:116,0
DA:119,0
DA:120,0
DA:121,0
DA:123,0
DA:124,0
DA:126,0
DA:130,0
DA:131,0
DA:132,0
DA:135,0
DA:136,0
DA:140,0
DA:142,0
DA:143,0
DA:146,0
DA:147,0
DA:149,0
DA:150,0
DA:154,0
DA:162,0
DA:220,0
DA:224,0
DA:249,0
DA:284,0
LF:82
LH:0
BRDA:46,0,0,0
BRDA:46,0,1,0
BRDA:56,1,0,0
BRDA:56,1,1,0
BRDA:56,2,0,0
BRDA:56,2,1,0
BRDA:63,3,0,0
BRDA:63,3,1,0
BRDA:83,4,0,0
BRDA:83,4,1,0
BRDA:84,5,0,0
BRDA:84,5,1,0
BRDA:90,6,0,0
BRDA:90,6,1,0
BRDA:97,7,0,0
BRDA:97,7,1,0
BRDA:115,8,0,0
BRDA:115,8,1,0
BRDA:116,9,0,0
BRDA:116,9,1,0
BRDA:124,10,0,0
BRDA:124,10,1,0
BRDA:131,11,0,0
BRDA:131,11,1,0
BRDA:142,12,0,0
BRDA:142,12,1,0
BRDA:143,13,0,0
BRDA:143,13,1,0
BRDA:150,14,0,0
BRDA:150,14,1,0
BRDA:154,15,0,0
BRDA:154,15,1,0
BRDA:162,16,0,0
BRDA:162,16,1,0
BRDA:191,17,0,0
BRDA:202,18,0,0
BRDA:224,19,0,0
BRDA:224,19,1,0
BRDA:233,20,0,0
BRDA:233,20,1,0
BRDA:252,21,0,0
BRDA:252,21,1,0
BRDA:257,22,0,0
BRDA:266,23,0,0
BRDA:282,24,0,0
BRDA:295,25,0,0
BRF:46
BRH:0
end_of_record
TN:
SF:app/admin/analytics/layout.tsx
FN:14,AnalyticsLayout
FN:51,(anonymous_3)
FNF:2
FNH:0
FNDA:0,AnalyticsLayout
FNDA:0,(anonymous_3)
DA:5,0
DA:6,0
DA:12,0
DA:14,0
DA:19,0
DA:21,0
DA:29,0
DA:31,0
DA:52,0
DA:53,0
DA:55,0
LF:11
LH:0
BRDA:31,0,0,0
BRDA:31,0,1,0
BRDA:60,1,0,0
BRDA:60,1,1,0
BRF:4
BRH:0
end_of_record
TN:
SF:app/admin/analytics/customers/page.tsx
FN:31,CustomerAnalyticsPage
FN:38,(anonymous_2)
FN:39,(anonymous_3)
FN:127,(anonymous_4)
FN:147,(anonymous_5)
FN:159,(anonymous_6)
FN:162,(anonymous_7)
FN:209,(anonymous_8)
FN:213,(anonymous_9)
FN:324,(anonymous_10)
FN:384,(anonymous_11)
FN:385,(anonymous_12)
FN:446,(anonymous_13)
FN:486,(anonymous_14)
FNF:14
FNH:0
FNDA:0,CustomerAnalyticsPage
FNDA:0,(anonymous_2)
FNDA:0,(anonymous_3)
FNDA:0,(anonymous_4)
FNDA:0,(anonymous_5)
FNDA:0,(anonymous_6)
FNDA:0,(anonymous_7)
FNDA:0,(anonymous_8)
FNDA:0,(anonymous_9)
FNDA:0,(anonymous_10)
FNDA:0,(anonymous_11)
FNDA:0,(anonymous_12)
FNDA:0,(anonymous_13)
FNDA:0,(anonymous_14)
DA:5,0
DA:6,0
DA:19,0
DA:31,0
DA:32,0
DA:33,0
DA:34,0
DA:35,0
DA:38,0
DA:39,0
DA:40,0
DA:41,0
DA:42,0
DA:47,0
DA:48,0
DA:49,0
DA:50,0
DA:52,0
DA:55,0
DA:57,0
DA:61,0
DA:65,0
DA:75,0
DA:76,0
DA:123,0
DA:124,0
DA:125,0
DA:127,0
DA:128,0
DA:129,0
DA:130,0
DA:135,0
DA:136,0
DA:137,0
DA:138,0
DA:141,0
DA:143,0
DA:147,0
DA:148,0
DA:160,0
DA:162,0
DA:209,0
DA:214,0
DA:215,0
DA:325,0
DA:385,0
DA:386,0
DA:387,0
DA:389,0
DA:447,0
DA:487,0
LF:51
LH:0
BRDA:44,0,0,0
BRDA:44,0,1,0
BRDA:48,1,0,0
BRDA:48,1,1,0
BRDA:65,2,0,0
BRDA:65,2,1,0
BRDA:75,3,0,0
BRDA:75,3,1,0
BRDA:79,4,0,0
BRDA:79,4,1,0
BRDA:80,5,0,0
BRDA:80,5,1,0
BRDA:87,6,0,0
BRDA:87,6,1,0
BRDA:88,7,0,0
BRDA:88,7,1,0
BRDA:95,8,0,0
BRDA:95,8,1,0
BRDA:96,9,0,0
BRDA:96,9,1,0
BRDA:103,10,0,0
BRDA:103,10,1,0
BRDA:104,11,0,0
BRDA:104,11,1,0
BRDA:123,12,0,0
BRDA:123,12,1,0
BRDA:124,13,0,0
BRDA:124,13,1,0
BRDA:125,14,0,0
BRDA:125,14,1,0
BRDA:132,15,0,0
BRDA:132,15,1,0
BRDA:136,16,0,0
BRDA:136,16,1,0
BRDA:164,17,0,0
BRDA:164,17,1,0
BRDA:169,18,0,0
BRDA:169,18,1,0
BRDA:170,19,0,0
BRDA:170,19,1,0
BRDA:171,20,0,0
BRDA:171,20,1,0
BRDA:172,21,0,0
BRDA:172,21,1,0
BRDA:173,22,0,0
BRDA:173,22,1,0
BRDA:174,23,0,0
BRDA:174,23,1,0
BRDA:175,24,0,0
BRDA:175,24,1,0
BRDA:188,25,0,0
BRDA:188,25,1,0
BRDA:201,26,0,0
BRDA:237,27,0,0
BRDA:237,27,1,0
BRDA:239,28,0,0
BRDA:239,28,1,0
BRDA:342,29,0,0
BRDA:342,29,1,0
BRDA:345,30,0,0
BRDA:345,30,1,0
BRDA:384,31,0,0
BRDA:385,32,0,0
BRDA:385,32,1,0
BRDA:386,33,0,0
BRDA:386,33,1,0
BRDA:387,34,0,0
BRDA:387,34,1,0
BRDA:387,35,0,0
BRDA:387,35,1,0
BRDA:393,36,0,0
BRDA:393,36,1,0
BRDA:393,37,0,0
BRDA:393,37,1,0
BRDA:413,38,0,0
BRDA:413,38,1,0
BRDA:496,39,0,0
BRDA:496,39,1,0
BRDA:498,40,0,0
BRDA:498,40,1,0
BRF:80
BRH:0
end_of_record
TN:
SF:app/admin/analytics/devices/page.tsx
FN:26,DeviceAnalyticsPage
FN:34,(anonymous_2)
FN:35,(anonymous_3)
FN:66,(anonymous_4)
FN:86,(anonymous_5)
FN:90,(anonymous_6)
FN:105,(anonymous_7)
FN:108,(anonymous_8)
FN:155,(anonymous_9)
FN:158,(anonymous_10)
FN:247,(anonymous_11)
FN:257,(anonymous_12)
FN:260,(anonymous_13)
FN:291,(anonymous_14)
FN:295,(anonymous_15)
FN:411,(anonymous_16)
FN:445,(anonymous_17)
FN:551,(anonymous_18)
FN:552,(anonymous_19)
FN:561,(anonymous_20)
FNF:20
FNH:0
FNDA:0,DeviceAnalyticsPage
FNDA:0,(anonymous_2)
FNDA:0,(anonymous_3)
FNDA:0,(anonymous_4)
FNDA:0,(anonymous_5)
FNDA:0,(anonymous_6)
FNDA:0,(anonymous_7)
FNDA:0,(anonymous_8)
FNDA:0,(anonymous_9)
FNDA:0,(anonymous_10)
FNDA:0,(anonymous_11)
FNDA:0,(anonymous_12)
FNDA:0,(anonymous_13)
FNDA:0,(anonymous_14)
FNDA:0,(anonymous_15)
FNDA:0,(anonymous_16)
FNDA:0,(anonymous_17)
FNDA:0,(anonymous_18)
FNDA:0,(anonymous_19)
FNDA:0,(anonymous_20)
DA:5,0
DA:6,0
DA:22,0
DA:26,0
DA:27,0
DA:28,0
DA:29,0
DA:30,0
DA:31,0
DA:34,0
DA:35,0
DA:36,0
DA:37,0
DA:38,0
DA:44,0
DA:45,0
DA:46,0
DA:47,0
DA:50,0
DA:51,0
DA:54,0
DA:57,0
DA:59,0
DA:63,0
DA:66,0
DA:67,0
DA:68,0
DA:69,0
DA:74,0
DA:75,0
DA:76,0
DA:77,0
DA:80,0
DA:82,0
DA:86,0
DA:87,0
DA:90,0
DA:91,0
DA:95,0
DA:96,0
DA:106,0
DA:108,0
DA:155,0
DA:159,0
DA:160,0
DA:247,0
DA:258,0
DA:260,0
DA:292,0
DA:293,0
DA:295,0
DA:296,0
DA:298,0
DA:412,0
DA:446,0
DA:552,0
DA:553,0
DA:554,0
DA:555,0
DA:556,0
DA:557,0
DA:561,0
DA:562,0
DA:563,0
DA:564,0
DA:565,0
DA:566,0
DA:570,0
LF:68
LH:0
BRDA:40,0,0,0
BRDA:40,0,1,0
BRDA:41,1,0,0
BRDA:41,1,1,0
BRDA:45,2,0,0
BRDA:45,2,1,0
BRDA:50,3,0,0
BRDA:50,3,1,0
BRDA:50,4,0,0
BRDA:50,4,1,0
BRDA:71,5,0,0
BRDA:71,5,1,0
BRDA:75,6,0,0
BRDA:75,6,1,0
BRDA:95,7,0,0
BRDA:95,7,1,0
BRDA:96,8,0,0
BRDA:96,8,1,0
BRDA:110,9,0,0
BRDA:110,9,1,0
BRDA:115,10,0,0
BRDA:115,10,1,0
BRDA:116,11,0,0
BRDA:116,11,1,0
BRDA:117,12,0,0
BRDA:117,12,1,0
BRDA:118,13,0,0
BRDA:118,13,1,0
BRDA:119,14,0,0
BRDA:119,14,1,0
BRDA:120,15,0,0
BRDA:120,15,1,0
BRDA:121,16,0,0
BRDA:121,16,1,0
BRDA:134,17,0,0
BRDA:134,17,1,0
BRDA:147,18,0,0
BRDA:184,19,0,0
BRDA:184,19,1,0
BRDA:200,20,0,0
BRDA:200,20,1,0
BRDA:216,21,0,0
BRDA:216,21,1,0
BRDA:232,22,0,0
BRDA:232,22,1,0
BRDA:236,23,0,0
BRDA:236,23,1,0
BRDA:242,24,0,0
BRDA:249,25,0,0
BRDA:249,25,1,0
BRDA:262,26,0,0
BRDA:262,26,1,0
BRDA:279,27,0,0
BRDA:293,28,0,0
BRDA:293,28,1,0
BRDA:296,29,0,0
BRDA:296,29,1,0
BRDA:329,30,0,0
BRDA:529,31,0,0
BRDA:529,31,1,0
BRDA:553,32,0,0
BRDA:553,32,1,0
BRDA:553,32,2,0
BRDA:553,32,3,0
BRDA:562,33,0,0
BRDA:562,33,1,0
BRDA:562,33,2,0
BRDA:562,33,3,0
BRDA:600,34,0,0
BRDA:600,34,1,0
BRF:70
BRH:0
end_of_record
TN:
SF:app/admin/analytics/reservations/page.tsx
FN:96,ReservationAnalyticsPage
FN:104,(anonymous_2)
FN:125,(anonymous_3)
FN:156,(anonymous_4)
FN:160,(anonymous_5)
FN:173,(anonymous_6)
FN:176,(anonymous_7)
FN:223,(anonymous_8)
FN:227,(anonymous_9)
FN:325,(anonymous_10)
FN:381,(anonymous_11)
FN:389,(anonymous_12)
FN:398,(anonymous_13)
FN:469,(anonymous_14)
FN:482,(anonymous_15)
FN:496,(anonymous_16)
FN:549,(anonymous_17)
FN:557,(anonymous_18)
FNF:18
FNH:0
FNDA:0,ReservationAnalyticsPage
FNDA:0,(anonymous_2)
FNDA:0,(anonymous_3)
FNDA:0,(anonymous_4)
FNDA:0,(anonymous_5)
FNDA:0,(anonymous_6)
FNDA:0,(anonymous_7)
FNDA:0,(anonymous_8)
FNDA:0,(anonymous_9)
FNDA:0,(anonymous_10)
FNDA:0,(anonymous_11)
FNDA:0,(anonymous_12)
FNDA:0,(anonymous_13)
FNDA:0,(anonymous_14)
FNDA:0,(anonymous_15)
FNDA:0,(anonymous_16)
FNDA:0,(anonymous_17)
FNDA:0,(anonymous_18)
DA:5,0
DA:6,0
DA:19,0
DA:34,0
DA:44,0
DA:45,0
DA:96,0
DA:97,0
DA:98,0
DA:99,0
DA:100,0
DA:101,0
DA:104,0
DA:105,0
DA:106,0
DA:107,0
DA:109,0
DA:110,0
DA:113,0
DA:114,0
DA:116,0
DA:117,0
DA:119,0
DA:121,0
DA:125,0
DA:126,0
DA:130,0
DA:145,0
DA:148,0
DA:156,0
DA:157,0
DA:160,0
DA:162,0
DA:174,0
DA:176,0
DA:223,0
DA:228,0
DA:229,0
DA:326,0
DA:327,0
DA:329,0
DA:330,0
DA:332,0
DA:381,0
DA:389,0
DA:399,0
DA:470,0
DA:477,0
DA:482,0
DA:497,0
DA:504,0
DA:549,0
DA:558,0
LF:53
LH:0
BRDA:109,0,0,0
BRDA:109,0,1,0
BRDA:109,1,0,0
BRDA:109,1,1,0
BRDA:114,2,0,0
BRDA:114,2,1,0
BRDA:130,3,0,0
BRDA:130,3,1,0
BRDA:130,4,0,0
BRDA:130,4,1,0
BRDA:149,5,0,0
BRDA:149,5,1,0
BRDA:150,6,0,0
BRDA:150,6,1,0
BRDA:151,7,0,0
BRDA:151,7,1,0
BRDA:152,8,0,0
BRDA:152,8,1,0
BRDA:153,9,0,0
BRDA:153,9,1,0
BRDA:178,10,0,0
BRDA:178,10,1,0
BRDA:183,11,0,0
BRDA:183,11,1,0
BRDA:184,12,0,0
BRDA:184,12,1,0
BRDA:185,13,0,0
BRDA:185,13,1,0
BRDA:186,14,0,0
BRDA:186,14,1,0
BRDA:187,15,0,0
BRDA:187,15,1,0
BRDA:188,16,0,0
BRDA:188,16,1,0
BRDA:189,17,0,0
BRDA:189,17,1,0
BRDA:202,18,0,0
BRDA:202,18,1,0
BRDA:215,19,0,0
BRDA:251,20,0,0
BRDA:251,20,1,0
BRDA:251,21,0,0
BRDA:251,21,1,0
BRDA:255,22,0,0
BRDA:255,22,1,0
BRDA:255,23,0,0
BRDA:255,23,1,0
BRDA:255,24,0,0
BRDA:255,24,1,0
BRDA:263,25,0,0
BRDA:263,25,1,0
BRDA:276,26,0,0
BRDA:276,26,1,0
BRDA:276,27,0,0
BRDA:276,27,1,0
BRDA:280,28,0,0
BRDA:280,28,1,0
BRDA:280,29,0,0
BRDA:280,29,1,0
BRDA:280,30,0,0
BRDA:280,30,1,0
BRDA:284,31,0,0
BRDA:284,31,1,0
BRDA:288,32,0,0
BRDA:288,32,1,0
BRDA:305,33,0,0
BRDA:305,33,1,0
BRDA:306,34,0,0
BRDA:306,34,1,0
BRDA:307,35,0,0
BRDA:307,35,1,0
BRDA:308,36,0,0
BRDA:308,36,1,0
BRDA:309,37,0,0
BRDA:309,37,1,0
BRDA:310,38,0,0
BRDA:310,38,1,0
BRDA:311,39,0,0
BRDA:311,39,1,0
BRDA:319,40,0,0
BRDA:318,41,0,0
BRDA:318,41,1,0
BRDA:326,42,0,0
BRDA:326,42,1,0
BRDA:326,43,0,0
BRDA:326,43,1,0
BRDA:329,44,0,0
BRDA:329,44,1,0
BRDA:329,45,0,0
BRDA:329,45,1,0
BRDA:329,45,2,0
BRDA:375,46,0,0
BRDA:374,47,0,0
BRDA:374,47,1,0
BRDA:402,48,0,0
BRDA:402,48,1,0
BRDA:404,49,0,0
BRDA:404,49,1,0
BRDA:455,50,0,0
BRDA:454,51,0,0
BRDA:454,51,1,0
BRDA:536,52,0,0
BRDA:535,53,0,0
BRDA:535,53,1,0
BRDA:561,54,0,0
BRDA:561,54,1,0
BRF:106
BRH:0
end_of_record
TN:
SF:app/admin/analytics/revenue/page.tsx
FN:49,RevenueAnalyticsPage
FN:57,(anonymous_2)
FN:58,(anonymous_3)
FN:98,(anonymous_4)
FN:114,(anonymous_5)
FN:134,(anonymous_6)
FN:138,(anonymous_7)
FN:149,(anonymous_8)
FN:152,(anonymous_9)
FN:198,(anonymous_10)
FN:201,(anonymous_11)
FN:325,(anonymous_12)
FN:338,(anonymous_13)
FN:376,(anonymous_14)
FN:408,(anonymous_15)
FN:440,(anonymous_16)
FNF:16
FNH:0
FNDA:0,RevenueAnalyticsPage
FNDA:0,(anonymous_2)
FNDA:0,(anonymous_3)
FNDA:0,(anonymous_4)
FNDA:0,(anonymous_5)
FNDA:0,(anonymous_6)
FNDA:0,(anonymous_7)
FNDA:0,(anonymous_8)
FNDA:0,(anonymous_9)
FNDA:0,(anonymous_10)
FNDA:0,(anonymous_11)
FNDA:0,(anonymous_12)
FNDA:0,(anonymous_13)
FNDA:0,(anonymous_14)
FNDA:0,(anonymous_15)
FNDA:0,(anonymous_16)
DA:5,0
DA:6,0
DA:20,0
DA:28,0
DA:38,0
DA:39,0
DA:49,0
DA:50,0
DA:51,0
DA:52,0
DA:53,0
DA:54,0
DA:57,0
DA:58,0
DA:59,0
DA:60,0
DA:61,0
DA:66,0
DA:67,0
DA:68,0
DA:69,0
DA:70,0
DA:71,0
DA:73,0
DA:76,0
DA:78,0
DA:82,0
DA:86,0
DA:98,0
DA:105,0
DA:106,0
DA:107,0
DA:108,0
DA:110,0
DA:111,0
DA:112,0
DA:114,0
DA:115,0
DA:116,0
DA:117,0
DA:122,0
DA:123,0
DA:124,0
DA:125,0
DA:128,0
DA:130,0
DA:134,0
DA:135,0
DA:138,0
DA:139,0
DA:150,0
DA:152,0
DA:198,0
DA:202,0
DA:203,0
DA:326,0
DA:327,0
DA:329,0
DA:338,0
DA:377,0
DA:409,0
DA:441,0
LF:62
LH:0
BRDA:63,0,0,0
BRDA:63,0,1,0
BRDA:67,1,0,0
BRDA:67,1,1,0
BRDA:86,2,0,0
BRDA:86,2,1,0
BRDA:98,3,0,0
BRDA:98,3,1,0
BRDA:110,4,0,0
BRDA:110,4,1,0
BRDA:111,5,0,0
BRDA:111,5,1,0
BRDA:112,6,0,0
BRDA:112,6,1,0
BRDA:119,7,0,0
BRDA:119,7,1,0
BRDA:123,8,0,0
BRDA:123,8,1,0
BRDA:154,9,0,0
BRDA:154,9,1,0
BRDA:159,10,0,0
BRDA:159,10,1,0
BRDA:160,11,0,0
BRDA:160,11,1,0
BRDA:161,12,0,0
BRDA:161,12,1,0
BRDA:162,13,0,0
BRDA:162,13,1,0
BRDA:163,14,0,0
BRDA:163,14,1,0
BRDA:164,15,0,0
BRDA:164,15,1,0
BRDA:177,16,0,0
BRDA:177,16,1,0
BRDA:190,17,0,0
BRDA:232,18,0,0
BRDA:236,19,0,0
BRDA:236,19,1,0
BRDA:300,20,0,0
BRDA:300,20,1,0
BRDA:301,21,0,0
BRDA:301,21,1,0
BRDA:302,22,0,0
BRDA:302,22,1,0
BRDA:303,23,0,0
BRDA:303,23,1,0
BRDA:304,24,0,0
BRDA:304,24,1,0
BRDA:305,25,0,0
BRDA:305,25,1,0
BRDA:306,26,0,0
BRDA:306,26,1,0
BRDA:312,27,0,0
BRDA:326,28,0,0
BRDA:326,28,1,0
BRDA:326,29,0,0
BRDA:326,29,1,0
BRDA:356,30,0,0
BRDA:356,30,1,0
BRF:59
BRH:0
end_of_record
TN:
SF:app/admin/backup/page.tsx
FN:43,BackupPage
FN:110,(anonymous_2)
FN:114,(anonymous_3)
FN:120,(anonymous_4)
FN:125,(anonymous_5)
FN:129,(anonymous_6)
FN:136,(anonymous_7)
FN:140,(anonymous_8)
FN:301,(anonymous_9)
FN:322,(anonymous_10)
FN:329,(anonymous_11)
FN:362,(anonymous_12)
FN:375,(anonymous_13)
FN:392,(anonymous_14)
FN:404,(anonymous_15)
FN:490,(anonymous_16)
FNF:16
FNH:0
FNDA:0,BackupPage
FNDA:0,(anonymous_2)
FNDA:0,(anonymous_3)
FNDA:0,(anonymous_4)
FNDA:0,(anonymous_5)
FNDA:0,(anonymous_6)
FNDA:0,(anonymous_7)
FNDA:0,(anonymous_8)
FNDA:0,(anonymous_9)
FNDA:0,(anonymous_10)
FNDA:0,(anonymous_11)
FNDA:0,(anonymous_12)
FNDA:0,(anonymous_13)
FNDA:0,(anonymous_14)
FNDA:0,(anonymous_15)
FNDA:0,(anonymous_16)
DA:5,0
DA:6,0
DA:23,0
DA:43,0
DA:44,0
DA:45,0
DA:46,0
DA:47,0
DA:50,0
DA:59,0
DA:103,0
DA:110,0
DA:111,0
DA:114,0
DA:115,0
DA:116,0
DA:120,0
DA:121,0
DA:122,0
DA:125,0
DA:126,0
DA:128,0
DA:129,0
DA:130,0
DA:131,0
DA:132,0
DA:136,0
DA:137,0
DA:140,0
DA:141,0
DA:302,0
DA:322,0
DA:329,0
DA:362,0
DA:375,0
DA:392,0
DA:404,0
DA:490,0
LF:38
LH:0
BRDA:126,0,0,0
BRDA:126,0,1,0
BRDA:272,1,0,0
BRDA:319,2,0,0
BRDA:465,3,0,0
BRDA:465,3,1,0
BRDA:500,4,0,0
BRDA:500,4,1,0
BRF:8
BRH:0
end_of_record
TN:
SF:app/admin/banned-words/page.tsx
FN:17,BannedWordsPage
FN:36,(anonymous_2)
FN:54,(anonymous_3)
FN:59,(anonymous_4)
FN:94,(anonymous_5)
FN:102,(anonymous_6)
FN:129,(anonymous_7)
FN:145,(anonymous_8)
FN:153,(anonymous_9)
FN:170,(anonymous_10)
FN:199,(anonymous_11)
FN:244,(anonymous_12)
FN:245,(anonymous_13)
FN:252,(anonymous_14)
FN:262,(anonymous_15)
FN:272,(anonymous_16)
FN:295,(anonymous_17)
FN:306,(anonymous_18)
FN:317,(anonymous_19)
FN:328,(anonymous_20)
FN:347,(anonymous_21)
FN:353,(anonymous_22)
FN:409,(anonymous_23)
FN:443,(anonymous_24)
FN:459,(anonymous_25)
FN:485,(anonymous_26)
FN:511,(anonymous_27)
FN:528,(anonymous_28)
FN:567,(anonymous_29)
FN:567,(anonymous_30)
FN:575,(anonymous_31)
FN:590,(anonymous_32)
FN:604,(anonymous_33)
FN:604,(anonymous_34)
FN:621,(anonymous_35)
FN:629,(anonymous_36)
FN:629,(anonymous_37)
FN:641,(anonymous_38)
FN:641,(anonymous_39)
FN:649,(anonymous_40)
FNF:40
FNH:0
FNDA:0,BannedWordsPage
FNDA:0,(anonymous_2)
FNDA:0,(anonymous_3)
FNDA:0,(anonymous_4)
FNDA:0,(anonymous_5)
FNDA:0,(anonymous_6)
FNDA:0,(anonymous_7)
FNDA:0,(anonymous_8)
FNDA:0,(anonymous_9)
FNDA:0,(anonymous_10)
FNDA:0,(anonymous_11)
FNDA:0,(anonymous_12)
FNDA:0,(anonymous_13)
FNDA:0,(anonymous_14)
FNDA:0,(anonymous_15)
FNDA:0,(anonymous_16)
FNDA:0,(anonymous_17)
FNDA:0,(anonymous_18)
FNDA:0,(anonymous_19)
FNDA:0,(anonymous_20)
FNDA:0,(anonymous_21)
FNDA:0,(anonymous_22)
FNDA:0,(anonymous_23)
FNDA:0,(anonymous_24)
FNDA:0,(anonymous_25)
FNDA:0,(anonymous_26)
FNDA:0,(anonymous_27)
FNDA:0,(anonymous_28)
FNDA:0,(anonymous_29)
FNDA:0,(anonymous_30)
FNDA:0,(anonymous_31)
FNDA:0,(anonymous_32)
FNDA:0,(anonymous_33)
FNDA:0,(anonymous_34)
FNDA:0,(anonymous_35)
FNDA:0,(anonymous_36)
FNDA:0,(anonymous_37)
FNDA:0,(anonymous_38)
FNDA:0,(anonymous_39)
FNDA:0,(anonymous_40)
DA:3,0
DA:4,0
DA:5,0
DA:17,0
DA:18,0
DA:19,0
DA:20,0
DA:21,0
DA:22,0
DA:23,0
DA:24,0
DA:25,0
DA:26,0
DA:29,0
DA:30,0
DA:33,0
DA:36,0
DA:37,0
DA:38,0
DA:39,0
DA:41,0
DA:42,0
DA:45,0
DA:47,0
DA:48,0
DA:50,0
DA:54,0
DA:55,0
DA:59,0
DA:60,0
DA:61,0
DA:62,0
DA:65,0
DA:66,0
DA:79,0
DA:81,0
DA:82,0
DA:83,0
DA:85,0
DA:87,0
DA:90,0
DA:91,0
DA:92,0
DA:94,0
DA:96,0
DA:97,0
DA:102,0
DA:103,0
DA:104,0
DA:115,0
DA:117,0
DA:118,0
DA:121,0
DA:123,0
DA:124,0
DA:129,0
DA:130,0
DA:132,0
DA:133,0
DA:137,0
DA:139,0
DA:140,0
DA:143,0
DA:144,0
DA:145,0
DA:147,0
DA:148,0
DA:153,0
DA:155,0
DA:158,0
DA:160,0
DA:164,0
DA:165,0
DA:166,0
DA:167,0
DA:170,0
DA:171,0
DA:174,0
DA:180,0
DA:185,0
DA:199,0
DA:244,0
DA:245,0
DA:252,0
DA:262,0
DA:272,0
DA:295,0
DA:306,0
DA:317,0
DA:328,0
DA:347,0
DA:353,0
DA:410,0
DA:443,0
DA:459,0
DA:486,0
DA:511,0
DA:528,0
DA:567,0
DA:577,0
DA:578,0
DA:579,0
DA:580,0
DA:581,0
DA:582,0
DA:584,0
DA:587,0
DA:590,0
DA:604,0
DA:621,0
DA:629,0
DA:641,0
DA:649,0
LF:113
LH:0
BRDA:41,0,0,0
BRDA:41,0,1,0
BRDA:42,1,0,0
BRDA:42,1,1,0
BRDA:45,2,0,0
BRDA:45,2,1,0
BRDA:48,3,0,0
BRDA:48,3,1,0
BRDA:60,4,0,0
BRDA:60,4,1,0
BRDA:81,5,0,0
BRDA:81,5,1,0
BRDA:82,6,0,0
BRDA:82,6,1,0
BRDA:85,7,0,0
BRDA:85,7,1,0
BRDA:97,8,0,0
BRDA:97,8,1,0
BRDA:117,9,0,0
BRDA:117,9,1,0
BRDA:118,10,0,0
BRDA:118,10,1,0
BRDA:124,11,0,0
BRDA:124,11,1,0
BRDA:130,12,0,0
BRDA:130,12,1,0
BRDA:139,13,0,0
BRDA:139,13,1,0
BRDA:140,14,0,0
BRDA:140,14,1,0
BRDA:148,15,0,0
BRDA:148,15,1,0
BRDA:158,16,0,0
BRDA:158,16,1,0
BRDA:160,17,0,0
BRDA:160,17,1,0
BRDA:185,18,0,0
BRDA:185,18,1,0
BRDA:217,19,0,0
BRDA:217,19,1,0
BRDA:223,20,0,0
BRDA:223,20,1,0
BRDA:229,21,0,0
BRDA:229,21,1,0
BRDA:245,22,0,0
BRDA:245,22,1,0
BRDA:297,23,0,0
BRDA:297,23,1,0
BRDA:308,24,0,0
BRDA:308,24,1,0
BRDA:319,25,0,0
BRDA:319,25,1,0
BRDA:330,26,0,0
BRDA:330,26,1,0
BRDA:351,27,0,0
BRDA:363,28,0,0
BRDA:363,28,1,0
BRDA:365,29,0,0
BRDA:365,29,1,0
BRDA:400,30,0,0
BRDA:400,30,1,0
BRDA:403,31,0,0
BRDA:403,31,1,0
BRDA:403,32,0,0
BRDA:403,32,1,0
BRDA:414,33,0,0
BRDA:414,33,1,0
BRDA:423,34,0,0
BRDA:423,34,1,0
BRDA:424,35,0,0
BRDA:424,35,1,0
BRDA:431,36,0,0
BRDA:431,36,1,0
BRDA:432,37,0,0
BRDA:432,37,1,0
BRDA:438,38,0,0
BRDA:438,38,1,0
BRDA:445,39,0,0
BRDA:445,39,1,0
BRDA:452,40,0,0
BRDA:452,40,1,0
BRDA:476,41,0,0
BRDA:476,41,1,0
BRDA:479,42,0,0
BRDA:479,42,1,0
BRDA:479,43,0,0
BRDA:479,43,1,0
BRDA:490,44,0,0
BRDA:490,44,1,0
BRDA:499,45,0,0
BRDA:499,45,1,0
BRDA:500,46,0,0
BRDA:500,46,1,0
BRDA:503,47,0,0
BRDA:503,47,1,0
BRDA:513,48,0,0
BRDA:513,48,1,0
BRDA:517,49,0,0
BRDA:517,49,1,0
BRDA:521,50,0,0
BRDA:521,50,1,0
BRDA:541,51,0,0
BRDA:541,51,1,0
BRDA:542,52,0,0
BRDA:542,52,1,0
BRDA:547,53,0,0
BRDA:547,53,1,0
BRDA:557,54,0,0
BRDA:577,55,0,0
BRDA:577,55,1,0
BRDA:579,56,0,0
BRDA:579,56,1,0
BRDA:581,57,0,0
BRDA:581,57,1,0
BRDA:592,58,0,0
BRDA:592,58,1,0
BRF:116
BRH:0
end_of_record
TN:
SF:app/admin/checkin/page.tsx
FN:84,CheckInPage
FN:94,(anonymous_3)
FN:109,(anonymous_4)
FN:110,(anonymous_5)
FN:113,(anonymous_6)
FN:117,(anonymous_7)
FN:130,(anonymous_8)
FN:138,(anonymous_9)
FN:202,(anonymous_10)
FN:219,(anonymous_11)
FN:240,(anonymous_12)
FN:243,(anonymous_13)
FN:250,(anonymous_14)
FN:257,(anonymous_15)
FN:268,(anonymous_16)
FN:276,(anonymous_17)
FN:291,(anonymous_18)
FN:299,(anonymous_19)
FN:310,(anonymous_20)
FN:311,(anonymous_21)
FN:316,(anonymous_22)
FN:321,(anonymous_23)
FN:322,(anonymous_24)
FN:323,(anonymous_25)
FN:327,(anonymous_26)
FN:359,(anonymous_27)
FN:391,(anonymous_28)
FN:417,(anonymous_29)
FN:417,(anonymous_30)
FN:434,(anonymous_31)
FN:448,(anonymous_32)
FN:453,(anonymous_33)
FN:489,(anonymous_34)
FN:512,(anonymous_35)
FN:651,(anonymous_36)
FN:661,(anonymous_37)
FN:662,(anonymous_38)
FN:669,(anonymous_39)
FN:690,(anonymous_40)
FN:703,(anonymous_41)
FN:794,(anonymous_42)
FN:820,(anonymous_43)
FN:841,(anonymous_44)
FN:854,(anonymous_45)
FN:882,(anonymous_46)
FN:893,(anonymous_47)
FN:917,(anonymous_48)
FN:937,(anonymous_49)
FN:951,(anonymous_50)
FN:994,(anonymous_51)
FN:1015,(anonymous_52)
FN:1020,(anonymous_53)
FN:1097,(anonymous_54)
FN:1116,(anonymous_55)
FN:1128,(anonymous_56)
FN:1165,(anonymous_57)
FN:1183,(anonymous_58)
FN:1216,(anonymous_59)
FN:1227,(anonymous_60)
FN:1246,(anonymous_61)
FN:1264,(anonymous_62)
FN:1273,(anonymous_63)
FN:1290,(anonymous_64)
FN:1308,(anonymous_65)
FN:1318,(anonymous_66)
FN:1336,(anonymous_67)
FN:1365,(anonymous_68)
FN:1393,(anonymous_69)
FN:1433,(anonymous_70)
FN:1442,(anonymous_71)
FN:1514,(anonymous_72)
FN:1536,(anonymous_73)
FN:1546,(anonymous_74)
FN:1598,(anonymous_75)
FN:1621,(anonymous_76)
FN:1631,(anonymous_77)
FN:1646,(anonymous_78)
FN:1659,(anonymous_79)
FN:1671,(anonymous_80)
FN:1756,(anonymous_81)
FN:1775,(anonymous_82)
FN:1785,(anonymous_83)
FN:1834,(anonymous_84)
FN:1859,(anonymous_85)
FN:1870,(anonymous_86)
FN:1879,(anonymous_87)
FN:1948,(anonymous_88)
FN:1958,(anonymous_89)
FN:1966,(anonymous_90)
FN:2015,(anonymous_91)
FN:2024,(anonymous_92)
FNF:91
FNH:0
FNDA:0,CheckInPage
FNDA:0,(anonymous_3)
FNDA:0,(anonymous_4)
FNDA:0,(anonymous_5)
FNDA:0,(anonymous_6)
FNDA:0,(anonymous_7)
FNDA:0,(anonymous_8)
FNDA:0,(anonymous_9)
FNDA:0,(anonymous_10)
FNDA:0,(anonymous_11)
FNDA:0,(anonymous_12)
FNDA:0,(anonymous_13)
FNDA:0,(anonymous_14)
FNDA:0,(anonymous_15)
FNDA:0,(anonymous_16)
FNDA:0,(anonymous_17)
FNDA:0,(anonymous_18)
FNDA:0,(anonymous_19)
FNDA:0,(anonymous_20)
FNDA:0,(anonymous_21)
FNDA:0,(anonymous_22)
FNDA:0,(anonymous_23)
FNDA:0,(anonymous_24)
FNDA:0,(anonymous_25)
FNDA:0,(anonymous_26)
FNDA:0,(anonymous_27)
FNDA:0,(anonymous_28)
FNDA:0,(anonymous_29)
FNDA:0,(anonymous_30)
FNDA:0,(anonymous_31)
FNDA:0,(anonymous_32)
FNDA:0,(anonymous_33)
FNDA:0,(anonymous_34)
FNDA:0,(anonymous_35)
FNDA:0,(anonymous_36)
FNDA:0,(anonymous_37)
FNDA:0,(anonymous_38)
FNDA:0,(anonymous_39)
FNDA:0,(anonymous_40)
FNDA:0,(anonymous_41)
FNDA:0,(anonymous_42)
FNDA:0,(anonymous_43)
FNDA:0,(anonymous_44)
FNDA:0,(anonymous_45)
FNDA:0,(anonymous_46)
FNDA:0,(anonymous_47)
FNDA:0,(anonymous_48)
FNDA:0,(anonymous_49)
FNDA:0,(anonymous_50)
FNDA:0,(anonymous_51)
FNDA:0,(anonymous_52)
FNDA:0,(anonymous_53)
FNDA:0,(anonymous_54)
FNDA:0,(anonymous_55)
FNDA:0,(anonymous_56)
FNDA:0,(anonymous_57)
FNDA:0,(anonymous_58)
FNDA:0,(anonymous_59)
FNDA:0,(anonymous_60)
FNDA:0,(anonymous_61)
FNDA:0,(anonymous_62)
FNDA:0,(anonymous_63)
FNDA:0,(anonymous_64)
FNDA:0,(anonymous_65)
FNDA:0,(anonymous_66)
FNDA:0,(anonymous_67)
FNDA:0,(anonymous_68)
FNDA:0,(anonymous_69)
FNDA:0,(anonymous_70)
FNDA:0,(anonymous_71)
FNDA:0,(anonymous_72)
FNDA:0,(anonymous_73)
FNDA:0,(anonymous_74)
FNDA:0,(anonymous_75)
FNDA:0,(anonymous_76)
FNDA:0,(anonymous_77)
FNDA:0,(anonymous_78)
FNDA:0,(anonymous_79)
FNDA:0,(anonymous_80)
FNDA:0,(anonymous_81)
FNDA:0,(anonymous_82)
FNDA:0,(anonymous_83)
FNDA:0,(anonymous_84)
FNDA:0,(anonymous_85)
FNDA:0,(anonymous_86)
FNDA:0,(anonymous_87)
FNDA:0,(anonymous_88)
FNDA:0,(anonymous_89)
FNDA:0,(anonymous_90)
FNDA:0,(anonymous_91)
FNDA:0,(anonymous_92)
DA:5,0
DA:6,0
DA:7,0
DA:8,0
DA:35,0
DA:36,0
DA:37,0
DA:84,0
DA:85,0
DA:86,0
DA:87,0
DA:88,0
DA:89,0
DA:90,0
DA:91,0
DA:92,0
DA:93,0
DA:94,0
DA:95,0
DA:96,0
DA:97,0
DA:98,0
DA:99,0
DA:100,0
DA:101,0
DA:102,0
DA:103,0
DA:104,0
DA:105,0
DA:106,0
DA:109,0
DA:110,0
DA:111,0
DA:113,0
DA:117,0
DA:118,0
DA:119,0
DA:121,0
DA:122,0
DA:124,0
DA:126,0
DA:127,0
DA:128,0
DA:130,0
DA:131,0
DA:132,0
DA:138,0
DA:140,0
DA:141,0
DA:144,0
DA:145,0
DA:146,0
DA:149,0
DA:150,0
DA:151,0
DA:154,0
DA:155,0
DA:156,0
DA:159,0
DA:202,0
DA:203,0
DA:204,0
DA:205,0
DA:208,0
DA:210,0
DA:212,0
DA:213,0
DA:215,0
DA:219,0
DA:220,0
DA:221,0
DA:224,0
DA:225,0
DA:226,0
DA:230,0
DA:242,0
DA:243,0
DA:244,0
DA:250,0
DA:251,0
DA:252,0
DA:257,0
DA:258,0
DA:259,0
DA:260,0
DA:261,0
DA:263,0
DA:264,0
DA:265,0
DA:268,0
DA:269,0
DA:270,0
DA:271,0
DA:276,0
DA:277,0
DA:278,0
DA:279,0
DA:280,0
DA:281,0
DA:284,0
DA:291,0
DA:293,0
DA:295,0
DA:299,0
DA:300,0
DA:301,0
DA:302,0
DA:304,0
DA:305,0
DA:309,0
DA:310,0
DA:312,0
DA:313,0
DA:314,0
DA:317,0
DA:318,0
DA:319,0
DA:321,0
DA:322,0
DA:323,0
DA:327,0
DA:328,0
DA:329,0
DA:330,0
DA:333,0
DA:334,0
DA:338,0
DA:350,0
DA:352,0
DA:353,0
DA:356,0
DA:359,0
DA:360,0
DA:373,0
DA:374,0
DA:375,0
DA:377,0
DA:380,0
DA:382,0
DA:383,0
DA:384,0
DA:386,0
DA:391,0
DA:392,0
DA:393,0
DA:396,0
DA:407,0
DA:409,0
DA:410,0
DA:411,0
DA:414,0
DA:417,0
DA:418,0
DA:428,0
DA:429,0
DA:430,0
DA:431,0
DA:434,0
DA:435,0
DA:439,0
DA:440,0
DA:441,0
DA:443,0
DA:448,0
DA:449,0
DA:450,0
DA:453,0
DA:454,0
DA:455,0
DA:456,0
DA:460,0
DA:461,0
DA:474,0
DA:477,0
DA:478,0
DA:479,0
DA:483,0
DA:484,0
DA:489,0
DA:490,0
DA:502,0
DA:504,0
DA:505,0
DA:507,0
DA:512,0
DA:513,0
DA:514,0
DA:515,0
DA:516,0
DA:517,0
DA:520,0
DA:521,0
DA:522,0
DA:524,0
DA:525,0
DA:527,0
DA:528,0
DA:529,0
DA:530,0
DA:532,0
DA:533,0
DA:536,0
DA:537,0
DA:539,0
DA:540,0
DA:541,0
DA:542,0
DA:543,0
DA:545,0
DA:546,0
DA:547,0
DA:549,0
DA:651,0
DA:661,0
DA:663,0
DA:665,0
DA:670,0
DA:671,0
DA:672,0
DA:673,0
DA:691,0
DA:704,0
DA:705,0
DA:795,0
DA:796,0
DA:797,0
DA:821,0
DA:822,0
DA:823,0
DA:824,0
DA:842,0
DA:843,0
DA:844,0
DA:845,0
DA:855,0
DA:856,0
DA:857,0
DA:859,0
DA:860,0
DA:861,0
DA:866,0
DA:867,0
DA:883,0
DA:884,0
DA:885,0
DA:886,0
DA:894,0
DA:895,0
DA:896,0
DA:897,0
DA:898,0
DA:918,0
DA:919,0
DA:920,0
DA:922,0
DA:923,0
DA:924,0
DA:928,0
DA:929,0
DA:938,0
DA:939,0
DA:940,0
DA:942,0
DA:943,0
DA:952,0
DA:953,0
DA:954,0
DA:996,0
DA:997,0
DA:998,0
DA:999,0
DA:1015,0
DA:1021,0
DA:1022,0
DA:1023,0
DA:1097,0
DA:1116,0
DA:1129,0
DA:1130,0
DA:1131,0
DA:1166,0
DA:1167,0
DA:1183,0
DA:1216,0
DA:1227,0
DA:1246,0
DA:1265,0
DA:1266,0
DA:1273,0
DA:1291,0
DA:1292,0
DA:1308,0
DA:1318,0
DA:1337,0
DA:1338,0
DA:1365,0
DA:1394,0
DA:1395,0
DA:1434,0
DA:1435,0
DA:1443,0
DA:1444,0
DA:1445,0
DA:1448,0
DA:1449,0
DA:1452,0
DA:1454,0
DA:1455,0
DA:1458,0
DA:1459,0
DA:1460,0
DA:1463,0
DA:1464,0
DA:1473,0
DA:1476,0
DA:1478,0
DA:1479,0
DA:1480,0
DA:1482,0
DA:1483,0
DA:1485,0
DA:1515,0
DA:1516,0
DA:1517,0
DA:1518,0
DA:1519,0
DA:1520,0
DA:1536,0
DA:1547,0
DA:1548,0
DA:1549,0
DA:1550,0
DA:1551,0
DA:1598,0
DA:1622,0
DA:1632,0
DA:1633,0
DA:1634,0
DA:1646,0
DA:1660,0
DA:1661,0
DA:1662,0
DA:1663,0
DA:1664,0
DA:1672,0
DA:1673,0
DA:1674,0
DA:1677,0
DA:1678,0
DA:1681,0
DA:1682,0
DA:1693,0
DA:1696,0
DA:1708,0
DA:1709,0
DA:1710,0
DA:1714,0
DA:1716,0
DA:1717,0
DA:1718,0
DA:1719,0
DA:1720,0
DA:1722,0
DA:1724,0
DA:1725,0
DA:1727,0
DA:1757,0
DA:1758,0
DA:1759,0
DA:1775,0
DA:1786,0
DA:1787,0
DA:1834,0
DA:1859,0
DA:1871,0
DA:1872,0
DA:1880,0
DA:1881,0
DA:1882,0
DA:1885,0
DA:1886,0
DA:1888,0
DA:1890,0
DA:1901,0
DA:1902,0
DA:1903,0
DA:1907,0
DA:1909,0
DA:1910,0
DA:1911,0
DA:1912,0
DA:1914,0
DA:1916,0
DA:1917,0
DA:1919,0
DA:1949,0
DA:1950,0
DA:1958,0
DA:1967,0
DA:1968,0
DA:2016,0
DA:2017,0
DA:2025,0
DA:2027,0
DA:2028,0
DA:2029,0
DA:2039,0
DA:2040,0
DA:2044,0
DA:2047,0
DA:2048,0
DA:2050,0
DA:2051,0
DA:2053,0
LF:414
LH:0
BRDA:122,0,0,0
BRDA:122,0,1,0
BRDA:127,1,0,0
BRDA:127,1,1,0
BRDA:127,2,0,0
BRDA:127,2,1,0
BRDA:131,3,0,0
BRDA:131,3,1,0
BRDA:131,4,0,0
BRDA:131,4,1,0
BRDA:138,5,0,0
BRDA:138,5,1,0
BRDA:144,6,0,0
BRDA:144,6,1,0
BRDA:145,7,0,0
BRDA:145,7,1,0
BRDA:146,8,0,0
BRDA:146,8,1,0
BRDA:149,9,0,0
BRDA:149,9,1,0
BRDA:150,10,0,0
BRDA:150,10,1,0
BRDA:150,10,2,0
BRDA:151,11,0,0
BRDA:151,11,1,0
BRDA:154,12,0,0
BRDA:154,12,1,0
BRDA:156,13,0,0
BRDA:156,13,1,0
BRDA:162,14,0,0
BRDA:162,14,1,0
BRDA:163,15,0,0
BRDA:163,15,1,0
BRDA:163,15,2,0
BRDA:164,16,0,0
BRDA:164,16,1,0
BRDA:165,17,0,0
BRDA:165,17,1,0
BRDA:172,18,0,0
BRDA:172,18,1,0
BRDA:177,19,0,0
BRDA:177,19,1,0
BRDA:178,20,0,0
BRDA:178,20,1,0
BRDA:178,21,0,0
BRDA:178,21,1,0
BRDA:180,22,0,0
BRDA:180,22,1,0
BRDA:181,23,0,0
BRDA:181,23,1,0
BRDA:182,24,0,0
BRDA:182,24,1,0
BRDA:183,25,0,0
BRDA:183,25,1,0
BRDA:184,26,0,0
BRDA:184,26,1,0
BRDA:186,27,0,0
BRDA:186,27,1,0
BRDA:188,28,0,0
BRDA:188,28,1,0
BRDA:188,28,2,0
BRDA:195,29,0,0
BRDA:195,29,1,0
BRDA:203,30,0,0
BRDA:203,30,1,0
BRDA:204,31,0,0
BRDA:204,31,1,0
BRDA:258,32,0,0
BRDA:258,32,1,0
BRDA:258,33,0,0
BRDA:258,33,1,0
BRDA:258,33,2,0
BRDA:258,33,3,0
BRDA:258,33,4,0
BRDA:279,34,0,0
BRDA:279,34,1,0
BRDA:293,35,0,0
BRDA:293,35,1,0
BRDA:301,36,0,0
BRDA:301,36,1,0
BRDA:312,37,0,0
BRDA:312,37,1,0
BRDA:313,38,0,0
BRDA:313,38,1,0
BRDA:314,39,0,0
BRDA:314,39,1,0
BRDA:317,40,0,0
BRDA:317,40,1,0
BRDA:318,41,0,0
BRDA:318,41,1,0
BRDA:319,42,0,0
BRDA:319,42,1,0
BRDA:319,42,2,0
BRDA:319,42,3,0
BRDA:321,43,0,0
BRDA:321,43,1,0
BRDA:322,44,0,0
BRDA:322,44,1,0
BRDA:328,45,0,0
BRDA:328,45,1,0
BRDA:328,46,0,0
BRDA:328,46,1,0
BRDA:346,47,0,0
BRDA:346,47,1,0
BRDA:352,48,0,0
BRDA:352,48,1,0
BRDA:353,49,0,0
BRDA:353,49,1,0
BRDA:360,50,0,0
BRDA:360,50,1,0
BRDA:367,51,0,0
BRDA:367,51,1,0
BRDA:367,52,0,0
BRDA:367,52,1,0
BRDA:368,53,0,0
BRDA:368,53,1,0
BRDA:368,54,0,0
BRDA:368,54,1,0
BRDA:383,55,0,0
BRDA:383,55,1,0
BRDA:383,55,2,0
BRDA:409,56,0,0
BRDA:409,56,1,0
BRDA:411,57,0,0
BRDA:411,57,1,0
BRDA:418,58,0,0
BRDA:418,58,1,0
BRDA:440,59,0,0
BRDA:440,59,1,0
BRDA:440,59,2,0
BRDA:454,60,0,0
BRDA:454,60,1,0
BRDA:474,61,0,0
BRDA:474,61,1,0
BRDA:477,62,0,0
BRDA:477,62,1,0
BRDA:483,63,0,0
BRDA:483,63,1,0
BRDA:490,64,0,0
BRDA:490,64,1,0
BRDA:516,65,0,0
BRDA:516,65,1,0
BRDA:516,66,0,0
BRDA:516,66,1,0
BRDA:527,67,0,0
BRDA:527,67,1,0
BRDA:528,68,0,0
BRDA:528,68,1,0
BRDA:529,69,0,0
BRDA:529,69,1,0
BRDA:530,70,0,0
BRDA:530,70,1,0
BRDA:532,71,0,0
BRDA:532,71,1,0
BRDA:532,72,0,0
BRDA:532,72,1,0
BRDA:532,72,2,0
BRDA:532,72,3,0
BRDA:539,73,0,0
BRDA:539,73,1,0
BRDA:542,74,0,0
BRDA:542,74,1,0
BRDA:546,75,0,0
BRDA:546,75,1,0
BRDA:546,76,0,0
BRDA:546,76,1,0
BRDA:671,77,0,0
BRDA:671,77,1,0
BRDA:672,78,0,0
BRDA:672,78,1,0
BRDA:677,79,0,0
BRDA:677,79,1,0
BRDA:679,80,0,0
BRDA:679,80,1,0
BRDA:681,81,0,0
BRDA:681,81,1,0
BRDA:695,82,0,0
BRDA:695,82,1,0
BRDA:695,83,0,0
BRDA:695,83,1,0
BRDA:697,84,0,0
BRDA:697,84,1,0
BRDA:699,85,0,0
BRDA:699,85,1,0
BRDA:704,86,0,0
BRDA:704,86,1,0
BRDA:721,87,0,0
BRDA:720,88,0,0
BRDA:720,88,1,0
BRDA:723,89,0,0
BRDA:725,90,0,0
BRDA:733,91,0,0
BRDA:739,92,0,0
BRDA:739,92,1,0
BRDA:745,93,0,0
BRDA:745,93,1,0
BRDA:751,94,0,0
BRDA:765,95,0,0
BRDA:765,95,1,0
BRDA:767,96,0,0
BRDA:782,97,0,0
BRDA:784,98,0,0
BRDA:784,98,1,0
BRDA:791,99,0,0
BRDA:808,100,0,0
BRDA:812,101,0,0
BRDA:812,101,1,0
BRDA:818,102,0,0
BRDA:823,103,0,0
BRDA:823,103,1,0
BRDA:831,104,0,0
BRDA:831,104,1,0
BRDA:834,105,0,0
BRDA:838,106,0,0
BRDA:838,106,1,0
BRDA:844,107,0,0
BRDA:844,107,1,0
BRDA:860,108,0,0
BRDA:860,108,1,0
BRDA:862,109,0,0
BRDA:862,109,1,0
BRDA:878,110,0,0
BRDA:878,110,1,0
BRDA:884,111,0,0
BRDA:884,111,1,0
BRDA:885,112,0,0
BRDA:885,112,1,0
BRDA:889,113,0,0
BRDA:903,114,0,0
BRDA:903,114,1,0
BRDA:923,115,0,0
BRDA:923,115,1,0
BRDA:924,116,0,0
BRDA:924,116,1,0
BRDA:953,117,0,0
BRDA:953,117,1,0
BRDA:967,118,0,0
BRDA:975,119,0,0
BRDA:991,120,0,0
BRDA:991,120,1,0
BRDA:996,121,0,0
BRDA:996,121,1,0
BRDA:1065,122,0,0
BRDA:1096,123,0,0
BRDA:1096,123,1,0
BRDA:1102,124,0,0
BRDA:1102,124,1,0
BRDA:1104,125,0,0
BRDA:1104,125,1,0
BRDA:1143,126,0,0
BRDA:1162,127,0,0
BRDA:1162,127,1,0
BRDA:1166,128,0,0
BRDA:1166,128,1,0
BRDA:1190,129,0,0
BRDA:1190,129,1,0
BRDA:1218,130,0,0
BRDA:1218,130,1,0
BRDA:1229,131,0,0
BRDA:1229,131,1,0
BRDA:1240,132,0,0
BRDA:1255,133,0,0
BRDA:1277,134,0,0
BRDA:1277,134,1,0
BRDA:1277,135,0,0
BRDA:1277,135,1,0
BRDA:1287,136,0,0
BRDA:1291,137,0,0
BRDA:1291,137,1,0
BRDA:1326,138,0,0
BRDA:1377,139,0,0
BRDA:1377,139,1,0
BRDA:1443,140,0,0
BRDA:1443,140,1,0
BRDA:1443,141,0,0
BRDA:1443,141,1,0
BRDA:1473,142,0,0
BRDA:1473,142,1,0
BRDA:1488,143,0,0
BRDA:1488,143,1,0
BRDA:1488,143,2,0
BRDA:1492,144,0,0
BRDA:1511,145,0,0
BRDA:1511,145,1,0
BRDA:1515,146,0,0
BRDA:1515,146,1,0
BRDA:1633,147,0,0
BRDA:1633,147,1,0
BRDA:1643,148,0,0
BRDA:1672,149,0,0
BRDA:1672,149,1,0
BRDA:1672,150,0,0
BRDA:1672,150,1,0
BRDA:1684,151,0,0
BRDA:1684,151,1,0
BRDA:1685,152,0,0
BRDA:1685,152,1,0
BRDA:1686,153,0,0
BRDA:1686,153,1,0
BRDA:1687,154,0,0
BRDA:1687,154,1,0
BRDA:1688,155,0,0
BRDA:1688,155,1,0
BRDA:1708,156,0,0
BRDA:1708,156,1,0
BRDA:1710,157,0,0
BRDA:1710,157,1,0
BRDA:1725,158,0,0
BRDA:1725,158,1,0
BRDA:1730,159,0,0
BRDA:1730,159,1,0
BRDA:1730,159,2,0
BRDA:1734,160,0,0
BRDA:1753,161,0,0
BRDA:1753,161,1,0
BRDA:1757,162,0,0
BRDA:1757,162,1,0
BRDA:1839,163,0,0
BRDA:1846,164,0,0
BRDA:1846,164,1,0
BRDA:1846,165,0,0
BRDA:1846,165,1,0
BRDA:1880,166,0,0
BRDA:1880,166,1,0
BRDA:1880,167,0,0
BRDA:1880,167,1,0
BRDA:1901,168,0,0
BRDA:1901,168,1,0
BRDA:1903,169,0,0
BRDA:1903,169,1,0
BRDA:1917,170,0,0
BRDA:1917,170,1,0
BRDA:1922,171,0,0
BRDA:1922,171,1,0
BRDA:1922,171,2,0
BRDA:1926,172,0,0
BRDA:1945,173,0,0
BRDA:1945,173,1,0
BRDA:2025,174,0,0
BRDA:2025,174,1,0
BRDA:2039,175,0,0
BRDA:2039,175,1,0
BRDA:2060,176,0,0
BRF:343
BRH:0
end_of_record
TN:
SF:app/admin/content/page.tsx
FN:25,ContentMenuPage
FN:75,(anonymous_3)
FNF:2
FNH:0
FNDA:0,ContentMenuPage
FNDA:0,(anonymous_3)
DA:4,0
DA:5,0
DA:15,0
DA:25,0
DA:26,0
DA:76,0
DA:77,0
LF:7
LH:0
BRF:0
BRH:0
end_of_record
TN:
SF:app/admin/content/builder/page.tsx
FN:77,ContentManagementPage
FN:90,(anonymous_3)
FN:210,(anonymous_4)
FN:226,(anonymous_5)
FN:230,(anonymous_6)
FN:235,(anonymous_7)
FN:239,(anonymous_8)
FN:244,(anonymous_9)
FN:247,(anonymous_10)
FN:255,(anonymous_11)
FN:265,(anonymous_12)
FN:269,(anonymous_13)
FN:274,(anonymous_14)
FN:279,(anonymous_15)
FN:283,(anonymous_16)
FN:284,(anonymous_17)
FN:298,(anonymous_18)
FN:303,(anonymous_19)
FN:308,(anonymous_20)
FN:314,(anonymous_21)
FN:318,(anonymous_22)
FN:323,(anonymous_23)
FN:329,(anonymous_24)
FN:333,(anonymous_25)
FN:357,(anonymous_26)
FN:404,(anonymous_27)
FN:424,(anonymous_28)
FN:448,(anonymous_29)
FN:542,(anonymous_30)
FN:561,(anonymous_31)
FN:586,(anonymous_32)
FN:591,(anonymous_33)
FN:607,(anonymous_34)
FN:628,(anonymous_35)
FN:636,(anonymous_36)
FN:642,(anonymous_37)
FN:644,(anonymous_38)
FN:677,(anonymous_39)
FN:685,(anonymous_40)
FN:688,(anonymous_41)
FN:711,(anonymous_42)
FN:742,(anonymous_43)
FN:745,(anonymous_44)
FN:781,(anonymous_45)
FN:788,(anonymous_46)
FN:798,(anonymous_47)
FN:819,(anonymous_48)
FN:829,(anonymous_49)
FN:860,(anonymous_50)
FN:864,(anonymous_51)
FN:866,(anonymous_52)
FN:867,(anonymous_53)
FN:881,(anonymous_54)
FN:904,(anonymous_55)
FN:915,(anonymous_56)
FN:940,(anonymous_57)
FN:952,(anonymous_58)
FN:953,(anonymous_59)
FN:966,(anonymous_60)
FN:982,(anonymous_61)
FN:993,(anonymous_62)
FN:1010,(anonymous_63)
FN:1022,(anonymous_64)
FN:1032,(anonymous_65)
FN:1054,(anonymous_66)
FN:1064,(anonymous_67)
FN:1075,(anonymous_68)
FN:1105,(anonymous_69)
FN:1115,(anonymous_70)
FN:1126,(anonymous_71)
FN:1126,(anonymous_72)
FN:1140,(anonymous_73)
FN:1146,(anonymous_74)
FN:1159,(anonymous_75)
FN:1165,(anonymous_76)
FN:1176,(anonymous_77)
FN:1196,(anonymous_78)
FN:1196,(anonymous_79)
FN:1207,(anonymous_80)
FN:1226,(anonymous_81)
FN:1244,(anonymous_82)
FN:1264,(anonymous_83)
FN:1267,(anonymous_84)
FN:1293,(anonymous_85)
FN:1299,(anonymous_86)
FN:1316,(anonymous_87)
FN:1322,(anonymous_88)
FN:1337,(anonymous_89)
FN:1357,(anonymous_90)
FN:1377,(anonymous_91)
FN:1391,(anonymous_92)
FN:1429,(anonymous_93)
FN:1444,(anonymous_94)
FN:1454,(anonymous_95)
FNF:94
FNH:0
FNDA:0,ContentManagementPage
FNDA:0,(anonymous_3)
FNDA:0,(anonymous_4)
FNDA:0,(anonymous_5)
FNDA:0,(anonymous_6)
FNDA:0,(anonymous_7)
FNDA:0,(anonymous_8)
FNDA:0,(anonymous_9)
FNDA:0,(anonymous_10)
FNDA:0,(anonymous_11)
FNDA:0,(anonymous_12)
FNDA:0,(anonymous_13)
FNDA:0,(anonymous_14)
FNDA:0,(anonymous_15)
FNDA:0,(anonymous_16)
FNDA:0,(anonymous_17)
FNDA:0,(anonymous_18)
FNDA:0,(anonymous_19)
FNDA:0,(anonymous_20)
FNDA:0,(anonymous_21)
FNDA:0,(anonymous_22)
FNDA:0,(anonymous_23)
FNDA:0,(anonymous_24)
FNDA:0,(anonymous_25)
FNDA:0,(anonymous_26)
FNDA:0,(anonymous_27)
FNDA:0,(anonymous_28)
FNDA:0,(anonymous_29)
FNDA:0,(anonymous_30)
FNDA:0,(anonymous_31)
FNDA:0,(anonymous_32)
FNDA:0,(anonymous_33)
FNDA:0,(anonymous_34)
FNDA:0,(anonymous_35)
FNDA:0,(anonymous_36)
FNDA:0,(anonymous_37)
FNDA:0,(anonymous_38)
FNDA:0,(anonymous_39)
FNDA:0,(anonymous_40)
FNDA:0,(anonymous_41)
FNDA:0,(anonymous_42)
FNDA:0,(anonymous_43)
FNDA:0,(anonymous_44)
FNDA:0,(anonymous_45)
FNDA:0,(anonymous_46)
FNDA:0,(anonymous_47)
FNDA:0,(anonymous_48)
FNDA:0,(anonymous_49)
FNDA:0,(anonymous_50)
FNDA:0,(anonymous_51)
FNDA:0,(anonymous_52)
FNDA:0,(anonymous_53)
FNDA:0,(anonymous_54)
FNDA:0,(anonymous_55)
FNDA:0,(anonymous_56)
FNDA:0,(anonymous_57)
FNDA:0,(anonymous_58)
FNDA:0,(anonymous_59)
FNDA:0,(anonymous_60)
FNDA:0,(anonymous_61)
FNDA:0,(anonymous_62)
FNDA:0,(anonymous_63)
FNDA:0,(anonymous_64)
FNDA:0,(anonymous_65)
FNDA:0,(anonymous_66)
FNDA:0,(anonymous_67)
FNDA:0,(anonymous_68)
FNDA:0,(anonymous_69)
FNDA:0,(anonymous_70)
FNDA:0,(anonymous_71)
FNDA:0,(anonymous_72)
FNDA:0,(anonymous_73)
FNDA:0,(anonymous_74)
FNDA:0,(anonymous_75)
FNDA:0,(anonymous_76)
FNDA:0,(anonymous_77)
FNDA:0,(anonymous_78)
FNDA:0,(anonymous_79)
FNDA:0,(anonymous_80)
FNDA:0,(anonymous_81)
FNDA:0,(anonymous_82)
FNDA:0,(anonymous_83)
FNDA:0,(anonymous_84)
FNDA:0,(anonymous_85)
FNDA:0,(anonymous_86)
FNDA:0,(anonymous_87)
FNDA:0,(anonymous_88)
FNDA:0,(anonymous_89)
FNDA:0,(anonymous_90)
FNDA:0,(anonymous_91)
FNDA:0,(anonymous_92)
FNDA:0,(anonymous_93)
FNDA:0,(anonymous_94)
FNDA:0,(anonymous_95)
DA:4,0
DA:5,0
DA:29,0
DA:30,0
DA:31,0
DA:77,0
DA:78,0
DA:79,0
DA:80,0
DA:81,0
DA:82,0
DA:83,0
DA:84,0
DA:85,0
DA:86,0
DA:87,0
DA:90,0
DA:91,0
DA:210,0
DA:211,0
DA:213,0
DA:220,0
DA:225,0
DA:226,0
DA:230,0
DA:231,0
DA:233,0
DA:235,0
DA:238,0
DA:239,0
DA:240,0
DA:244,0
DA:245,0
DA:247,0
DA:248,0
DA:250,0
DA:255,0
DA:256,0
DA:257,0
DA:259,0
DA:264,0
DA:265,0
DA:269,0
DA:270,0
DA:271,0
DA:274,0
DA:275,0
DA:276,0
DA:279,0
DA:280,0
DA:281,0
DA:283,0
DA:284,0
DA:286,0
DA:287,0
DA:288,0
DA:289,0
DA:292,0
DA:297,0
DA:298,0
DA:299,0
DA:303,0
DA:304,0
DA:306,0
DA:309,0
DA:313,0
DA:314,0
DA:318,0
DA:319,0
DA:321,0
DA:324,0
DA:328,0
DA:329,0
DA:333,0
DA:334,0
DA:336,0
DA:338,0
DA:340,0
DA:342,0
DA:344,0
DA:346,0
DA:348,0
DA:350,0
DA:352,0
DA:357,0
DA:358,0
DA:360,0
DA:362,0
DA:364,0
DA:366,0
DA:374,0
DA:382,0
DA:389,0
DA:395,0
DA:397,0
DA:399,0
DA:404,0
DA:405,0
DA:407,0
DA:409,0
DA:425,0
DA:426,0
DA:449,0
DA:450,0
DA:543,0
DA:562,0
DA:587,0
DA:592,0
DA:602,0
DA:607,0
DA:608,0
DA:610,0
DA:619,0
DA:620,0
DA:621,0
DA:622,0
DA:623,0
DA:624,0
DA:628,0
DA:629,0
DA:631,0
DA:636,0
DA:637,0
DA:638,0
DA:642,0
DA:643,0
DA:644,0
DA:645,0
DA:646,0
DA:677,0
DA:686,0
DA:689,0
DA:690,0
DA:691,0
DA:712,0
DA:713,0
DA:743,0
DA:745,0
DA:781,0
DA:788,0
DA:798,0
DA:819,0
DA:829,0
DA:861,0
DA:864,0
DA:866,0
DA:867,0
DA:882,0
DA:893,0
DA:905,0
DA:906,0
DA:916,0
DA:917,0
DA:940,0
DA:953,0
DA:954,0
DA:966,0
DA:982,0
DA:993,0
DA:1010,0
DA:1022,0
DA:1032,0
DA:1054,0
DA:1064,0
DA:1076,0
DA:1077,0
DA:1083,0
DA:1105,0
DA:1115,0
DA:1126,0
DA:1140,0
DA:1146,0
DA:1159,0
DA:1165,0
DA:1176,0
DA:1196,0
DA:1207,0
DA:1226,0
DA:1244,0
DA:1265,0
DA:1267,0
DA:1293,0
DA:1299,0
DA:1316,0
DA:1322,0
DA:1337,0
DA:1357,0
DA:1377,0
DA:1391,0
DA:1429,0
DA:1444,0
DA:1455,0
DA:1456,0
DA:1457,0
LF:194
LH:0
BRDA:211,0,0,0
BRDA:211,0,1,0
BRDA:226,1,0,0
BRDA:226,1,1,0
BRDA:231,2,0,0
BRDA:231,2,1,0
BRDA:239,3,0,0
BRDA:239,3,1,0
BRDA:245,4,0,0
BRDA:245,4,1,0
BRDA:248,5,0,0
BRDA:248,5,1,0
BRDA:265,6,0,0
BRDA:265,6,1,0
BRDA:281,7,0,0
BRDA:281,7,1,0
BRDA:281,8,0,0
BRDA:281,8,1,0
BRDA:281,8,2,0
BRDA:288,9,0,0
BRDA:288,9,1,0
BRDA:298,10,0,0
BRDA:298,10,1,0
BRDA:304,11,0,0
BRDA:304,11,1,0
BRDA:309,12,0,0
BRDA:309,12,1,0
BRDA:314,13,0,0
BRDA:314,13,1,0
BRDA:319,14,0,0
BRDA:319,14,1,0
BRDA:324,15,0,0
BRDA:324,15,1,0
BRDA:329,16,0,0
BRDA:329,16,1,0
BRDA:334,17,0,0
BRDA:334,17,1,0
BRDA:334,17,2,0
BRDA:334,17,3,0
BRDA:334,17,4,0
BRDA:334,17,5,0
BRDA:334,17,6,0
BRDA:334,17,7,0
BRDA:334,17,8,0
BRDA:358,18,0,0
BRDA:358,18,1,0
BRDA:358,18,2,0
BRDA:358,18,3,0
BRDA:358,18,4,0
BRDA:358,18,5,0
BRDA:358,18,6,0
BRDA:358,18,7,0
BRDA:358,18,8,0
BRDA:358,18,9,0
BRDA:404,19,0,0
BRDA:405,20,0,0
BRDA:405,20,1,0
BRDA:407,21,0,0
BRDA:414,22,0,0
BRDA:414,22,1,0
BRDA:415,23,0,0
BRDA:415,23,1,0
BRDA:416,24,0,0
BRDA:416,24,1,0
BRDA:417,25,0,0
BRDA:417,25,1,0
BRDA:417,26,0,0
BRDA:417,26,1,0
BRDA:417,26,2,0
BRDA:422,27,0,0
BRDA:422,27,1,0
BRDA:422,27,2,0
BRDA:425,28,0,0
BRDA:425,28,1,0
BRDA:425,29,0,0
BRDA:425,29,1,0
BRDA:426,30,0,0
BRDA:426,30,1,0
BRDA:439,31,0,0
BRDA:439,31,1,0
BRDA:439,32,0,0
BRDA:439,32,1,0
BRDA:439,32,2,0
BRDA:446,33,0,0
BRDA:446,33,1,0
BRDA:446,33,2,0
BRDA:449,34,0,0
BRDA:449,34,1,0
BRDA:449,35,0,0
BRDA:449,35,1,0
BRDA:450,36,0,0
BRDA:450,36,1,0
BRDA:464,37,0,0
BRDA:466,38,0,0
BRDA:466,38,1,0
BRDA:511,39,0,0
BRDA:530,40,0,0
BRDA:535,41,0,0
BRDA:540,42,0,0
BRDA:540,42,1,0
BRDA:582,43,0,0
BRDA:582,43,1,0
BRDA:583,44,0,0
BRDA:583,44,1,0
BRDA:586,45,0,0
BRDA:586,45,1,0
BRDA:588,46,0,0
BRDA:588,46,1,0
BRDA:591,47,0,0
BRDA:591,47,1,0
BRDA:608,48,0,0
BRDA:608,48,1,0
BRDA:608,49,0,0
BRDA:608,49,1,0
BRDA:615,50,0,0
BRDA:615,50,1,0
BRDA:629,51,0,0
BRDA:629,51,1,0
BRDA:633,52,0,0
BRDA:633,52,1,0
BRDA:636,53,0,0
BRDA:636,53,1,0
BRDA:643,54,0,0
BRDA:643,54,1,0
BRDA:645,55,0,0
BRDA:645,55,1,0
BRDA:694,56,0,0
BRDA:694,56,1,0
BRDA:706,57,0,0
BRDA:727,58,0,0
BRDA:727,58,1,0
BRDA:760,59,0,0
BRDA:769,60,0,0
BRDA:769,60,1,0
BRDA:773,61,0,0
BRDA:773,61,1,0
BRDA:779,62,0,0
BRDA:784,63,0,0
BRDA:785,64,0,0
BRDA:785,64,1,0
BRDA:815,65,0,0
BRDA:821,66,0,0
BRDA:821,66,1,0
BRDA:831,67,0,0
BRDA:831,67,1,0
BRDA:844,68,0,0
BRDA:844,68,1,0
BRDA:847,69,0,0
BRDA:847,69,1,0
BRDA:847,70,0,0
BRDA:847,70,1,0
BRDA:852,71,0,0
BRDA:855,72,0,0
BRDA:855,72,1,0
BRDA:863,73,0,0
BRDA:863,73,1,0
BRDA:867,74,0,0
BRDA:867,74,1,0
BRDA:867,74,2,0
BRDA:869,75,0,0
BRDA:869,75,1,0
BRDA:869,76,0,0
BRDA:869,76,1,0
BRDA:871,77,0,0
BRDA:871,77,1,0
BRDA:879,78,0,0
BRDA:879,78,1,0
BRDA:893,79,0,0
BRDA:893,79,1,0
BRDA:901,80,0,0
BRDA:901,80,1,0
BRDA:901,80,2,0
BRDA:949,81,0,0
BRDA:949,81,1,0
BRDA:949,81,2,0
BRDA:954,82,0,0
BRDA:954,82,1,0
BRDA:959,83,0,0
BRDA:959,83,1,0
BRDA:968,84,0,0
BRDA:968,84,1,0
BRDA:973,85,0,0
BRDA:992,86,0,0
BRDA:992,86,1,0
BRDA:1001,87,0,0
BRDA:1009,88,0,0
BRDA:1009,88,1,0
BRDA:1021,89,0,0
BRDA:1021,89,1,0
BRDA:1031,90,0,0
BRDA:1031,90,1,0
BRDA:1045,91,0,0
BRDA:1053,92,0,0
BRDA:1053,92,1,0
BRDA:1063,93,0,0
BRDA:1063,93,1,0
BRDA:1074,94,0,0
BRDA:1074,94,1,0
BRDA:1096,95,0,0
BRDA:1104,96,0,0
BRDA:1104,96,1,0
BRDA:1114,97,0,0
BRDA:1114,97,1,0
BRDA:1125,98,0,0
BRDA:1125,98,1,0
BRDA:1139,99,0,0
BRDA:1139,99,1,0
BRDA:1145,100,0,0
BRDA:1145,100,1,0
BRDA:1158,101,0,0
BRDA:1158,101,1,0
BRDA:1164,102,0,0
BRDA:1164,102,1,0
BRDA:1175,103,0,0
BRDA:1175,103,1,0
BRDA:1189,104,0,0
BRDA:1195,105,0,0
BRDA:1195,105,1,0
BRDA:1206,106,0,0
BRDA:1206,106,1,0
BRDA:1219,107,0,0
BRDA:1225,108,0,0
BRDA:1225,108,1,0
BRDA:1237,109,0,0
BRDA:1243,110,0,0
BRDA:1243,110,1,0
BRDA:1258,111,0,0
BRDA:1258,111,1,0
BRDA:1258,111,2,0
BRDA:1258,111,3,0
BRDA:1269,112,0,0
BRDA:1269,112,1,0
BRDA:1274,113,0,0
BRDA:1275,114,0,0
BRDA:1276,115,0,0
BRDA:1284,116,0,0
BRDA:1284,116,1,0
BRDA:1284,116,2,0
BRDA:1287,117,0,0
BRDA:1287,117,1,0
BRDA:1292,118,0,0
BRDA:1292,118,1,0
BRDA:1298,119,0,0
BRDA:1298,119,1,0
BRDA:1307,120,0,0
BRDA:1315,121,0,0
BRDA:1315,121,1,0
BRDA:1321,122,0,0
BRDA:1321,122,1,0
BRDA:1330,123,0,0
BRDA:1330,123,1,0
BRDA:1336,124,0,0
BRDA:1336,124,1,0
BRDA:1350,125,0,0
BRDA:1356,126,0,0
BRDA:1356,126,1,0
BRDA:1369,127,0,0
BRDA:1376,128,0,0
BRDA:1376,128,1,0
BRDA:1390,129,0,0
BRDA:1390,129,1,0
BRDA:1412,130,0,0
BRDA:1465,131,0,0
BRDA:1465,131,1,0
BRF:264
BRH:0
end_of_record
TN:
SF:app/admin/content/machine-guide/page.tsx
FN:28,MachineRulesPage
FN:45,(anonymous_3)
FN:66,(anonymous_4)
FN:95,(anonymous_5)
FN:100,(anonymous_6)
FN:110,(anonymous_7)
FN:137,(anonymous_8)
FN:174,(anonymous_9)
FN:186,(anonymous_10)
FN:194,(anonymous_11)
FN:209,(anonymous_12)
FN:219,(anonymous_13)
FN:266,(anonymous_14)
FN:278,(anonymous_15)
FN:289,(anonymous_16)
FN:295,(anonymous_17)
FN:331,(anonymous_18)
FN:342,(anonymous_19)
FN:351,(anonymous_20)
FN:367,(anonymous_21)
FN:385,(anonymous_22)
FN:398,(anonymous_23)
FNF:22
FNH:0
FNDA:0,MachineRulesPage
FNDA:0,(anonymous_3)
FNDA:0,(anonymous_4)
FNDA:0,(anonymous_5)
FNDA:0,(anonymous_6)
FNDA:0,(anonymous_7)
FNDA:0,(anonymous_8)
FNDA:0,(anonymous_9)
FNDA:0,(anonymous_10)
FNDA:0,(anonymous_11)
FNDA:0,(anonymous_12)
FNDA:0,(anonymous_13)
FNDA:0,(anonymous_14)
FNDA:0,(anonymous_15)
FNDA:0,(anonymous_16)
FNDA:0,(anonymous_17)
FNDA:0,(anonymous_18)
FNDA:0,(anonymous_19)
FNDA:0,(anonymous_20)
FNDA:0,(anonymous_21)
FNDA:0,(anonymous_22)
FNDA:0,(anonymous_23)
DA:4,0
DA:5,0
DA:16,0
DA:17,0
DA:28,0
DA:29,0
DA:30,0
DA:31,0
DA:32,0
DA:35,0
DA:40,0
DA:45,0
DA:46,0
DA:47,0
DA:48,0
DA:49,0
DA:51,0
DA:52,0
DA:55,0
DA:57,0
DA:59,0
DA:61,0
DA:66,0
DA:67,0
DA:69,0
DA:73,0
DA:75,0
DA:76,0
DA:77,0
DA:78,0
DA:82,0
DA:86,0
DA:88,0
DA:91,0
DA:95,0
DA:96,0
DA:100,0
DA:101,0
DA:102,0
DA:103,0
DA:106,0
DA:107,0
DA:110,0
DA:112,0
DA:121,0
DA:122,0
DA:125,0
DA:126,0
DA:127,0
DA:129,0
DA:130,0
DA:132,0
DA:137,0
DA:138,0
DA:139,0
DA:140,0
DA:143,0
DA:144,0
DA:146,0
DA:155,0
DA:156,0
DA:158,0
DA:159,0
DA:163,0
DA:164,0
DA:166,0
DA:167,0
DA:169,0
DA:174,0
DA:175,0
DA:177,0
DA:178,0
DA:182,0
DA:183,0
DA:186,0
DA:188,0
DA:189,0
DA:194,0
DA:195,0
DA:196,0
DA:205,0
DA:206,0
DA:209,0
DA:210,0
DA:213,0
DA:214,0
DA:219,0
DA:220,0
DA:223,0
DA:224,0
DA:225,0
DA:235,0
DA:237,0
DA:267,0
DA:278,0
DA:289,0
DA:295,0
DA:331,0
DA:343,0
DA:344,0
DA:351,0
DA:367,0
DA:385,0
DA:399,0
DA:400,0
LF:105
LH:0
BRDA:51,0,0,0
BRDA:51,0,1,0
BRDA:55,1,0,0
BRDA:55,1,1,0
BRDA:75,2,0,0
BRDA:75,2,1,0
BRDA:86,3,0,0
BRDA:86,3,1,0
BRDA:101,4,0,0
BRDA:101,4,1,0
BRDA:122,5,0,0
BRDA:122,5,1,0
BRDA:138,6,0,0
BRDA:138,6,1,0
BRDA:158,7,0,0
BRDA:158,7,1,0
BRDA:158,8,0,0
BRDA:158,8,1,0
BRDA:159,9,0,0
BRDA:159,9,1,0
BRDA:175,10,0,0
BRDA:175,10,1,0
BRDA:183,11,0,0
BRDA:183,11,1,0
BRDA:206,12,0,0
BRDA:206,12,1,0
BRDA:210,13,0,0
BRDA:210,13,1,0
BRDA:274,14,0,0
BRDA:320,15,0,0
BRDA:320,15,1,0
BRDA:324,16,0,0
BRDA:324,16,1,0
BRDA:333,17,0,0
BRDA:333,17,1,0
BRDA:336,18,0,0
BRDA:366,19,0,0
BRDA:408,20,0,0
BRDA:408,20,1,0
BRF:39
BRH:0
end_of_record
TN:
SF:app/admin/content/rental-guide/page.tsx
FN:29,ReservationRulesPage
FN:46,(anonymous_3)
FN:67,(anonymous_4)
FN:96,(anonymous_5)
FN:101,(anonymous_6)
FN:111,(anonymous_7)
FN:138,(anonymous_8)
FN:175,(anonymous_9)
FN:187,(anonymous_10)
FN:195,(anonymous_11)
FN:210,(anonymous_12)
FN:220,(anonymous_13)
FN:267,(anonymous_14)
FN:279,(anonymous_15)
FN:290,(anonymous_16)
FN:296,(anonymous_17)
FN:332,(anonymous_18)
FN:343,(anonymous_19)
FN:352,(anonymous_20)
FN:368,(anonymous_21)
FN:386,(anonymous_22)
FN:399,(anonymous_23)
FNF:22
FNH:0
FNDA:0,ReservationRulesPage
FNDA:0,(anonymous_3)
FNDA:0,(anonymous_4)
FNDA:0,(anonymous_5)
FNDA:0,(anonymous_6)
FNDA:0,(anonymous_7)
FNDA:0,(anonymous_8)
FNDA:0,(anonymous_9)
FNDA:0,(anonymous_10)
FNDA:0,(anonymous_11)
FNDA:0,(anonymous_12)
FNDA:0,(anonymous_13)
FNDA:0,(anonymous_14)
FNDA:0,(anonymous_15)
FNDA:0,(anonymous_16)
FNDA:0,(anonymous_17)
FNDA:0,(anonymous_18)
FNDA:0,(anonymous_19)
FNDA:0,(anonymous_20)
FNDA:0,(anonymous_21)
FNDA:0,(anonymous_22)
FNDA:0,(anonymous_23)
DA:4,0
DA:5,0
DA:17,0
DA:18,0
DA:29,0
DA:30,0
DA:31,0
DA:32,0
DA:33,0
DA:36,0
DA:41,0
DA:46,0
DA:47,0
DA:48,0
DA:49,0
DA:50,0
DA:52,0
DA:53,0
DA:56,0
DA:58,0
DA:60,0
DA:62,0
DA:67,0
DA:68,0
DA:70,0
DA:74,0
DA:76,0
DA:77,0
DA:78,0
DA:79,0
DA:83,0
DA:87,0
DA:89,0
DA:92,0
DA:96,0
DA:97,0
DA:101,0
DA:102,0
DA:103,0
DA:104,0
DA:107,0
DA:108,0
DA:111,0
DA:113,0
DA:122,0
DA:123,0
DA:126,0
DA:127,0
DA:128,0
DA:130,0
DA:131,0
DA:133,0
DA:138,0
DA:139,0
DA:140,0
DA:141,0
DA:144,0
DA:145,0
DA:147,0
DA:156,0
DA:157,0
DA:159,0
DA:160,0
DA:164,0
DA:165,0
DA:167,0
DA:168,0
DA:170,0
DA:175,0
DA:176,0
DA:178,0
DA:179,0
DA:183,0
DA:184,0
DA:187,0
DA:189,0
DA:190,0
DA:195,0
DA:196,0
DA:197,0
DA:206,0
DA:207,0
DA:210,0
DA:211,0
DA:214,0
DA:215,0
DA:220,0
DA:221,0
DA:224,0
DA:225,0
DA:226,0
DA:236,0
DA:238,0
DA:268,0
DA:279,0
DA:290,0
DA:296,0
DA:332,0
DA:344,0
DA:345,0
DA:352,0
DA:368,0
DA:386,0
DA:400,0
DA:401,0
LF:105
LH:0
BRDA:52,0,0,0
BRDA:52,0,1,0
BRDA:56,1,0,0
BRDA:56,1,1,0
BRDA:76,2,0,0
BRDA:76,2,1,0
BRDA:78,3,0,0
BRDA:78,3,1,0
BRDA:87,4,0,0
BRDA:87,4,1,0
BRDA:102,5,0,0
BRDA:102,5,1,0
BRDA:123,6,0,0
BRDA:123,6,1,0
BRDA:139,7,0,0
BRDA:139,7,1,0
BRDA:159,8,0,0
BRDA:159,8,1,0
BRDA:159,9,0,0
BRDA:159,9,1,0
BRDA:160,10,0,0
BRDA:160,10,1,0
BRDA:176,11,0,0
BRDA:176,11,1,0
BRDA:184,12,0,0
BRDA:184,12,1,0
BRDA:207,13,0,0
BRDA:207,13,1,0
BRDA:211,14,0,0
BRDA:211,14,1,0
BRDA:275,15,0,0
BRDA:321,16,0,0
BRDA:321,16,1,0
BRDA:325,17,0,0
BRDA:325,17,1,0
BRDA:334,18,0,0
BRDA:334,18,1,0
BRDA:337,19,0,0
BRDA:367,20,0,0
BRDA:409,21,0,0
BRDA:409,21,1,0
BRF:41
BRH:0
end_of_record
TN:
SF:app/admin/devices/page.tsx
FN:73,TypeEditForm
FN:89,(anonymous_2)
FN:90,(anonymous_3)
FN:100,(anonymous_4)
FN:122,(anonymous_5)
FN:134,(anonymous_6)
FN:149,(anonymous_7)
FN:150,(anonymous_8)
FN:226,(anonymous_9)
FN:231,(anonymous_10)
FN:244,(anonymous_11)
FN:257,(anonymous_12)
FN:281,(anonymous_13)
FN:282,(anonymous_14)
FN:294,(anonymous_15)
FN:295,(anonymous_16)
FN:323,(anonymous_17)
FN:355,DeviceCard
FN:396,(anonymous_19)
FN:413,(anonymous_20)
FN:421,(anonymous_21)
FN:464,DevicesPage
FN:467,(anonymous_23)
FN:499,(anonymous_24)
FN:519,(anonymous_25)
FN:531,(anonymous_26)
FN:547,(anonymous_27)
FN:548,(anonymous_28)
FN:563,(anonymous_29)
FN:569,(anonymous_30)
FN:571,(anonymous_31)
FN:577,(anonymous_32)
FN:581,(anonymous_33)
FN:592,(anonymous_34)
FN:614,(anonymous_35)
FN:617,(anonymous_36)
FN:618,(anonymous_37)
FN:630,(anonymous_38)
FN:644,(anonymous_39)
FN:650,(anonymous_40)
FN:653,(anonymous_41)
FN:657,(anonymous_42)
FN:667,(anonymous_43)
FN:674,(anonymous_44)
FN:685,(anonymous_45)
FN:688,(anonymous_46)
FN:688,(anonymous_47)
FN:698,(anonymous_48)
FN:704,(anonymous_49)
FN:713,(anonymous_50)
FN:718,(anonymous_51)
FN:722,(anonymous_52)
FN:737,(anonymous_53)
FN:750,(anonymous_54)
FN:772,(anonymous_55)
FN:781,(anonymous_56)
FN:786,(anonymous_57)
FN:790,(anonymous_58)
FN:800,(anonymous_59)
FN:801,(anonymous_60)
FN:810,(anonymous_61)
FN:815,(anonymous_62)
FN:816,(anonymous_63)
FN:826,(anonymous_64)
FN:838,(anonymous_65)
FN:867,(anonymous_66)
FN:882,(anonymous_67)
FN:920,(anonymous_68)
FN:930,(anonymous_69)
FN:937,(anonymous_70)
FN:939,(anonymous_71)
FN:945,(anonymous_72)
FN:954,(anonymous_73)
FN:989,(anonymous_74)
FN:1006,(anonymous_75)
FN:1017,(anonymous_76)
FN:1029,(anonymous_77)
FN:1045,(anonymous_78)
FN:1056,(anonymous_79)
FN:1068,(anonymous_80)
FN:1089,(anonymous_81)
FN:1101,(anonymous_82)
FN:1107,(anonymous_83)
FN:1116,(anonymous_84)
FN:1149,(anonymous_85)
FN:1150,(anonymous_86)
FN:1172,(anonymous_87)
FN:1188,(anonymous_88)
FN:1230,(anonymous_89)
FN:1235,(anonymous_90)
FN:1242,(anonymous_91)
FN:1244,(anonymous_92)
FN:1252,(anonymous_93)
FN:1264,(anonymous_94)
FN:1333,(anonymous_95)
FN:1361,(anonymous_96)
FN:1372,(anonymous_97)
FN:1377,(anonymous_98)
FN:1378,(anonymous_99)
FN:1385,(anonymous_100)
FN:1397,(anonymous_101)
FN:1414,(anonymous_102)
FN:1425,(anonymous_103)
FN:1430,(anonymous_104)
FN:1431,(anonymous_105)
FN:1438,(anonymous_106)
FN:1450,(anonymous_107)
FN:1472,(anonymous_108)
FN:1495,(anonymous_109)
FN:1502,(anonymous_110)
FN:1511,(anonymous_111)
FN:1598,(anonymous_112)
FN:1604,(anonymous_113)
FN:1610,(anonymous_114)
FN:1616,(anonymous_115)
FN:1621,(anonymous_116)
FN:1625,(anonymous_117)
FN:1660,(anonymous_118)
FN:1665,(anonymous_119)
FN:1681,(anonymous_120)
FN:1682,(anonymous_121)
FN:1693,(anonymous_122)
FN:1694,(anonymous_123)
FN:1700,(anonymous_124)
FN:1701,(anonymous_125)
FN:1716,(anonymous_126)
FN:1717,(anonymous_127)
FN:1727,(anonymous_128)
FN:1728,(anonymous_129)
FNF:129
FNH:0
FNDA:0,TypeEditForm
FNDA:0,(anonymous_2)
FNDA:0,(anonymous_3)
FNDA:0,(anonymous_4)
FNDA:0,(anonymous_5)
FNDA:0,(anonymous_6)
FNDA:0,(anonymous_7)
FNDA:0,(anonymous_8)
FNDA:0,(anonymous_9)
FNDA:0,(anonymous_10)
FNDA:0,(anonymous_11)
FNDA:0,(anonymous_12)
FNDA:0,(anonymous_13)
FNDA:0,(anonymous_14)
FNDA:0,(anonymous_15)
FNDA:0,(anonymous_16)
FNDA:0,(anonymous_17)
FNDA:0,DeviceCard
FNDA:0,(anonymous_19)
FNDA:0,(anonymous_20)
FNDA:0,(anonymous_21)
FNDA:0,DevicesPage
FNDA:0,(anonymous_23)
FNDA:0,(anonymous_24)
FNDA:0,(anonymous_25)
FNDA:0,(anonymous_26)
FNDA:0,(anonymous_27)
FNDA:0,(anonymous_28)
FNDA:0,(anonymous_29)
FNDA:0,(anonymous_30)
FNDA:0,(anonymous_31)
FNDA:0,(anonymous_32)
FNDA:0,(anonymous_33)
FNDA:0,(anonymous_34)
FNDA:0,(anonymous_35)
FNDA:0,(anonymous_36)
FNDA:0,(anonymous_37)
FNDA:0,(anonymous_38)
FNDA:0,(anonymous_39)
FNDA:0,(anonymous_40)
FNDA:0,(anonymous_41)
FNDA:0,(anonymous_42)
FNDA:0,(anonymous_43)
FNDA:0,(anonymous_44)
FNDA:0,(anonymous_45)
FNDA:0,(anonymous_46)
FNDA:0,(anonymous_47)
FNDA:0,(anonymous_48)
FNDA:0,(anonymous_49)
FNDA:0,(anonymous_50)
FNDA:0,(anonymous_51)
FNDA:0,(anonymous_52)
FNDA:0,(anonymous_53)
FNDA:0,(anonymous_54)
FNDA:0,(anonymous_55)
FNDA:0,(anonymous_56)
FNDA:0,(anonymous_57)
FNDA:0,(anonymous_58)
FNDA:0,(anonymous_59)
FNDA:0,(anonymous_60)
FNDA:0,(anonymous_61)
FNDA:0,(anonymous_62)
FNDA:0,(anonymous_63)
FNDA:0,(anonymous_64)
FNDA:0,(anonymous_65)
FNDA:0,(anonymous_66)
FNDA:0,(anonymous_67)
FNDA:0,(anonymous_68)
FNDA:0,(anonymous_69)
FNDA:0,(anonymous_70)
FNDA:0,(anonymous_71)
FNDA:0,(anonymous_72)
FNDA:0,(anonymous_73)
FNDA:0,(anonymous_74)
FNDA:0,(anonymous_75)
FNDA:0,(anonymous_76)
FNDA:0,(anonymous_77)
FNDA:0,(anonymous_78)
FNDA:0,(anonymous_79)
FNDA:0,(anonymous_80)
FNDA:0,(anonymous_81)
FNDA:0,(anonymous_82)
FNDA:0,(anonymous_83)
FNDA:0,(anonymous_84)
FNDA:0,(anonymous_85)
FNDA:0,(anonymous_86)
FNDA:0,(anonymous_87)
FNDA:0,(anonymous_88)
FNDA:0,(anonymous_89)
FNDA:0,(anonymous_90)
FNDA:0,(anonymous_91)
FNDA:0,(anonymous_92)
FNDA:0,(anonymous_93)
FNDA:0,(anonymous_94)
FNDA:0,(anonymous_95)
FNDA:0,(anonymous_96)
FNDA:0,(anonymous_97)
FNDA:0,(anonymous_98)
FNDA:0,(anonymous_99)
FNDA:0,(anonymous_100)
FNDA:0,(anonymous_101)
FNDA:0,(anonymous_102)
FNDA:0,(anonymous_103)
FNDA:0,(anonymous_104)
FNDA:0,(anonymous_105)
FNDA:0,(anonymous_106)
FNDA:0,(anonymous_107)
FNDA:0,(anonymous_108)
FNDA:0,(anonymous_109)
FNDA:0,(anonymous_110)
FNDA:0,(anonymous_111)
FNDA:0,(anonymous_112)
FNDA:0,(anonymous_113)
FNDA:0,(anonymous_114)
FNDA:0,(anonymous_115)
FNDA:0,(anonymous_116)
FNDA:0,(anonymous_117)
FNDA:0,(anonymous_118)
FNDA:0,(anonymous_119)
FNDA:0,(anonymous_120)
FNDA:0,(anonymous_121)
FNDA:0,(anonymous_122)
FNDA:0,(anonymous_123)
FNDA:0,(anonymous_124)
FNDA:0,(anonymous_125)
FNDA:0,(anonymous_126)
FNDA:0,(anonymous_127)
FNDA:0,(anonymous_128)
FNDA:0,(anonymous_129)
DA:5,0
DA:6,0
DA:26,0
DA:27,0
DA:28,0
DA:89,0
DA:90,0
DA:91,0
DA:92,0
DA:93,0
DA:94,0
DA:96,0
DA:97,0
DA:98,0
DA:100,0
DA:101,0
DA:102,0
DA:105,0
DA:106,0
DA:107,0
DA:110,0
DA:112,0
DA:122,0
DA:123,0
DA:124,0
DA:125,0
DA:128,0
DA:134,0
DA:135,0
DA:136,0
DA:139,0
DA:140,0
DA:141,0
DA:142,0
DA:143,0
DA:149,0
DA:150,0
DA:227,0
DA:232,0
DA:233,0
DA:234,0
DA:235,0
DA:245,0
DA:246,0
DA:247,0
DA:248,0
DA:257,0
DA:281,0
DA:283,0
DA:284,0
DA:285,0
DA:294,0
DA:296,0
DA:297,0
DA:298,0
DA:323,0
DA:372,0
DA:374,0
DA:381,0
DA:396,0
DA:413,0
DA:421,0
DA:464,0
DA:465,0
DA:466,0
DA:467,0
DA:470,0
DA:471,0
DA:472,0
DA:473,0
DA:474,0
DA:475,0
DA:478,0
DA:479,0
DA:480,0
DA:481,0
DA:482,0
DA:483,0
DA:486,0
DA:487,0
DA:488,0
DA:491,0
DA:492,0
DA:493,0
DA:496,0
DA:499,0
DA:504,0
DA:506,0
DA:507,0
DA:509,0
DA:510,0
DA:512,0
DA:513,0
DA:515,0
DA:519,0
DA:520,0
DA:522,0
DA:523,0
DA:524,0
DA:525,0
DA:527,0
DA:531,0
DA:532,0
DA:533,0
DA:534,0
DA:535,0
DA:536,0
DA:537,0
DA:538,0
DA:539,0
DA:540,0
DA:542,0
DA:547,0
DA:548,0
DA:550,0
DA:551,0
DA:552,0
DA:553,0
DA:556,0
DA:557,0
DA:558,0
DA:559,0
DA:560,0
DA:561,0
DA:563,0
DA:564,0
DA:565,0
DA:566,0
DA:567,0
DA:569,0
DA:570,0
DA:571,0
DA:572,0
DA:576,0
DA:577,0
DA:581,0
DA:582,0
DA:583,0
DA:584,0
DA:585,0
DA:586,0
DA:588,0
DA:592,0
DA:593,0
DA:594,0
DA:595,0
DA:611,0
DA:614,0
DA:617,0
DA:619,0
DA:623,0
DA:625,0
DA:626,0
DA:630,0
DA:631,0
DA:632,0
DA:633,0
DA:634,0
DA:635,0
DA:636,0
DA:638,0
DA:640,0
DA:644,0
DA:645,0
DA:646,0
DA:650,0
DA:651,0
DA:652,0
DA:653,0
DA:654,0
DA:655,0
DA:656,0
DA:657,0
DA:658,0
DA:659,0
DA:667,0
DA:668,0
DA:669,0
DA:674,0
DA:675,0
DA:686,0
DA:687,0
DA:688,0
DA:689,0
DA:698,0
DA:699,0
DA:704,0
DA:705,0
DA:706,0
DA:707,0
DA:708,0
DA:710,0
DA:713,0
DA:714,0
DA:715,0
DA:718,0
DA:719,0
DA:722,0
DA:723,0
DA:725,0
DA:726,0
DA:727,0
DA:728,0
DA:731,0
DA:732,0
DA:733,0
DA:734,0
DA:737,0
DA:738,0
DA:741,0
DA:742,0
DA:743,0
DA:745,0
DA:746,0
DA:750,0
DA:757,0
DA:758,0
DA:759,0
DA:762,0
DA:764,0
DA:765,0
DA:767,0
DA:772,0
DA:773,0
DA:774,0
DA:775,0
DA:776,0
DA:778,0
DA:781,0
DA:782,0
DA:783,0
DA:786,0
DA:787,0
DA:790,0
DA:791,0
DA:793,0
DA:794,0
DA:795,0
DA:796,0
DA:799,0
DA:800,0
DA:801,0
DA:803,0
DA:804,0
DA:807,0
DA:808,0
DA:810,0
DA:811,0
DA:815,0
DA:816,0
DA:817,0
DA:820,0
DA:821,0
DA:822,0
DA:824,0
DA:826,0
DA:827,0
DA:837,0
DA:838,0
DA:840,0
DA:841,0
DA:844,0
DA:846,0
DA:847,0
DA:849,0
DA:854,0
DA:867,0
DA:883,0
DA:884,0
DA:885,0
DA:887,0
DA:888,0
DA:897,0
DA:898,0
DA:900,0
DA:920,0
DA:931,0
DA:937,0
DA:939,0
DA:946,0
DA:947,0
DA:948,0
DA:949,0
DA:955,0
DA:956,0
DA:957,0
DA:959,0
DA:960,0
DA:966,0
DA:967,0
DA:969,0
DA:989,0
DA:1007,0
DA:1008,0
DA:1010,0
DA:1011,0
DA:1012,0
DA:1013,0
DA:1014,0
DA:1015,0
DA:1017,0
DA:1018,0
DA:1022,0
DA:1024,0
DA:1025,0
DA:1029,0
DA:1036,0
DA:1046,0
DA:1047,0
DA:1049,0
DA:1050,0
DA:1051,0
DA:1052,0
DA:1053,0
DA:1054,0
DA:1056,0
DA:1057,0
DA:1061,0
DA:1063,0
DA:1064,0
DA:1068,0
DA:1075,0
DA:1089,0
DA:1101,0
DA:1108,0
DA:1109,0
DA:1117,0
DA:1118,0
DA:1119,0
DA:1120,0
DA:1126,0
DA:1128,0
DA:1147,0
DA:1148,0
DA:1149,0
DA:1150,0
DA:1172,0
DA:1189,0
DA:1191,0
DA:1205,0
DA:1206,0
DA:1209,0
DA:1210,0
DA:1218,0
DA:1219,0
DA:1223,0
DA:1224,0
DA:1226,0
DA:1227,0
DA:1230,0
DA:1236,0
DA:1242,0
DA:1244,0
DA:1253,0
DA:1254,0
DA:1255,0
DA:1256,0
DA:1257,0
DA:1265,0
DA:1266,0
DA:1269,0
DA:1281,0
DA:1282,0
DA:1283,0
DA:1284,0
DA:1287,0
DA:1288,0
DA:1291,0
DA:1292,0
DA:1293,0
DA:1301,0
DA:1303,0
DA:1304,0
DA:1305,0
DA:1308,0
DA:1311,0
DA:1312,0
DA:1320,0
DA:1321,0
DA:1326,0
DA:1327,0
DA:1329,0
DA:1330,0
DA:1333,0
DA:1362,0
DA:1363,0
DA:1365,0
DA:1366,0
DA:1367,0
DA:1368,0
DA:1369,0
DA:1370,0
DA:1372,0
DA:1373,0
DA:1377,0
DA:1378,0
DA:1379,0
DA:1382,0
DA:1384,0
DA:1385,0
DA:1386,0
DA:1396,0
DA:1397,0
DA:1399,0
DA:1400,0
DA:1403,0
DA:1404,0
DA:1405,0
DA:1415,0
DA:1416,0
DA:1418,0
DA:1419,0
DA:1420,0
DA:1421,0
DA:1422,0
DA:1423,0
DA:1425,0
DA:1426,0
DA:1430,0
DA:1431,0
DA:1432,0
DA:1435,0
DA:1437,0
DA:1438,0
DA:1439,0
DA:1449,0
DA:1450,0
DA:1452,0
DA:1453,0
DA:1456,0
DA:1457,0
DA:1458,0
DA:1472,0
DA:1495,0
DA:1503,0
DA:1504,0
DA:1512,0
DA:1513,0
DA:1514,0
DA:1515,0
DA:1519,0
DA:1521,0
DA:1546,0
DA:1598,0
DA:1604,0
DA:1610,0
DA:1616,0
DA:1622,0
DA:1623,0
DA:1624,0
DA:1625,0
DA:1630,0
DA:1631,0
DA:1638,0
DA:1639,0
DA:1641,0
DA:1661,0
DA:1666,0
DA:1667,0
DA:1673,0
DA:1674,0
DA:1675,0
DA:1678,0
DA:1681,0
DA:1682,0
DA:1683,0
DA:1688,0
DA:1690,0
DA:1691,0
DA:1693,0
DA:1694,0
DA:1695,0
DA:1700,0
DA:1702,0
DA:1703,0
DA:1709,0
DA:1710,0
DA:1711,0
DA:1714,0
DA:1716,0
DA:1717,0
DA:1718,0
DA:1721,0
DA:1723,0
DA:1724,0
DA:1727,0
DA:1729,0
DA:1730,0
DA:1731,0
DA:1735,0
DA:1736,0
DA:1738,0
DA:1750,0
LF:493
LH:0
BRDA:90,0,0,0
BRDA:90,0,1,0
BRDA:98,1,0,0
BRDA:98,1,1,0
BRDA:105,2,0,0
BRDA:105,2,1,0
BRDA:114,3,0,0
BRDA:114,3,1,0
BRDA:115,4,0,0
BRDA:115,4,1,0
BRDA:116,5,0,0
BRDA:116,5,1,0
BRDA:123,6,0,0
BRDA:123,6,1,0
BRDA:123,7,0,0
BRDA:123,7,1,0
BRDA:134,8,0,0
BRDA:134,8,1,0
BRDA:156,9,0,0
BRDA:156,9,1,0
BRDA:220,10,0,0
BRDA:225,11,0,0
BRDA:233,12,0,0
BRDA:233,12,1,0
BRDA:246,13,0,0
BRDA:246,13,1,0
BRDA:247,14,0,0
BRDA:247,14,1,0
BRDA:283,15,0,0
BRDA:283,15,1,0
BRDA:296,16,0,0
BRDA:296,16,1,0
BRDA:307,17,0,0
BRDA:307,17,1,0
BRDA:328,18,0,0
BRDA:340,19,0,0
BRDA:340,19,1,0
BRDA:372,20,0,0
BRDA:372,20,1,0
BRDA:408,21,0,0
BRDA:436,22,0,0
BRDA:439,23,0,0
BRDA:491,24,0,0
BRDA:491,24,1,0
BRDA:506,25,0,0
BRDA:506,25,1,0
BRDA:509,26,0,0
BRDA:509,26,1,0
BRDA:512,27,0,0
BRDA:512,27,1,0
BRDA:522,28,0,0
BRDA:522,28,1,0
BRDA:522,29,0,0
BRDA:522,29,1,0
BRDA:524,30,0,0
BRDA:524,30,1,0
BRDA:524,31,0,0
BRDA:524,31,1,0
BRDA:524,31,2,0
BRDA:532,32,0,0
BRDA:532,32,1,0
BRDA:536,33,0,0
BRDA:536,33,1,0
BRDA:556,34,0,0
BRDA:556,34,1,0
BRDA:556,35,0,0
BRDA:556,35,1,0
BRDA:560,36,0,0
BRDA:560,36,1,0
BRDA:560,37,0,0
BRDA:560,37,1,0
BRDA:564,38,0,0
BRDA:564,38,1,0
BRDA:566,39,0,0
BRDA:566,39,1,0
BRDA:566,40,0,0
BRDA:566,40,1,0
BRDA:566,40,2,0
BRDA:570,41,0,0
BRDA:570,41,1,0
BRDA:572,42,0,0
BRDA:572,42,1,0
BRDA:584,43,0,0
BRDA:584,43,1,0
BRDA:611,44,0,0
BRDA:611,44,1,0
BRDA:614,45,0,0
BRDA:614,45,1,0
BRDA:616,46,0,0
BRDA:616,46,1,0
BRDA:617,47,0,0
BRDA:617,47,1,0
BRDA:618,48,0,0
BRDA:618,48,1,0
BRDA:619,49,0,0
BRDA:619,49,1,0
BRDA:619,50,0,0
BRDA:619,50,1,0
BRDA:634,51,0,0
BRDA:634,51,1,0
BRDA:651,52,0,0
BRDA:651,52,1,0
BRDA:651,53,0,0
BRDA:651,53,1,0
BRDA:652,54,0,0
BRDA:652,54,1,0
BRDA:654,55,0,0
BRDA:654,55,1,0
BRDA:656,56,0,0
BRDA:656,56,1,0
BRDA:658,57,0,0
BRDA:658,57,1,0
BRDA:668,58,0,0
BRDA:668,58,1,0
BRDA:683,59,0,0
BRDA:683,59,1,0
BRDA:687,60,0,0
BRDA:687,60,1,0
BRDA:687,61,0,0
BRDA:687,61,1,0
BRDA:687,61,2,0
BRDA:689,62,0,0
BRDA:689,62,1,0
BRDA:706,63,0,0
BRDA:706,63,1,0
BRDA:725,64,0,0
BRDA:725,64,1,0
BRDA:725,65,0,0
BRDA:725,65,1,0
BRDA:733,66,0,0
BRDA:733,66,1,0
BRDA:757,67,0,0
BRDA:757,67,1,0
BRDA:759,68,0,0
BRDA:759,68,1,0
BRDA:774,69,0,0
BRDA:774,69,1,0
BRDA:793,70,0,0
BRDA:793,70,1,0
BRDA:793,71,0,0
BRDA:793,71,1,0
BRDA:801,72,0,0
BRDA:801,72,1,0
BRDA:801,73,0,0
BRDA:801,73,1,0
BRDA:807,74,0,0
BRDA:807,74,1,0
BRDA:817,75,0,0
BRDA:817,75,1,0
BRDA:840,76,0,0
BRDA:840,76,1,0
BRDA:854,77,0,0
BRDA:854,77,1,0
BRDA:876,78,0,0
BRDA:941,79,0,0
BRDA:941,79,1,0
BRDA:943,80,0,0
BRDA:943,80,1,0
BRDA:947,81,0,0
BRDA:947,81,1,0
BRDA:947,82,0,0
BRDA:947,82,1,0
BRDA:954,83,0,0
BRDA:1008,84,0,0
BRDA:1008,84,1,0
BRDA:1013,85,0,0
BRDA:1013,85,1,0
BRDA:1013,86,0,0
BRDA:1013,86,1,0
BRDA:1047,87,0,0
BRDA:1047,87,1,0
BRDA:1052,88,0,0
BRDA:1052,88,1,0
BRDA:1052,89,0,0
BRDA:1052,89,1,0
BRDA:1118,90,0,0
BRDA:1118,90,1,0
BRDA:1147,91,0,0
BRDA:1147,91,1,0
BRDA:1147,92,0,0
BRDA:1147,92,1,0
BRDA:1150,93,0,0
BRDA:1150,93,1,0
BRDA:1150,94,0,0
BRDA:1150,94,1,0
BRDA:1181,95,0,0
BRDA:1205,96,0,0
BRDA:1205,96,1,0
BRDA:1209,97,0,0
BRDA:1209,97,1,0
BRDA:1209,98,0,0
BRDA:1209,98,1,0
BRDA:1218,99,0,0
BRDA:1218,99,1,0
BRDA:1246,100,0,0
BRDA:1246,100,1,0
BRDA:1248,101,0,0
BRDA:1248,101,1,0
BRDA:1250,102,0,0
BRDA:1250,102,1,0
BRDA:1253,103,0,0
BRDA:1253,103,1,0
BRDA:1255,104,0,0
BRDA:1255,104,1,0
BRDA:1255,105,0,0
BRDA:1255,105,1,0
BRDA:1262,106,0,0
BRDA:1275,107,0,0
BRDA:1275,107,1,0
BRDA:1276,108,0,0
BRDA:1276,108,1,0
BRDA:1281,109,0,0
BRDA:1281,109,1,0
BRDA:1284,110,0,0
BRDA:1284,110,1,0
BRDA:1292,111,0,0
BRDA:1292,111,1,0
BRDA:1292,112,0,0
BRDA:1292,112,1,0
BRDA:1303,113,0,0
BRDA:1303,113,1,0
BRDA:1305,114,0,0
BRDA:1305,114,1,0
BRDA:1320,115,0,0
BRDA:1320,115,1,0
BRDA:1341,116,0,0
BRDA:1347,117,0,0
BRDA:1354,118,0,0
BRDA:1363,119,0,0
BRDA:1363,119,1,0
BRDA:1368,120,0,0
BRDA:1368,120,1,0
BRDA:1368,121,0,0
BRDA:1368,121,1,0
BRDA:1379,122,0,0
BRDA:1379,122,1,0
BRDA:1399,123,0,0
BRDA:1399,123,1,0
BRDA:1416,124,0,0
BRDA:1416,124,1,0
BRDA:1421,125,0,0
BRDA:1421,125,1,0
BRDA:1421,126,0,0
BRDA:1421,126,1,0
BRDA:1432,127,0,0
BRDA:1432,127,1,0
BRDA:1452,128,0,0
BRDA:1452,128,1,0
BRDA:1484,129,0,0
BRDA:1484,129,1,0
BRDA:1484,130,0,0
BRDA:1484,130,1,0
BRDA:1486,131,0,0
BRDA:1492,132,0,0
BRDA:1492,132,1,0
BRDA:1513,133,0,0
BRDA:1513,133,1,0
BRDA:1536,134,0,0
BRDA:1546,135,0,0
BRDA:1546,135,1,0
BRDA:1546,136,0,0
BRDA:1546,136,1,0
BRDA:1560,137,0,0
BRDA:1563,138,0,0
BRDA:1623,139,0,0
BRDA:1623,139,1,0
BRDA:1623,140,0,0
BRDA:1623,140,1,0
BRDA:1655,141,0,0
BRDA:1673,142,0,0
BRDA:1673,142,1,0
BRDA:1675,143,0,0
BRDA:1675,143,1,0
BRDA:1683,144,0,0
BRDA:1683,144,1,0
BRDA:1695,145,0,0
BRDA:1695,145,1,0
BRDA:1709,146,0,0
BRDA:1709,146,1,0
BRDA:1711,147,0,0
BRDA:1711,147,1,0
BRDA:1718,148,0,0
BRDA:1718,148,1,0
BRDA:1729,149,0,0
BRDA:1729,149,1,0
BRF:285
BRH:0
end_of_record
TN:
SF:app/admin/export/page.tsx
FN:42,DataExportPage
FN:154,(anonymous_2)
FN:169,(anonymous_3)
FN:174,(anonymous_4)
FN:175,(anonymous_5)
FN:178,(anonymous_6)
FN:186,(anonymous_7)
FN:192,(anonymous_8)
FN:194,(anonymous_9)
FN:201,(anonymous_10)
FN:211,(anonymous_11)
FN:217,(anonymous_12)
FN:218,(anonymous_13)
FN:227,(anonymous_14)
FN:228,(anonymous_15)
FN:229,(anonymous_16)
FN:264,(anonymous_17)
FN:278,(anonymous_18)
FN:281,(anonymous_19)
FN:303,(anonymous_20)
FN:310,(anonymous_21)
FN:325,(anonymous_22)
FN:339,(anonymous_23)
FN:355,(anonymous_24)
FN:384,(anonymous_25)
FN:398,(anonymous_26)
FN:401,(anonymous_27)
FN:408,(anonymous_28)
FN:424,(anonymous_29)
FN:436,(anonymous_30)
FN:490,(anonymous_31)
FNF:31
FNH:0
FNDA:0,DataExportPage
FNDA:0,(anonymous_2)
FNDA:0,(anonymous_3)
FNDA:0,(anonymous_4)
FNDA:0,(anonymous_5)
FNDA:0,(anonymous_6)
FNDA:0,(anonymous_7)
FNDA:0,(anonymous_8)
FNDA:0,(anonymous_9)
FNDA:0,(anonymous_10)
FNDA:0,(anonymous_11)
FNDA:0,(anonymous_12)
FNDA:0,(anonymous_13)
FNDA:0,(anonymous_14)
FNDA:0,(anonymous_15)
FNDA:0,(anonymous_16)
FNDA:0,(anonymous_17)
FNDA:0,(anonymous_18)
FNDA:0,(anonymous_19)
FNDA:0,(anonymous_20)
FNDA:0,(anonymous_21)
FNDA:0,(anonymous_22)
FNDA:0,(anonymous_23)
FNDA:0,(anonymous_24)
FNDA:0,(anonymous_25)
FNDA:0,(anonymous_26)
FNDA:0,(anonymous_27)
FNDA:0,(anonymous_28)
FNDA:0,(anonymous_29)
FNDA:0,(anonymous_30)
FNDA:0,(anonymous_31)
DA:5,0
DA:6,0
DA:21,0
DA:42,0
DA:43,0
DA:44,0
DA:51,0
DA:52,0
DA:53,0
DA:54,0
DA:57,0
DA:154,0
DA:155,0
DA:156,0
DA:157,0
DA:160,0
DA:169,0
DA:170,0
DA:171,0
DA:172,0
DA:174,0
DA:175,0
DA:177,0
DA:178,0
DA:180,0
DA:183,0
DA:184,0
DA:186,0
DA:192,0
DA:193,0
DA:194,0
DA:196,0
DA:201,0
DA:202,0
DA:203,0
DA:204,0
DA:207,0
DA:211,0
DA:212,0
DA:213,0
DA:216,0
DA:217,0
DA:218,0
DA:219,0
DA:222,0
DA:227,0
DA:228,0
DA:229,0
DA:230,0
DA:232,0
DA:233,0
DA:234,0
DA:235,0
DA:236,0
DA:238,0
DA:241,0
DA:242,0
DA:243,0
DA:244,0
DA:246,0
DA:264,0
DA:279,0
DA:281,0
DA:303,0
DA:310,0
DA:325,0
DA:339,0
DA:355,0
DA:385,0
DA:398,0
DA:401,0
DA:409,0
DA:410,0
DA:412,0
DA:424,0
DA:437,0
DA:490,0
LF:77
LH:0
BRDA:155,0,0,0
BRDA:155,0,1,0
BRDA:170,1,0,0
BRDA:170,1,1,0
BRDA:172,2,0,0
BRDA:172,2,1,0
BRDA:177,3,0,0
BRDA:177,3,1,0
BRDA:183,4,0,0
BRDA:183,4,1,0
BRDA:193,5,0,0
BRDA:193,5,1,0
BRDA:202,6,0,0
BRDA:202,6,1,0
BRDA:219,7,0,0
BRDA:219,7,1,0
BRDA:230,8,0,0
BRDA:230,8,1,0
BRDA:233,9,0,0
BRDA:233,9,1,0
BRDA:235,10,0,0
BRDA:235,10,1,0
BRDA:241,11,0,0
BRDA:241,11,1,0
BRDA:243,12,0,0
BRDA:243,12,1,0
BRDA:271,13,0,0
BRDA:271,13,1,0
BRDA:283,14,0,0
BRDA:283,14,1,0
BRDA:288,15,0,0
BRDA:288,15,1,0
BRDA:289,16,0,0
BRDA:289,16,1,0
BRDA:290,17,0,0
BRDA:290,17,1,0
BRDA:291,18,0,0
BRDA:291,18,1,0
BRDA:292,19,0,0
BRDA:292,19,1,0
BRDA:293,20,0,0
BRDA:293,20,1,0
BRDA:298,21,0,0
BRDA:365,22,0,0
BRDA:368,23,0,0
BRDA:368,23,1,0
BRDA:369,24,0,0
BRDA:369,24,1,0
BRDA:370,25,0,0
BRDA:370,25,1,0
BRDA:371,26,0,0
BRDA:371,26,1,0
BRDA:372,27,0,0
BRDA:372,27,1,0
BRDA:401,28,0,0
BRDA:401,28,1,0
BRDA:416,29,0,0
BRDA:416,29,1,0
BRDA:444,30,0,0
BRDA:455,31,0,0
BRDA:478,32,0,0
BRDA:498,33,0,0
BRDA:498,33,1,0
BRDA:502,34,0,0
BRF:64
BRH:0
end_of_record
TN:
SF:app/admin/machines/page.tsx
FN:22,AdminMachinesPage
FN:61,(anonymous_2)
FN:63,(anonymous_3)
FN:82,(anonymous_4)
FN:91,(anonymous_5)
FN:110,(anonymous_6)
FN:154,(anonymous_7)
FN:185,(anonymous_8)
FN:199,MachineForm
FN:217,(anonymous_10)
FN:235,(anonymous_11)
FN:247,(anonymous_12)
FN:264,(anonymous_13)
FN:276,(anonymous_14)
FN:294,(anonymous_15)
FN:308,(anonymous_16)
FN:328,(anonymous_17)
FN:344,(anonymous_18)
FN:360,(anonymous_19)
FN:376,(anonymous_20)
FNF:20
FNH:0
FNDA:0,AdminMachinesPage
FNDA:0,(anonymous_2)
FNDA:0,(anonymous_3)
FNDA:0,(anonymous_4)
FNDA:0,(anonymous_5)
FNDA:0,(anonymous_6)
FNDA:0,(anonymous_7)
FNDA:0,(anonymous_8)
FNDA:0,MachineForm
FNDA:0,(anonymous_10)
FNDA:0,(anonymous_11)
FNDA:0,(anonymous_12)
FNDA:0,(anonymous_13)
FNDA:0,(anonymous_14)
FNDA:0,(anonymous_15)
FNDA:0,(anonymous_16)
FNDA:0,(anonymous_17)
FNDA:0,(anonymous_18)
FNDA:0,(anonymous_19)
FNDA:0,(anonymous_20)
DA:5,0
DA:6,0
DA:22,0
DA:23,0
DA:52,0
DA:53,0
DA:55,0
DA:61,0
DA:62,0
DA:63,0
DA:65,0
DA:67,0
DA:68,0
DA:82,0
DA:92,0
DA:110,0
DA:154,0
DA:186,0
DA:187,0
DA:204,0
DA:217,0
DA:218,0
DA:219,0
DA:235,0
DA:247,0
DA:264,0
DA:276,0
DA:295,0
DA:308,0
DA:328,0
DA:344,0
DA:360,0
DA:376,0
LF:33
LH:0
BRDA:62,0,0,0
BRDA:62,0,1,0
BRDA:63,1,0,0
BRDA:63,1,1,0
BRDA:103,2,0,0
BRDA:103,2,1,0
BRDA:114,3,0,0
BRDA:123,4,0,0
BRDA:132,5,0,0
BRDA:141,6,0,0
BRDA:171,7,0,0
BRDA:171,7,1,0
BRDA:179,8,0,0
BRDA:179,8,1,0
BRDA:205,9,0,0
BRDA:205,9,1,0
BRDA:206,10,0,0
BRDA:206,10,1,0
BRDA:207,11,0,0
BRDA:207,11,1,0
BRDA:208,12,0,0
BRDA:208,12,1,0
BRDA:209,13,0,0
BRDA:209,13,1,0
BRDA:210,14,0,0
BRDA:210,14,1,0
BRDA:211,15,0,0
BRDA:211,15,1,0
BRDA:212,16,0,0
BRDA:212,16,1,0
BRDA:213,17,0,0
BRDA:213,17,1,0
BRDA:214,18,0,0
BRDA:214,18,1,0
BRDA:221,19,0,0
BRDA:221,19,1,0
BRDA:222,20,0,0
BRDA:222,20,1,0
BRDA:298,21,0,0
BRDA:298,21,1,0
BRDA:320,22,0,0
BRDA:336,23,0,0
BRDA:352,24,0,0
BRDA:368,25,0,0
BRF:44
BRH:0
end_of_record
TN:
SF:app/admin/rental-devices/TimeSlotDisplay.tsx
FN:27,TimeSlotDisplay
FN:29,(anonymous_2)
FN:47,(anonymous_3)
FN:90,(anonymous_4)
FNF:4
FNH:0
FNDA:0,TimeSlotDisplay
FNDA:0,(anonymous_2)
FNDA:0,(anonymous_3)
FNDA:0,(anonymous_4)
DA:3,0
DA:27,0
DA:29,0
DA:30,0
DA:31,0
DA:32,0
DA:34,0
DA:35,0
DA:38,0
DA:39,0
DA:42,0
DA:43,0
DA:47,0
DA:48,0
DA:50,0
DA:53,0
DA:55,0
DA:56,0
DA:60,0
DA:63,0
DA:64,0
DA:65,0
DA:91,0
LF:23
LH:0
BRDA:34,0,0,0
BRDA:34,0,1,0
BRDA:34,1,0,0
BRDA:34,1,1,0
BRDA:34,1,2,0
BRDA:34,1,3,0
BRDA:38,2,0,0
BRDA:38,2,1,0
BRDA:38,3,0,0
BRDA:38,3,1,0
BRDA:38,3,2,0
BRDA:50,4,0,0
BRDA:50,4,1,0
BRDA:53,5,0,0
BRDA:53,5,1,0
BRDA:55,6,0,0
BRDA:55,6,1,0
BRDA:72,7,0,0
BRDA:80,8,0,0
BRDA:80,8,1,0
BRDA:82,9,0,0
BRDA:90,10,0,0
BRDA:90,10,1,0
BRDA:94,11,0,0
BRDA:94,11,1,0
BRDA:94,12,0,0
BRDA:94,12,1,0
BRDA:95,13,0,0
BRDA:95,13,1,0
BRDA:101,14,0,0
BRDA:101,14,1,0
BRDA:107,15,0,0
BRDA:111,16,0,0
BRDA:111,16,1,0
BRF:34
BRH:0
end_of_record
TN:
SF:app/admin/rental-devices/page.tsx
FN:73,RentalDevicesPage
FN:89,(anonymous_3)
FN:97,(anonymous_4)
FN:98,(anonymous_5)
FN:125,(anonymous_6)
FN:172,(anonymous_7)
FN:177,(anonymous_8)
FN:179,(anonymous_9)
FN:187,(anonymous_10)
FN:195,(anonymous_11)
FN:203,(anonymous_12)
FN:204,(anonymous_13)
FN:209,(anonymous_14)
FN:219,(anonymous_15)
FN:222,(anonymous_16)
FN:229,(anonymous_17)
FN:257,(anonymous_18)
FN:278,(anonymous_19)
FN:288,(anonymous_20)
FN:293,(anonymous_21)
FN:297,(anonymous_22)
FN:313,(anonymous_23)
FN:326,(anonymous_24)
FN:338,(anonymous_25)
FN:374,(anonymous_26)
FN:381,(anonymous_27)
FN:383,(anonymous_28)
FN:389,(anonymous_29)
FN:418,(anonymous_30)
FN:423,(anonymous_31)
FN:432,(anonymous_32)
FN:443,(anonymous_33)
FN:455,(anonymous_34)
FN:473,(anonymous_35)
FN:478,(anonymous_36)
FN:487,(anonymous_37)
FN:498,(anonymous_38)
FN:510,(anonymous_39)
FN:534,(anonymous_40)
FN:559,(anonymous_41)
FN:560,(anonymous_42)
FN:561,(anonymous_43)
FN:562,(anonymous_44)
FN:656,(anonymous_45)
FN:687,(anonymous_46)
FN:717,(anonymous_47)
FN:728,(anonymous_48)
FN:731,(anonymous_49)
FN:762,(anonymous_50)
FN:810,(anonymous_51)
FN:822,(anonymous_52)
FN:822,(anonymous_53)
FN:834,(anonymous_54)
FN:839,(anonymous_55)
FN:840,(anonymous_56)
FN:845,(anonymous_57)
FN:861,(anonymous_58)
FN:872,(anonymous_59)
FN:872,(anonymous_60)
FN:884,(anonymous_61)
FN:889,(anonymous_62)
FN:890,(anonymous_63)
FN:895,(anonymous_64)
FN:922,(anonymous_65)
FNF:64
FNH:0
FNDA:0,RentalDevicesPage
FNDA:0,(anonymous_3)
FNDA:0,(anonymous_4)
FNDA:0,(anonymous_5)
FNDA:0,(anonymous_6)
FNDA:0,(anonymous_7)
FNDA:0,(anonymous_8)
FNDA:0,(anonymous_9)
FNDA:0,(anonymous_10)
FNDA:0,(anonymous_11)
FNDA:0,(anonymous_12)
FNDA:0,(anonymous_13)
FNDA:0,(anonymous_14)
FNDA:0,(anonymous_15)
FNDA:0,(anonymous_16)
FNDA:0,(anonymous_17)
FNDA:0,(anonymous_18)
FNDA:0,(anonymous_19)
FNDA:0,(anonymous_20)
FNDA:0,(anonymous_21)
FNDA:0,(anonymous_22)
FNDA:0,(anonymous_23)
FNDA:0,(anonymous_24)
FNDA:0,(anonymous_25)
FNDA:0,(anonymous_26)
FNDA:0,(anonymous_27)
FNDA:0,(anonymous_28)
FNDA:0,(anonymous_29)
FNDA:0,(anonymous_30)
FNDA:0,(anonymous_31)
FNDA:0,(anonymous_32)
FNDA:0,(anonymous_33)
FNDA:0,(anonymous_34)
FNDA:0,(anonymous_35)
FNDA:0,(anonymous_36)
FNDA:0,(anonymous_37)
FNDA:0,(anonymous_38)
FNDA:0,(anonymous_39)
FNDA:0,(anonymous_40)
FNDA:0,(anonymous_41)
FNDA:0,(anonymous_42)
FNDA:0,(anonymous_43)
FNDA:0,(anonymous_44)
FNDA:0,(anonymous_45)
FNDA:0,(anonymous_46)
FNDA:0,(anonymous_47)
FNDA:0,(anonymous_48)
FNDA:0,(anonymous_49)
FNDA:0,(anonymous_50)
FNDA:0,(anonymous_51)
FNDA:0,(anonymous_52)
FNDA:0,(anonymous_53)
FNDA:0,(anonymous_54)
FNDA:0,(anonymous_55)
FNDA:0,(anonymous_56)
FNDA:0,(anonymous_57)
FNDA:0,(anonymous_58)
FNDA:0,(anonymous_59)
FNDA:0,(anonymous_60)
FNDA:0,(anonymous_61)
FNDA:0,(anonymous_62)
FNDA:0,(anonymous_63)
FNDA:0,(anonymous_64)
FNDA:0,(anonymous_65)
DA:5,0
DA:6,0
DA:19,0
DA:20,0
DA:21,0
DA:22,0
DA:23,0
DA:61,0
DA:73,0
DA:74,0
DA:75,0
DA:76,0
DA:77,0
DA:78,0
DA:79,0
DA:80,0
DA:81,0
DA:82,0
DA:83,0
DA:86,0
DA:89,0
DA:90,0
DA:91,0
DA:92,0
DA:93,0
DA:96,0
DA:97,0
DA:99,0
DA:100,0
DA:101,0
DA:103,0
DA:106,0
DA:107,0
DA:108,0
DA:109,0
DA:110,0
DA:111,0
DA:112,0
DA:115,0
DA:118,0
DA:120,0
DA:125,0
DA:126,0
DA:127,0
DA:128,0
DA:129,0
DA:130,0
DA:132,0
DA:134,0
DA:172,0
DA:173,0
DA:177,0
DA:178,0
DA:179,0
DA:180,0
DA:181,0
DA:187,0
DA:188,0
DA:189,0
DA:190,0
DA:191,0
DA:195,0
DA:196,0
DA:197,0
DA:198,0
DA:199,0
DA:203,0
DA:204,0
DA:205,0
DA:206,0
DA:208,0
DA:209,0
DA:210,0
DA:211,0
DA:214,0
DA:218,0
DA:219,0
DA:222,0
DA:223,0
DA:224,0
DA:229,0
DA:230,0
DA:231,0
DA:232,0
DA:236,0
DA:242,0
DA:245,0
DA:246,0
DA:248,0
DA:249,0
DA:251,0
DA:252,0
DA:257,0
DA:258,0
DA:260,0
DA:261,0
DA:265,0
DA:268,0
DA:269,0
DA:272,0
DA:273,0
DA:278,0
DA:280,0
DA:281,0
DA:282,0
DA:283,0
DA:285,0
DA:288,0
DA:289,0
DA:290,0
DA:293,0
DA:294,0
DA:297,0
DA:298,0
DA:300,0
DA:301,0
DA:302,0
DA:303,0
DA:306,0
DA:307,0
DA:309,0
DA:310,0
DA:313,0
DA:314,0
DA:315,0
DA:320,0
DA:321,0
DA:322,0
DA:325,0
DA:326,0
DA:327,0
DA:337,0
DA:338,0
DA:340,0
DA:341,0
DA:344,0
DA:346,0
DA:347,0
DA:349,0
DA:355,0
DA:375,0
DA:381,0
DA:383,0
DA:391,0
DA:392,0
DA:393,0
DA:419,0
DA:422,0
DA:423,0
DA:424,0
DA:425,0
DA:426,0
DA:427,0
DA:428,0
DA:429,0
DA:432,0
DA:433,0
DA:434,0
DA:439,0
DA:442,0
DA:443,0
DA:444,0
DA:454,0
DA:455,0
DA:457,0
DA:458,0
DA:461,0
DA:462,0
DA:463,0
DA:474,0
DA:477,0
DA:478,0
DA:479,0
DA:480,0
DA:481,0
DA:482,0
DA:483,0
DA:484,0
DA:487,0
DA:488,0
DA:489,0
DA:494,0
DA:497,0
DA:498,0
DA:499,0
DA:509,0
DA:510,0
DA:512,0
DA:513,0
DA:516,0
DA:517,0
DA:518,0
DA:534,0
DA:560,0
DA:561,0
DA:562,0
DA:563,0
DA:564,0
DA:565,0
DA:566,0
DA:567,0
DA:657,0
DA:658,0
DA:667,0
DA:670,0
DA:671,0
DA:682,0
DA:683,0
DA:687,0
DA:688,0
DA:693,0
DA:694,0
DA:696,0
DA:717,0
DA:729,0
DA:732,0
DA:741,0
DA:742,0
DA:745,0
DA:746,0
DA:757,0
DA:758,0
DA:762,0
DA:763,0
DA:768,0
DA:769,0
DA:771,0
DA:811,0
DA:813,0
DA:822,0
DA:823,0
DA:834,0
DA:839,0
DA:840,0
DA:845,0
DA:862,0
DA:863,0
DA:872,0
DA:873,0
DA:884,0
DA:889,0
DA:890,0
DA:895,0
DA:923,0
DA:924,0
LF:245
LH:0
BRDA:92,0,0,0
BRDA:92,0,1,0
BRDA:99,1,0,0
BRDA:99,1,1,0
BRDA:100,2,0,0
BRDA:100,2,1,0
BRDA:110,3,0,0
BRDA:110,3,1,0
BRDA:128,4,0,0
BRDA:128,4,1,0
BRDA:178,5,0,0
BRDA:178,5,1,0
BRDA:178,6,0,0
BRDA:178,6,1,0
BRDA:180,7,0,0
BRDA:180,7,1,0
BRDA:208,8,0,0
BRDA:208,8,1,0
BRDA:210,9,0,0
BRDA:210,9,1,0
BRDA:223,10,0,0
BRDA:223,10,1,0
BRDA:231,11,0,0
BRDA:231,11,1,0
BRDA:232,12,0,0
BRDA:232,12,1,0
BRDA:242,13,0,0
BRDA:242,13,1,0
BRDA:245,14,0,0
BRDA:245,14,1,0
BRDA:258,15,0,0
BRDA:258,15,1,0
BRDA:265,16,0,0
BRDA:265,16,1,0
BRDA:268,17,0,0
BRDA:268,17,1,0
BRDA:281,18,0,0
BRDA:281,18,1,0
BRDA:300,19,0,0
BRDA:300,19,1,0
BRDA:300,20,0,0
BRDA:300,20,1,0
BRDA:309,21,0,0
BRDA:309,21,1,0
BRDA:314,22,0,0
BRDA:314,22,1,0
BRDA:340,23,0,0
BRDA:340,23,1,0
BRDA:355,24,0,0
BRDA:355,24,1,0
BRDA:385,25,0,0
BRDA:385,25,1,0
BRDA:387,26,0,0
BRDA:387,26,1,0
BRDA:392,27,0,0
BRDA:392,27,1,0
BRDA:401,28,0,0
BRDA:406,29,0,0
BRDA:424,30,0,0
BRDA:424,30,1,0
BRDA:427,31,0,0
BRDA:427,31,1,0
BRDA:427,32,0,0
BRDA:427,32,1,0
BRDA:433,33,0,0
BRDA:433,33,1,0
BRDA:457,34,0,0
BRDA:457,34,1,0
BRDA:479,35,0,0
BRDA:479,35,1,0
BRDA:482,36,0,0
BRDA:482,36,1,0
BRDA:482,37,0,0
BRDA:482,37,1,0
BRDA:488,38,0,0
BRDA:488,38,1,0
BRDA:512,39,0,0
BRDA:512,39,1,0
BRDA:541,40,0,0
BRDA:552,41,0,0
BRDA:552,41,1,0
BRDA:553,42,0,0
BRDA:553,42,1,0
BRDA:553,42,2,0
BRDA:563,43,0,0
BRDA:563,43,1,0
BRDA:563,44,0,0
BRDA:563,44,1,0
BRDA:565,45,0,0
BRDA:565,45,1,0
BRDA:566,46,0,0
BRDA:566,46,1,0
BRDA:571,47,0,0
BRDA:582,48,0,0
BRDA:613,49,0,0
BRDA:618,50,0,0
BRDA:647,51,0,0
BRDA:647,51,1,0
BRDA:654,52,0,0
BRDA:654,52,1,0
BRDA:655,53,0,0
BRDA:655,53,1,0
BRDA:655,53,2,0
BRDA:657,54,0,0
BRDA:657,54,1,0
BRDA:661,55,0,0
BRDA:661,55,1,0
BRDA:662,56,0,0
BRDA:662,56,1,0
BRDA:664,57,0,0
BRDA:664,57,1,0
BRDA:682,58,0,0
BRDA:682,58,1,0
BRDA:688,59,0,0
BRDA:688,59,1,0
BRDA:717,60,0,0
BRDA:717,60,1,0
BRDA:720,61,0,0
BRDA:720,61,1,0
BRDA:725,62,0,0
BRDA:735,63,0,0
BRDA:735,63,1,0
BRDA:736,64,0,0
BRDA:736,64,1,0
BRDA:757,65,0,0
[...]
DA:146,0
DA:147,0
DA:150,0
DA:157,0
DA:176,0
DA:177,0
DA:180,0
DA:184,1
DA:186,1
DA:204,1
DA:205,0
DA:208,1
DA:212,1
DA:234,1
DA:235,0
DA:238,1
DA:242,0
DA:247,0
DA:248,0
DA:257,0
DA:277,0
DA:278,0
DA:281,0
DA:289,0
DA:309,0
DA:310,0
DA:313,0
DA:320,0
DA:338,0
DA:339,0
DA:342,0
DA:346,0
DA:351,0
DA:352,0
DA:355,0
DA:360,3
DA:376,2
DA:377,2
DA:379,0
DA:380,0
DA:382,0
DA:383,0
DA:385,0
DA:386,0
DA:389,0
DA:394,1
DA:395,1
DA:396,1
DA:397,1
DA:400,1
DA:421,1
DA:422,1
DA:423,1
DA:424,1
DA:427,1
DA:429,0
DA:431,1
DA:434,1
LF:82
LH:33
BRDA:40,0,0,1
BRDA:40,0,1,1
BRDA:40,1,0,2
BRDA:40,1,1,1
BRDA:67,2,0,0
BRDA:67,2,1,0
BRDA:71,3,0,0
BRDA:71,3,1,0
BRDA:94,4,0,0
BRDA:94,4,1,0
BRDA:98,5,0,0
BRDA:98,5,1,0
BRDA:120,6,0,0
BRDA:120,6,1,0
BRDA:124,7,0,0
BRDA:124,7,1,0
BRDA:146,8,0,0
BRDA:146,8,1,0
BRDA:150,9,0,0
BRDA:150,9,1,0
BRDA:176,10,0,0
BRDA:176,10,1,0
BRDA:180,11,0,0
BRDA:180,11,1,0
BRDA:204,12,0,0
BRDA:204,12,1,1
BRDA:234,13,0,0
BRDA:234,13,1,1
BRDA:247,14,0,0
BRDA:247,14,1,0
BRDA:277,15,0,0
BRDA:277,15,1,0
BRDA:281,16,0,0
BRDA:281,16,1,0
BRDA:309,17,0,0
BRDA:309,17,1,0
BRDA:313,18,0,0
BRDA:313,18,1,0
BRDA:338,19,0,0
BRDA:338,19,1,0
BRDA:342,20,0,0
BRDA:342,20,1,0
BRDA:351,21,0,0
BRDA:351,21,1,0
BRDA:355,22,0,0
BRDA:355,22,1,0
BRDA:363,23,0,3
BRDA:363,23,1,1
BRDA:370,24,0,2
BRDA:370,24,1,0
BRDA:376,25,0,2
BRDA:376,25,1,0
BRDA:379,26,0,0
BRDA:379,26,1,0
BRDA:379,27,0,0
BRDA:379,27,1,0
BRDA:382,28,0,0
BRDA:382,28,1,0
BRDA:385,29,0,0
BRDA:385,29,1,0
BRDA:395,30,0,1
BRDA:395,30,1,0
BRDA:395,31,0,1
BRDA:395,31,1,1
BRDA:401,32,0,0
BRDA:401,32,1,1
BRDA:411,33,0,1
BRDA:411,33,1,1
BRDA:412,34,0,1
BRDA:412,34,1,1
BRDA:427,35,0,0
BRDA:427,35,1,1
BRDA:429,36,0,0
BRDA:429,36,1,0
BRF:74
BRH:19
end_of_record
TN:
SF:src/infrastructure/repositories/supabase-time-slot-schedule.repository.ts
FN:20,(anonymous_1)
FN:25,(anonymous_2)
FN:45,(anonymous_3)
FN:68,(anonymous_4)
FN:95,(anonymous_5)
FN:98,(anonymous_6)
FN:117,(anonymous_7)
FN:118,(anonymous_8)
FN:132,(anonymous_9)
FN:135,(anonymous_10)
FN:146,(anonymous_11)
FN:160,(anonymous_12)
FN:180,(anonymous_13)
FN:193,(anonymous_14)
FN:196,(anonymous_15)
FN:217,(anonymous_16)
FN:220,(anonymous_17)
FN:225,(anonymous_18)
FN:229,(anonymous_19)
FN:257,(anonymous_20)
FN:265,(anonymous_21)
FN:271,(anonymous_22)
FNF:22
FNH:0
FNDA:0,(anonymous_1)
FNDA:0,(anonymous_2)
FNDA:0,(anonymous_3)
FNDA:0,(anonymous_4)
FNDA:0,(anonymous_5)
FNDA:0,(anonymous_6)
FNDA:0,(anonymous_7)
FNDA:0,(anonymous_8)
FNDA:0,(anonymous_9)
FNDA:0,(anonymous_10)
FNDA:0,(anonymous_11)
FNDA:0,(anonymous_12)
FNDA:0,(anonymous_13)
FNDA:0,(anonymous_14)
FNDA:0,(anonymous_15)
FNDA:0,(anonymous_16)
FNDA:0,(anonymous_17)
FNDA:0,(anonymous_18)
FNDA:0,(anonymous_19)
FNDA:0,(anonymous_20)
FNDA:0,(anonymous_21)
FNDA:0,(anonymous_22)
DA:1,0
DA:19,0
DA:21,0
DA:22,0
DA:26,0
DA:35,0
DA:36,0
DA:37,0
DA:39,0
DA:42,0
DA:46,0
DA:48,0
DA:58,0
DA:59,0
DA:60,0
DA:62,0
DA:65,0
DA:69,0
DA:76,0
DA:77,0
DA:79,0
DA:80,0
DA:82,0
DA:83,0
DA:85,0
DA:86,0
DA:89,0
DA:91,0
DA:92,0
DA:95,0
DA:99,0
DA:101,0
DA:110,0
DA:111,0
DA:114,0
DA:118,0
DA:120,0
DA:128,0
DA:129,0
DA:132,0
DA:136,0
DA:141,0
DA:142,0
DA:147,0
DA:149,0
DA:155,0
DA:156,0
DA:161,0
DA:167,0
DA:168,0
DA:171,0
DA:173,0
DA:174,0
DA:177,0
DA:181,0
DA:189,0
DA:190,0
DA:193,0
DA:197,0
DA:199,0
DA:207,0
DA:208,0
DA:211,0
DA:213,0
DA:214,0
DA:217,0
DA:222,0
DA:224,0
DA:225,0
DA:226,0
DA:228,0
DA:229,0
DA:232,0
DA:237,0
DA:240,0
DA:244,0
DA:254,0
DA:261,0
DA:265,0
DA:272,0
DA:273,0
DA:274,0
DA:275,0
LF:83
LH:0
BRDA:35,0,0,0
BRDA:35,0,1,0
BRDA:36,1,0,0
BRDA:36,1,1,0
BRDA:58,2,0,0
BRDA:58,2,1,0
BRDA:59,3,0,0
BRDA:59,3,1,0
BRDA:76,4,0,0
BRDA:76,4,1,0
BRDA:79,5,0,0
BRDA:79,5,1,0
BRDA:82,6,0,0
BRDA:82,6,1,0
BRDA:85,7,0,0
BRDA:85,7,1,0
BRDA:85,8,0,0
BRDA:85,8,1,0
BRDA:91,9,0,0
BRDA:91,9,1,0
BRDA:110,10,0,0
BRDA:110,10,1,0
BRDA:128,11,0,0
BRDA:128,11,1,0
BRDA:141,12,0,0
BRDA:141,12,1,0
BRDA:155,13,0,0
BRDA:155,13,1,0
BRDA:167,14,0,0
BRDA:167,14,1,0
BRDA:173,15,0,0
BRDA:173,15,1,0
BRDA:177,16,0,0
BRDA:177,16,1,0
BRDA:189,17,0,0
BRDA:189,17,1,0
BRDA:207,18,0,0
BRDA:207,18,1,0
BRDA:213,19,0,0
BRDA:213,19,1,0
BRDA:224,20,0,0
BRDA:224,20,1,0
BRDA:237,21,0,0
BRDA:237,21,1,0
BRDA:237,22,0,0
BRDA:237,22,1,0
BRF:46
BRH:0
end_of_record
TN:
SF:src/infrastructure/repositories/supabase-time-slot-template.repository.ts
FN:24,(anonymous_1)
FN:26,(anonymous_2)
FN:43,(anonymous_3)
FN:64,(anonymous_4)
FN:67,(anonymous_5)
FN:83,(anonymous_6)
FN:84,(anonymous_7)
FN:95,(anonymous_8)
FN:98,(anonymous_9)
FN:109,(anonymous_10)
FN:126,(anonymous_11)
FN:149,(anonymous_12)
FN:152,(anonymous_13)
FN:168,(anonymous_14)
FN:171,(anonymous_15)
FN:191,(anonymous_16)
FNF:16
FNH:0
FNDA:0,(anonymous_1)
FNDA:0,(anonymous_2)
FNDA:0,(anonymous_3)
FNDA:0,(anonymous_4)
FNDA:0,(anonymous_5)
FNDA:0,(anonymous_6)
FNDA:0,(anonymous_7)
FNDA:0,(anonymous_8)
FNDA:0,(anonymous_9)
FNDA:0,(anonymous_10)
FNDA:0,(anonymous_11)
FNDA:0,(anonymous_12)
FNDA:0,(anonymous_13)
FNDA:0,(anonymous_14)
FNDA:0,(anonymous_15)
FNDA:0,(anonymous_16)
DA:1,0
DA:3,0
DA:23,0
DA:24,0
DA:27,0
DA:33,0
DA:34,0
DA:35,0
DA:37,0
DA:40,0
DA:44,0
DA:48,0
DA:49,0
DA:51,0
DA:52,0
DA:54,0
DA:55,0
DA:58,0
DA:60,0
DA:61,0
DA:64,0
DA:68,0
DA:70,0
DA:76,0
DA:77,0
DA:80,0
DA:84,0
DA:86,0
DA:91,0
DA:92,0
DA:95,0
DA:99,0
DA:104,0
DA:105,0
DA:110,0
DA:116,0
DA:117,0
DA:118,0
DA:120,0
DA:123,0
DA:132,0
DA:139,0
DA:140,0
DA:143,0
DA:145,0
DA:146,0
DA:149,0
DA:153,0
DA:158,0
DA:159,0
DA:162,0
DA:164,0
DA:165,0
DA:168,0
DA:172,0
DA:188,0
DA:195,0
LF:57
LH:0
BRDA:33,0,0,0
BRDA:33,0,1,0
BRDA:34,1,0,0
BRDA:34,1,1,0
BRDA:48,2,0,0
BRDA:48,2,1,0
BRDA:51,3,0,0
BRDA:51,3,1,0
BRDA:54,4,0,0
BRDA:54,4,1,0
BRDA:60,5,0,0
BRDA:60,5,1,0
BRDA:76,6,0,0
BRDA:76,6,1,0
BRDA:91,7,0,0
BRDA:91,7,1,0
BRDA:104,8,0,0
BRDA:104,8,1,0
BRDA:116,9,0,0
BRDA:116,9,1,0
BRDA:117,10,0,0
BRDA:117,10,1,0
BRDA:139,11,0,0
BRDA:139,11,1,0
BRDA:145,12,0,0
BRDA:145,12,1,0
BRDA:158,13,0,0
BRDA:158,13,1,0
BRDA:164,14,0,0
BRDA:164,14,1,0
BRDA:175,15,0,0
BRDA:175,15,1,0
BRDA:180,16,0,0
BRDA:180,16,1,0
BRDA:198,17,0,0
BRDA:198,17,1,0
BRDA:204,18,0,0
BRDA:204,18,1,0
BRF:38
BRH:0
end_of_record
TN:
SF:src/infrastructure/repositories/supabase-user.repository.ts
FN:16,(anonymous_1)
FN:18,(anonymous_2)
FN:32,(anonymous_3)
FN:46,(anonymous_4)
FN:62,(anonymous_5)
FN:83,(anonymous_6)
FN:95,(anonymous_7)
FNF:7
FNH:7
FNDA:7,(anonymous_1)
FNDA:2,(anonymous_2)
FNDA:1,(anonymous_3)
FNDA:2,(anonymous_4)
FNDA:2,(anonymous_5)
FNDA:5,(anonymous_6)
FNDA:4,(anonymous_7)
DA:3,1
DA:15,7
DA:16,7
DA:19,2
DA:25,2
DA:26,1
DA:29,1
DA:33,1
DA:39,1
DA:40,0
DA:43,1
DA:47,2
DA:49,2
DA:55,2
DA:56,1
DA:59,1
DA:63,2
DA:65,2
DA:76,2
DA:77,0
DA:80,2
DA:84,5
DA:96,4
LF:23
LH:21
BRDA:25,0,0,1
BRDA:25,0,1,1
BRDA:25,1,0,2
BRDA:25,1,1,1
BRDA:39,2,0,0
BRDA:39,2,1,1
BRDA:39,3,0,1
BRDA:39,3,1,1
BRDA:55,4,0,1
BRDA:55,4,1,1
BRDA:76,5,0,0
BRDA:76,5,1,2
BRF:12
BRH:10
end_of_record
TN:
SF:src/infrastructure/repositories/supabase-user.repository.v2.ts
FN:15,(anonymous_1)
FN:17,(anonymous_2)
FN:31,(anonymous_3)
FN:45,(anonymous_4)
FN:59,(anonymous_5)
FN:73,(anonymous_6)
FN:89,(anonymous_7)
FN:110,(anonymous_8)
FN:121,(anonymous_9)
FN:132,(anonymous_10)
FNF:10
FNH:0
FNDA:0,(anonymous_1)
FNDA:0,(anonymous_2)
FNDA:0,(anonymous_3)
FNDA:0,(anonymous_4)
FNDA:0,(anonymous_5)
FNDA:0,(anonymous_6)
FNDA:0,(anonymous_7)
FNDA:0,(anonymous_8)
FNDA:0,(anonymous_9)
FNDA:0,(anonymous_10)
DA:4,0
DA:5,0
DA:6,0
DA:14,0
DA:15,0
DA:18,0
DA:24,0
DA:25,0
DA:28,0
DA:32,0
DA:38,0
DA:39,0
DA:42,0
DA:46,0
DA:52,0
DA:53,0
DA:56,0
DA:60,0
DA:66,0
DA:67,0
DA:70,0
DA:74,0
DA:76,0
DA:82,0
DA:83,0
DA:86,0
DA:90,0
DA:92,0
DA:103,0
DA:104,0
DA:107,0
DA:111,0
DA:116,0
DA:117,0
DA:122,0
DA:133,0
LF:36
LH:0
BRDA:24,0,0,0
BRDA:24,0,1,0
BRDA:24,1,0,0
BRDA:24,1,1,0
BRDA:38,2,0,0
BRDA:38,2,1,0
BRDA:38,3,0,0
BRDA:38,3,1,0
BRDA:52,4,0,0
BRDA:52,4,1,0
BRDA:52,5,0,0
BRDA:52,5,1,0
BRDA:66,6,0,0
BRDA:66,6,1,0
BRDA:66,7,0,0
BRDA:66,7,1,0
BRDA:82,8,0,0
BRDA:82,8,1,0
BRDA:103,9,0,0
BRDA:103,9,1,0
BRDA:116,10,0,0
BRDA:116,10,1,0
BRDA:126,11,0,0
BRDA:126,11,1,0
BRDA:137,12,0,0
BRDA:137,12,1,0
BRF:26
BRH:0
end_of_record
TN:
SF:src/infrastructure/repositories/time-adjustment.supabase.repository.ts
FN:21,(anonymous_1)
FN:23,(anonymous_2)
FN:43,(anonymous_3)
FN:57,(anonymous_4)
FN:68,(anonymous_5)
FN:71,(anonymous_6)
FN:83,(anonymous_7)
FN:86,(anonymous_8)
FN:97,(anonymous_9)
FN:100,(anonymous_10)
FNF:10
FNH:0
FNDA:0,(anonymous_1)
FNDA:0,(anonymous_2)
FNDA:0,(anonymous_3)
FNDA:0,(anonymous_4)
FNDA:0,(anonymous_5)
FNDA:0,(anonymous_6)
FNDA:0,(anonymous_7)
FNDA:0,(anonymous_8)
FNDA:0,(anonymous_9)
FNDA:0,(anonymous_10)
DA:1,0
DA:20,0
DA:21,0
DA:24,0
DA:38,0
DA:39,0
DA:44,0
DA:50,0
DA:51,0
DA:54,0
DA:58,0
DA:64,0
DA:65,0
DA:68,0
DA:72,0
DA:79,0
DA:80,0
DA:83,0
DA:87,0
DA:93,0
DA:94,0
DA:97,0
DA:101,0
LF:23
LH:0
BRDA:38,0,0,0
BRDA:38,0,1,0
BRDA:50,1,0,0
BRDA:50,1,1,0
BRDA:50,2,0,0
BRDA:50,2,1,0
BRDA:64,3,0,0
BRDA:64,3,1,0
BRDA:68,4,0,0
BRDA:68,4,1,0
BRDA:79,5,0,0
BRDA:79,5,1,0
BRDA:83,6,0,0
BRDA:83,6,1,0
BRDA:93,7,0,0
BRDA:93,7,1,0
BRDA:97,8,0,0
BRDA:97,8,1,0
BRDA:107,9,0,0
BRDA:107,9,1,0
BRF:20
BRH:0
end_of_record
TN:
SF:src/infrastructure/repositories/user.supabase.repository.ts
FN:27,(anonymous_1)
FN:34,(anonymous_2)
FN:51,(anonymous_3)
FN:68,(anonymous_4)
FN:85,(anonymous_5)
FN:95,(anonymous_6)
FN:101,(anonymous_7)
FN:120,(anonymous_8)
FN:140,(anonymous_9)
FN:154,(anonymous_10)
FN:164,(anonymous_11)
FN:170,(anonymous_12)
FN:180,(anonymous_13)
FN:186,(anonymous_14)
FN:196,(anonymous_15)
FN:202,(anonymous_16)
FN:218,(anonymous_17)
FN:234,(anonymous_18)
FN:257,(anonymous_19)
FNF:19
FNH:12
FNDA:15,(anonymous_1)
FNDA:3,(anonymous_2)
FNDA:2,(anonymous_3)
FNDA:2,(anonymous_4)
FNDA:1,(anonymous_5)
FNDA:2,(anonymous_6)
FNDA:2,(anonymous_7)
FNDA:1,(anonymous_8)
FNDA:0,(anonymous_9)
FNDA:0,(anonymous_10)
FNDA:0,(anonymous_11)
FNDA:0,(anonymous_12)
FNDA:0,(anonymous_13)
FNDA:0,(anonymous_14)
FNDA:0,(anonymous_15)
FNDA:1,(anonymous_16)
FNDA:2,(anonymous_17)
FNDA:7,(anonymous_18)
FNDA:3,(anonymous_19)
DA:1,2
DA:26,15
DA:28,15
DA:35,3
DA:41,3
DA:42,2
DA:45,1
DA:52,2
DA:58,2
DA:59,1
DA:62,1
DA:69,2
DA:75,2
DA:76,1
DA:79,1
DA:86,1
DA:91,1
DA:92,0
DA:95,2
DA:102,2
DA:104,2
DA:110,2
DA:111,1
DA:114,1
DA:121,1
DA:123,1
DA:130,1
DA:131,0
DA:134,1
DA:141,0
DA:146,0
DA:147,0
DA:155,0
DA:160,0
DA:161,0
DA:164,0
DA:171,0
DA:176,0
DA:177,0
DA:180,0
DA:187,0
DA:192,0
DA:193,0
DA:196,0
DA:203,1
DA:208,1
DA:209,0
DA:212,1
DA:219,2
DA:224,2
DA:225,0
DA:228,2
DA:235,7
DA:258,3
LF:54
LH:35
BRDA:41,0,0,2
BRDA:41,0,1,1
BRDA:41,1,0,3
BRDA:41,1,1,2
BRDA:58,2,0,1
BRDA:58,2,1,1
BRDA:58,3,0,2
BRDA:58,3,1,2
BRDA:75,4,0,1
BRDA:75,4,1,1
BRDA:75,5,0,2
BRDA:75,5,1,2
BRDA:91,6,0,0
BRDA:91,6,1,1
BRDA:91,7,0,1
BRDA:91,7,1,1
BRDA:110,8,0,1
BRDA:110,8,1,1
BRDA:130,9,0,0
BRDA:130,9,1,1
BRDA:146,10,0,0
BRDA:146,10,1,0
BRDA:160,11,0,0
BRDA:160,11,1,0
BRDA:160,12,0,0
BRDA:160,12,1,0
BRDA:176,13,0,0
BRDA:176,13,1,0
BRDA:176,14,0,0
BRDA:176,14,1,0
BRDA:192,15,0,0
BRDA:192,15,1,0
BRDA:192,16,0,0
BRDA:192,16,1,0
BRDA:208,17,0,0
BRDA:208,17,1,1
BRDA:212,18,0,1
BRDA:212,18,1,0
BRDA:224,19,0,0
BRDA:224,19,1,2
BRDA:228,20,0,2
BRDA:228,20,1,1
BRDA:242,21,0,0
BRDA:242,21,1,7
BRDA:245,22,0,0
BRDA:245,22,1,7
BRDA:247,23,0,0
BRDA:247,23,1,7
BRDA:265,24,0,3
BRDA:265,24,1,3
BRDA:268,25,0,3
BRDA:268,25,1,3
BRDA:270,26,0,3
BRDA:270,26,1,3
BRF:54
BRH:32
end_of_record
TN:
SF:src/infrastructure/repositories/in-memory/check-in.repository.ts
FN:8,(anonymous_1)
FN:12,(anonymous_2)
FN:14,(anonymous_3)
FN:17,(anonymous_4)
FN:20,(anonymous_5)
FN:24,(anonymous_6)
FN:27,(anonymous_7)
FN:31,(anonymous_8)
FN:33,(anonymous_9)
FN:41,(anonymous_10)
FN:45,(anonymous_11)
FN:50,(anonymous_12)
FN:54,(anonymous_13)
FNF:13
FNH:0
FNDA:0,(anonymous_1)
FNDA:0,(anonymous_2)
FNDA:0,(anonymous_3)
FNDA:0,(anonymous_4)
FNDA:0,(anonymous_5)
FNDA:0,(anonymous_6)
FNDA:0,(anonymous_7)
FNDA:0,(anonymous_8)
FNDA:0,(anonymous_9)
FNDA:0,(anonymous_10)
FNDA:0,(anonymous_11)
FNDA:0,(anonymous_12)
FNDA:0,(anonymous_13)
DA:5,0
DA:6,0
DA:9,0
DA:13,0
DA:14,0
DA:18,0
DA:19,0
DA:20,0
DA:25,0
DA:26,0
DA:27,0
DA:32,0
DA:33,0
DA:34,0
DA:35,0
DA:36,0
DA:37,0
DA:42,0
DA:46,0
DA:51,0
DA:55,0
LF:21
LH:0
BRDA:9,0,0,0
BRDA:9,0,1,0
BRDA:14,1,0,0
BRDA:14,1,1,0
BRDA:20,2,0,0
BRDA:20,2,1,0
BRDA:26,3,0,0
BRDA:26,3,1,0
BRDA:27,4,0,0
BRDA:27,4,1,0
BRDA:37,5,0,0
BRDA:37,5,1,0
BRF:12
BRH:0
end_of_record
TN:
SF:src/infrastructure/repositories/in-memory/device.repository.ts
FN:7,(anonymous_1)
FN:11,(anonymous_2)
FN:13,(anonymous_3)
FN:16,(anonymous_4)
FN:18,(anonymous_5)
FN:21,(anonymous_6)
FN:23,(anonymous_7)
FN:24,(anonymous_8)
FN:27,(anonymous_9)
FN:31,(anonymous_10)
FN:35,(anonymous_11)
FN:40,(anonymous_12)
FN:44,(anonymous_13)
FNF:13
FNH:0
FNDA:0,(anonymous_1)
FNDA:0,(anonymous_2)
FNDA:0,(anonymous_3)
FNDA:0,(anonymous_4)
FNDA:0,(anonymous_5)
FNDA:0,(anonymous_6)
FNDA:0,(anonymous_7)
FNDA:0,(anonymous_8)
FNDA:0,(anonymous_9)
FNDA:0,(anonymous_10)
FNDA:0,(anonymous_11)
FNDA:0,(anonymous_12)
FNDA:0,(anonymous_13)
DA:4,0
DA:5,0
DA:8,0
DA:12,0
DA:13,0
DA:17,0
DA:18,0
DA:22,0
DA:23,0
DA:24,0
DA:28,0
DA:32,0
DA:36,0
DA:41,0
DA:45,0
LF:15
LH:0
BRDA:8,0,0,0
BRDA:8,0,1,0
BRDA:12,1,0,0
BRDA:12,1,1,0
BRF:4
BRH:0
end_of_record
TN:
SF:src/infrastructure/repositories/in-memory/reservation.repository.ts
FN:8,(anonymous_1)
FN:12,(anonymous_2)
FN:14,(anonymous_3)
FN:17,(anonymous_4)
FN:19,(anonymous_5)
FN:22,(anonymous_6)
FN:24,(anonymous_7)
FN:27,(anonymous_8)
FN:29,(anonymous_9)
FN:35,(anonymous_10)
FN:37,(anonymous_11)
FN:44,(anonymous_12)
FN:50,(anonymous_13)
FN:62,(anonymous_14)
FN:68,(anonymous_15)
FN:80,(anonymous_16)
FN:85,(anonymous_17)
FN:91,(anonymous_18)
FN:96,(anonymous_19)
FN:101,(anonymous_20)
FN:106,(anonymous_21)
FN:110,(anonymous_22)
FNF:22
FNH:0
FNDA:0,(anonymous_1)
FNDA:0,(anonymous_2)
FNDA:0,(anonymous_3)
FNDA:0,(anonymous_4)
FNDA:0,(anonymous_5)
FNDA:0,(anonymous_6)
FNDA:0,(anonymous_7)
FNDA:0,(anonymous_8)
FNDA:0,(anonymous_9)
FNDA:0,(anonymous_10)
FNDA:0,(anonymous_11)
FNDA:0,(anonymous_12)
FNDA:0,(anonymous_13)
FNDA:0,(anonymous_14)
FNDA:0,(anonymous_15)
FNDA:0,(anonymous_16)
FNDA:0,(anonymous_17)
FNDA:0,(anonymous_18)
FNDA:0,(anonymous_19)
FNDA:0,(anonymous_20)
FNDA:0,(anonymous_21)
FNDA:0,(anonymous_22)
DA:5,0
DA:6,0
DA:9,0
DA:13,0
DA:14,0
DA:18,0
DA:19,0
DA:23,0
DA:24,0
DA:28,0
DA:30,0
DA:36,0
DA:38,0
DA:49,0
DA:51,0
DA:52,0
DA:54,0
DA:55,0
DA:58,0
DA:67,0
DA:69,0
DA:70,0
DA:72,0
DA:73,0
DA:76,0
DA:84,0
DA:86,0
DA:87,0
DA:92,0
DA:93,0
DA:97,0
DA:98,0
DA:102,0
DA:107,0
DA:111,0
LF:35
LH:0
BRDA:9,0,0,0
BRDA:9,0,1,0
BRDA:30,1,0,0
BRDA:30,1,1,0
BRDA:38,2,0,0
BRDA:38,2,1,0
BRDA:38,2,2,0
BRDA:51,3,0,0
BRDA:51,3,1,0
BRDA:52,4,0,0
BRDA:52,4,1,0
BRDA:58,5,0,0
BRDA:58,5,1,0
BRDA:69,6,0,0
BRDA:69,6,1,0
BRDA:70,7,0,0
BRDA:70,7,1,0
BRDA:76,8,0,0
BRDA:76,8,1,0
BRDA:87,9,0,0
BRDA:87,9,1,0
BRF:21
BRH:0
end_of_record
TN:
SF:src/infrastructure/seeds/index.ts
FN:10,seedAll
FNF:1
FNH:0
FNDA:0,seedAll
DA:3,0
DA:10,0
DA:11,0
DA:13,0
DA:15,0
DA:22,0
DA:24,0
DA:25,0
DA:32,0
LF:9
LH:0
BRF:0
BRH:0
end_of_record
TN:
SF:src/infrastructure/seeds/superadmin.seed.ts
FN:11,seedSuperAdmins
FN:149,removeSuperAdminSeeds
FNF:2
FNH:0
FNDA:0,seedSuperAdmins
FNDA:0,removeSuperAdminSeeds
DA:3,0
DA:11,0
DA:12,0
DA:15,0
DA:30,0
DA:31,0
DA:33,0
DA:41,0
DA:42,0
DA:43,0
DA:46,0
DA:47,0
DA:52,0
DA:53,0
DA:54,0
DA:56,0
DA:60,0
DA:61,0
DA:63,0
DA:79,0
DA:80,0
DA:81,0
DA:84,0
DA:85,0
DA:89,0
DA:95,0
DA:96,0
DA:98,0
DA:115,0
DA:116,0
DA:117,0
DA:120,0
DA:122,0
DA:127,0
DA:132,0
DA:133,0
DA:136,0
DA:139,0
DA:140,0
DA:149,0
DA:150,0
DA:152,0
DA:154,0
DA:155,0
DA:157,0
DA:163,0
DA:165,0
DA:171,0
DA:176,0
DA:180,0
DA:182,0
DA:183,0
LF:52
LH:0
BRDA:41,0,0,0
BRDA:41,0,1,0
BRDA:46,1,0,0
BRDA:46,1,1,0
BRDA:52,2,0,0
BRDA:52,2,1,0
BRDA:79,3,0,0
BRDA:79,3,1,0
BRDA:95,4,0,0
BRDA:95,4,1,0
BRDA:115,5,0,0
BRDA:115,5,1,0
BRDA:132,6,0,0
BRDA:132,6,1,0
BRDA:132,7,0,0
BRDA:132,7,1,0
BRDA:163,8,0,0
BRDA:163,8,1,0
BRF:18
BRH:0
end_of_record
TN:
SF:src/infrastructure/services/google-auth.service.ts
FN:12,(anonymous_1)
FN:25,(anonymous_2)
FN:64,(anonymous_3)
FN:97,(anonymous_4)
FN:107,(anonymous_5)
FN:123,(anonymous_6)
FNF:6
FNH:2
FNDA:1,(anonymous_1)
FNDA:1,(anonymous_2)
FNDA:0,(anonymous_3)
FNDA:0,(anonymous_4)
FNDA:0,(anonymous_5)
FNDA:0,(anonymous_6)
DA:1,1
DA:9,1
DA:13,1
DA:14,1
DA:16,1
DA:26,1
DA:28,1
DA:33,1
DA:35,1
DA:36,0
DA:40,1
DA:41,0
DA:45,1
DA:54,0
DA:55,0
DA:57,0
DA:65,0
DA:67,0
DA:73,0
DA:74,0
DA:77,0
DA:79,0
DA:87,0
DA:88,0
DA:90,0
DA:98,0
DA:108,0
DA:128,0
DA:129,0
DA:134,0
DA:135,0
DA:138,0
DA:144,0
DA:145,0
DA:147,0
LF:35
LH:11
BRDA:35,0,0,0
BRDA:35,0,1,1
BRDA:40,1,0,0
BRDA:40,1,1,1
BRDA:40,2,0,1
BRDA:40,2,1,1
BRDA:48,3,0,1
BRDA:48,3,1,1
BRDA:50,4,0,1
BRDA:50,4,1,0
BRDA:54,5,0,0
BRDA:54,5,1,0
BRDA:73,6,0,0
BRDA:73,6,1,0
BRDA:82,7,0,0
BRDA:82,7,1,0
BRDA:84,8,0,0
BRDA:84,8,1,0
BRDA:87,9,0,0
BRDA:87,9,1,0
BRDA:134,10,0,0
BRDA:134,10,1,0
BRDA:134,11,0,0
BRDA:134,11,1,0
BRDA:141,12,0,0
BRDA:141,12,1,0
BRDA:144,13,0,0
BRDA:144,13,1,0
BRF:28
BRH:7
end_of_record
TN:
SF:src/infrastructure/services/jwt-token.service.ts
FN:9,(anonymous_2)
FN:18,(anonymous_3)
FN:41,(anonymous_4)
FN:42,(anonymous_5)
FN:55,(anonymous_6)
FN:77,(anonymous_7)
FN:78,(anonymous_8)
FN:91,(anonymous_9)
FN:98,(anonymous_10)
FN:121,(anonymous_11)
FN:140,(anonymous_12)
FN:160,(anonymous_13)
FN:178,(anonymous_14)
FN:191,(anonymous_15)
FNF:14
FNH:14
FNDA:20,(anonymous_2)
FNDA:8,(anonymous_3)
FNDA:8,(anonymous_4)
FNDA:7,(anonymous_5)
FNDA:8,(anonymous_6)
FNDA:8,(anonymous_7)
FNDA:7,(anonymous_8)
FNDA:5,(anonymous_9)
FNDA:2,(anonymous_10)
FNDA:2,(anonymous_11)
FNDA:2,(anonymous_12)
FNDA:1,(anonymous_13)
FNDA:2,(anonymous_14)
FNDA:1,(anonymous_15)
DA:1,2
DA:8,20
DA:10,20
DA:11,20
DA:12,20
DA:22,8
DA:23,8
DA:26,8
DA:33,8
DA:39,8
DA:41,8
DA:42,8
DA:43,7
DA:44,0
DA:46,7
DA:59,8
DA:60,8
DA:63,8
DA:69,8
DA:75,8
DA:77,8
DA:78,8
DA:79,7
DA:80,2
DA:82,5
DA:92,5
DA:104,2
DA:112,2
DA:125,2
DA:131,2
DA:148,2
DA:150,2
DA:151,1
DA:154,1
DA:166,1
DA:168,1
DA:169,0
DA:172,1
DA:179,2
DA:181,2
DA:182,1
DA:185,1
DA:192,1
DA:194,1
DA:195,1
DA:198,0
LF:46
LH:43
BRDA:12,0,0,3
BRDA:22,1,0,8
BRDA:22,1,1,1
BRDA:23,2,0,3
BRDA:23,2,1,5
BRDA:29,3,0,3
BRDA:29,3,1,5
BRDA:43,4,0,0
BRDA:43,4,1,7
BRDA:43,5,0,7
BRDA:43,5,1,7
BRDA:44,6,0,0
BRDA:44,6,1,0
BRDA:59,7,0,8
BRDA:59,7,1,3
BRDA:60,8,0,2
BRDA:60,8,1,6
BRDA:79,9,0,2
BRDA:79,9,1,5
BRDA:150,10,0,1
BRDA:150,10,1,1
BRDA:150,11,0,2
BRDA:150,11,1,2
BRDA:150,11,2,1
BRDA:150,11,3,1
BRDA:168,12,0,0
BRDA:168,12,1,1
BRDA:168,13,0,1
BRDA:168,13,1,1
BRDA:181,14,0,1
BRDA:181,14,1,1
BRDA:181,15,0,2
BRDA:181,15,1,2
BRDA:194,16,0,1
BRDA:194,16,1,0
BRDA:194,17,0,1
BRDA:194,17,1,1
BRF:37
BRH:32
end_of_record
TN:
SF:src/test-utils/index.ts
FNF:0
FNH:0
DA:1,0
DA:2,0
DA:3,0
DA:4,0
LF:4
LH:0
BRF:0
BRH:0
end_of_record
TN:
SF:src/test-utils/kst-time.ts
FN:6,createKSTDate
FN:10,formatTestTime
FN:39,isWithin24Hours
FNF:3
FNH:0
FNDA:0,createKSTDate
FNDA:0,formatTestTime
FNDA:0,isWithin24Hours
DA:6,0
DA:7,0
DA:10,0
DA:11,0
DA:12,0
DA:14,0
DA:17,0
DA:30,0
DA:39,0
DA:40,0
DA:41,0
DA:42,0
LF:12
LH:0
BRDA:6,0,0,0
BRDA:11,1,0,0
BRDA:11,1,1,0
BRDA:11,2,0,0
BRDA:11,2,1,0
BRDA:39,3,0,0
BRF:6
BRH:0
end_of_record
TN:
SF:src/test-utils/mock-data.ts
FN:60,(anonymous_8)
FNF:1
FNH:0
FNDA:0,(anonymous_8)
DA:1,0
DA:11,0
DA:19,0
DA:27,0
DA:40,0
DA:48,0
DA:60,0
DA:61,0
DA:62,0
DA:63,0
LF:10
LH:0
BRDA:60,0,0,0
BRF:1
BRH:0
end_of_record
TN:
SF:src/test-utils/render.tsx
FN:9,createTestQueryClient
FN:24,renderWithProviders
FN:31,Wrapper
FNF:3
FNH:0
FNDA:0,createTestQueryClient
FNDA:0,renderWithProviders
FNDA:0,Wrapper
DA:1,0
DA:2,0
DA:3,0
DA:10,0
DA:24,0
DA:39,0
DA:46,0
LF:7
LH:0
BRDA:26,0,0,0
BRDA:27,1,0,0
BRF:2
BRH:0
end_of_record
TN:
SF:src/test-utils/supabase.ts
FN:3,createMockSupabaseClient
FN:15,(anonymous_5)
FN:46,(anonymous_6)
FN:55,mockSupabaseResponse
FN:59,createAuthenticatedSupabaseClient
FNF:5
FNH:1
FNDA:7,createMockSupabaseClient
FNDA:0,(anonymous_5)
FNDA:0,(anonymous_6)
FNDA:0,mockSupabaseResponse
FNDA:0,createAuthenticatedSupabaseClient
DA:3,7
DA:4,7
DA:15,0
DA:46,0
DA:55,0
DA:56,0
DA:59,0
DA:67,0
DA:69,0
DA:81,0
DA:86,0
LF:11
LH:2
BRDA:55,0,0,0
BRDA:59,1,0,0
BRF:2
BRH:0
end_of_record
